Log file open, 04/02/19 23:18:50
LogWindows: Failed to load 'aqProf.dll' (GetLastError=126)
LogWindows: File 'aqProf.dll' does not exist
LogWindows: Failed to load 'VtuneApi.dll' (GetLastError=126)
LogWindows: File 'VtuneApi.dll' does not exist
LogWindows: Failed to load 'VtuneApi32e.dll' (GetLastError=126)
LogWindows: File 'VtuneApi32e.dll' does not exist
LogConsoleResponse: Display: Failed to find resolution value strings in scalability ini. Falling back to default.
LogInit: Display: Running engine for game: TanksGrounds
LogPakFile: Registered encryption key '00000000000000000000000000000000': 0 pak files mounted, 0 remain pending
LogPlatformFile: Not using cached read wrapper
LogTaskGraph: Started task graph with 5 named threads and 14 total threads with 3 sets of task threads.
LogStats: Stats thread started at 0.220581
LogD3D11RHI: Loaded GFSDK_Aftermath_Lib.x64.dll
LogWindows: Failed to load '../../../Engine/Binaries/ThirdParty/libsndfile/Win64/libsndfile-1.dll' (GetLastError=126)
LogWindows: File '../../../Engine/Binaries/ThirdParty/libsndfile/Win64/libsndfile-1.dll' does not exist
LogAudioMixer: Display: Failed to load Sound File dll
LogAudioEditor: Display: LibSoundFile failed to load. Importing audio will not work correctly.
LogICUInternationalization: ICU TimeZone Detection - Raw Offset: -5:00, Platform Override: ''
LogPluginManager: Mounting plugin Paper2D
LogPluginManager: Mounting plugin AISupport
LogPluginManager: Mounting plugin LightPropagationVolume
LogPluginManager: Mounting plugin ActorLayerUtilities
LogPluginManager: Mounting plugin AnimationSharing
LogPluginManager: Mounting plugin CLionSourceCodeAccess
LogPluginManager: Mounting plugin CodeLiteSourceCodeAccess
LogPluginManager: Mounting plugin GitSourceControl
LogPluginManager: Mounting plugin KDevelopSourceCodeAccess
LogPluginManager: Mounting plugin NullSourceCodeAccess
LogPluginManager: Mounting plugin PerforceSourceControl
LogPluginManager: Mounting plugin SubversionSourceControl
LogPluginManager: Mounting plugin UObjectPlugin
LogPluginManager: Mounting plugin VisualStudioCodeSourceCodeAccess
LogPluginManager: Mounting plugin VisualStudioSourceCodeAccess
LogPluginManager: Mounting plugin XCodeSourceCodeAccess
LogPluginManager: Mounting plugin AssetManagerEditor
LogPluginManager: Mounting plugin CryptoKeys
LogPluginManager: Mounting plugin DataValidation
LogPluginManager: Mounting plugin FacialAnimation
LogPluginManager: Mounting plugin GameplayTagsEditor
LogPluginManager: Mounting plugin MacGraphicsSwitching
LogPluginManager: Mounting plugin MaterialAnalyzer
LogPluginManager: Mounting plugin MobileLauncherProfileWizard
LogPluginManager: Mounting plugin PluginBrowser
LogPluginManager: Mounting plugin SpeedTreeImporter
LogPluginManager: Mounting plugin DatasmithContent
LogPluginManager: Mounting plugin VariantManagerContent
LogPluginManager: Mounting plugin AlembicImporter
LogPluginManager: Mounting plugin AppleImageUtils
LogPluginManager: Mounting plugin AppleVision
LogPluginManager: Mounting plugin BackChannel
LogPluginManager: Mounting plugin CharacterAI
LogPluginManager: Mounting plugin GeometryCache
LogPluginManager: Mounting plugin HTML5Networking
LogPluginManager: Mounting plugin ProxyLODPlugin
LogPluginManager: Mounting plugin SkeletalReduction
LogPluginManager: Mounting plugin MagicLeap
LogPluginManager: Mounting plugin MagicLeapMedia
LogPluginManager: Mounting plugin AndroidMedia
LogPluginManager: Mounting plugin AvfMedia
LogPluginManager: Mounting plugin ImgMedia
LogPluginManager: Mounting plugin LinearTimecode
LogPluginManager: Mounting plugin MediaCompositing
LogPluginManager: Mounting plugin MediaPlayerEditor
LogPluginManager: Mounting plugin WebMMedia
LogPluginManager: Mounting plugin WmfMedia
LogPluginManager: Mounting plugin TcpMessaging
LogPluginManager: Mounting plugin UdpMessaging
LogPluginManager: Mounting plugin ActorSequence
LogPluginManager: Mounting plugin LevelSequenceEditor
LogPluginManager: Mounting plugin MatineeToLevelSequence
LogPluginManager: Mounting plugin NetcodeUnitTest
LogPluginManager: Mounting plugin NUTUnrealEngine4
LogPluginManager: Mounting plugin OnlineSubsystemGooglePlay
LogPluginManager: Mounting plugin OnlineSubsystemIOS
LogPluginManager: Mounting plugin OnlineSubsystem
LogPluginManager: Mounting plugin OnlineSubsystemNull
LogPluginManager: Mounting plugin OnlineSubsystemUtils
LogPluginManager: Mounting plugin LauncherChunkInstaller
LogPluginManager: Mounting plugin AndroidDeviceProfileSelector
LogPluginManager: Mounting plugin AndroidMoviePlayer
LogPluginManager: Mounting plugin AndroidPermission
LogPluginManager: Mounting plugin AppleMoviePlayer
LogPluginManager: Mounting plugin ArchVisCharacter
LogPluginManager: Mounting plugin AudioCapture
LogPluginManager: Mounting plugin CableComponent
LogPluginManager: Mounting plugin CustomMeshComponent
LogPluginManager: Mounting plugin EditableMesh
LogPluginManager: Mounting plugin ExampleDeviceProfileSelector
LogPluginManager: Mounting plugin Firebase
LogPluginManager: Mounting plugin GoogleCloudMessaging
LogPluginManager: Mounting plugin IOSDeviceProfileSelector
LogPluginManager: Mounting plugin LinuxDeviceProfileSelector
LogPluginManager: Mounting plugin LocationServicesBPLibrary
LogPluginManager: Mounting plugin MobilePatchingUtils
LogPluginManager: Mounting plugin OculusVR
LogPluginManager: Mounting plugin PhysXVehicles
LogPluginManager: Mounting plugin ProceduralMeshComponent
LogPluginManager: Mounting plugin RuntimePhysXCooking
LogPluginManager: Mounting plugin SignificanceManager
LogPluginManager: Mounting plugin SteamVR
LogPluginManager: Mounting plugin WebMMoviePlayer
LogPluginManager: Mounting plugin WindowsMoviePlayer
LogInit: Using libcurl 7.55.1-DEV
LogInit:  - built for x86_64-pc-win32
LogInit:  - supports SSL with OpenSSL/1.1.1
LogInit:  - supports HTTP deflate (compression) using libz 1.2.8
LogInit:  - other features:
LogInit:      CURL_VERSION_SSL
LogInit:      CURL_VERSION_LIBZ
LogInit:      CURL_VERSION_IPV6
LogInit:      CURL_VERSION_ASYNCHDNS
LogInit:      CURL_VERSION_LARGEFILE
LogInit:      CURL_VERSION_IDN
LogInit:  CurlRequestOptions (configurable via config and command line):
LogInit:  - bVerifyPeer = true  - Libcurl will verify peer certificate
LogInit:  - bUseHttpProxy = false  - Libcurl will NOT use HTTP proxy
LogInit:  - bDontReuseConnections = false  - Libcurl will reuse connections
LogInit:  - MaxHostConnections = 16  - Libcurl will limit the number of connections to a host
LogInit:  - LocalHostAddr = Default
LogInit:  - BufferSize = 65536
LogInit: WinSock: version 1.1 (2.2), MaxSocks=32767, MaxUdp=65467
LogInit: Build: ++UE4+Release-4.22-CL-5660361
LogInit: Engine Version: 4.22.0-5660361+++UE4+Release-4.22
LogInit: Compatible Engine Version: 4.22.0-5660361+++UE4+Release-4.22
LogInit: Net CL: 5660361
LogInit: OS: Windows 10 (Release 1803) (), CPU: Intel(R) Core(TM) i5-4460  CPU @ 3.20GHz, GPU: NVIDIA GeForce GTX 1060 6GB
LogInit: Compiled (64-bit): Mar 31 2019 02:05:09
LogInit: Compiled with Visual C++: 19.16.27025.01
LogInit: Build Configuration: Development
LogInit: Branch Name: ++UE4+Release-4.22
LogInit: Command Line:  -EpicPortal -epicusername=palicron -epicuserid=6089e4eb8d134ccd816bd14db529dcb6 -epiclocale=en-US
LogInit: Base Directory: C:/Program Files/Epic Games/UE_4.22/Engine/Binaries/Win64/
LogInit: Installed Engine Build: 1
LogDevObjectVersion: Number of dev versions registered: 23
LogDevObjectVersion:   Dev-Blueprints (B0D832E4-1F89-4F0D-ACCF-7EB736FD4AA2): 10
LogDevObjectVersion:   Dev-Build (E1C64328-A22C-4D53-A36C-8E866417BD8C): 0
LogDevObjectVersion:   Dev-Core (375EC13C-06E4-48FB-B500-84F0262A717E): 3
LogDevObjectVersion:   Dev-Editor (E4B068ED-F494-42E9-A231-DA0B2E46BB41): 30
LogDevObjectVersion:   Dev-Framework (CFFC743F-43B0-4480-9391-14DF171D2073): 35
LogDevObjectVersion:   Dev-Mobile (B02B49B5-BB20-44E9-A304-32B752E40360): 2
LogDevObjectVersion:   Dev-Networking (A4E4105C-59A1-49B5-A7C5-40C4547EDFEE): 0
LogDevObjectVersion:   Dev-Online (39C831C9-5AE6-47DC-9A44-9C173E1C8E7C): 0
LogDevObjectVersion:   Dev-Physics (78F01B33-EBEA-4F98-B9B4-84EACCB95AA2): 0
LogDevObjectVersion:   Dev-Platform (6631380F-2D4D-43E0-8009-CF276956A95A): 0
LogDevObjectVersion:   Dev-Rendering (12F88B9F-8875-4AFC-A67C-D90C383ABD29): 28
LogDevObjectVersion:   Dev-Sequencer (7B5AE74C-D270-4C10-A958-57980B212A5A): 11
LogDevObjectVersion:   Dev-VR (D7296918-1DD6-4BDD-9DE2-64A83CC13884): 2
LogDevObjectVersion:   Dev-LoadTimes (C2A15278-BFE7-4AFE-6C17-90FF531DF755): 1
LogDevObjectVersion:   Private-Geometry (6EACA3D4-40EC-4CC1-B786-8BED09428FC5): 3
LogDevObjectVersion:   Dev-AnimPhys (29E575DD-E0A3-4627-9D10-D276232CDCEA): 17
LogDevObjectVersion:   Dev-Anim (AF43A65D-7FD3-4947-9873-3E8ED9C1BB05): 2
LogDevObjectVersion:   Dev-ReflectionCapture (6B266CEC-1EC7-4B8F-A30B-E4D90942FC07): 1
LogDevObjectVersion:   Dev-Automation (0DF73D61-A23F-47EA-B727-89E90C41499A): 1
LogDevObjectVersion:   FortniteMain (601D1886-AC64-4F84-AA16-D3DE0DEAC7D6): 25
LogDevObjectVersion:   Dev-Enterprise (9DFFBCD6-494F-0158-E221-12823C92A888): 6
LogDevObjectVersion:   Dev-Niagara (F2AED0AC-9AFE-416F-8664-AA7FFA26D6FC): 1
LogDevObjectVersion:   Dev-Destruction (174F1F0B-B4C6-45A5-B13F-2EE8D0FB917D): 2
LogInit: Presizing for max 16777216 objects, including 0 objects not considered by GC, pre-allocating 0 bytes for permanent pool.
LogInit: Object subsystem initialized
LogConfig: Setting CVar [[con.DebugEarlyDefault:1]]
LogConfig: Setting CVar [[r.setres:1280x720]]
[2019.04.03-04.18.50:814][  0]LogConfig: Setting CVar [[r.VSync:0]]
[2019.04.03-04.18.50:814][  0]LogConfig: Setting CVar [[r.RHICmdBypass:0]]
[2019.04.03-04.18.50:814][  0]LogConfig: Applying CVar settings from Section [/Script/Engine.RendererSettings] File [E:/Unreal Proyects/Curso/Seecion04_Battle_tank/TanksGrounds/Saved/Config/Windows/Engine.ini]
[2019.04.03-04.18.50:814][  0]LogConfig: Setting CVar [[r.GPUCrashDebugging:0]]
[2019.04.03-04.18.50:814][  0]LogConfig: Setting CVar [[r.DefaultFeature.AutoExposure.ExtendDefaultLuminanceRange:1]]
[2019.04.03-04.18.50:814][  0]LogConfig: Applying CVar settings from Section [/Script/Engine.RendererOverrideSettings] File [E:/Unreal Proyects/Curso/Seecion04_Battle_tank/TanksGrounds/Saved/Config/Windows/Engine.ini]
[2019.04.03-04.18.50:814][  0]LogConfig: Applying CVar settings from Section [/Script/Engine.StreamingSettings] File [E:/Unreal Proyects/Curso/Seecion04_Battle_tank/TanksGrounds/Saved/Config/Windows/Engine.ini]
[2019.04.03-04.18.50:814][  0]LogConfig: Setting CVar [[s.MinBulkDataSizeForAsyncLoading:131072]]
[2019.04.03-04.18.50:814][  0]LogConfig: Setting CVar [[s.AsyncLoadingThreadEnabled:0]]
[2019.04.03-04.18.50:814][  0]LogConfig: Setting CVar [[s.EventDrivenLoaderEnabled:1]]
[2019.04.03-04.18.50:814][  0]LogConfig: Setting CVar [[s.WarnIfTimeLimitExceeded:0]]
[2019.04.03-04.18.50:814][  0]LogConfig: Setting CVar [[s.TimeLimitExceededMultiplier:1.5]]
[2019.04.03-04.18.50:814][  0]LogConfig: Setting CVar [[s.TimeLimitExceededMinTime:0.005]]
[2019.04.03-04.18.50:814][  0]LogConfig: Setting CVar [[s.UseBackgroundLevelStreaming:1]]
[2019.04.03-04.18.50:814][  0]LogConfig: Setting CVar [[s.PriorityAsyncLoadingExtraTime:15.0]]
[2019.04.03-04.18.50:814][  0]LogConfig: Setting CVar [[s.LevelStreamingActorsUpdateTimeLimit:5.0]]
[2019.04.03-04.18.50:814][  0]LogConfig: Setting CVar [[s.PriorityLevelStreamingActorsUpdateExtraTime:5.0]]
[2019.04.03-04.18.50:814][  0]LogConfig: Setting CVar [[s.LevelStreamingComponentsRegistrationGranularity:10]]
[2019.04.03-04.18.50:814][  0]LogConfig: Setting CVar [[s.UnregisterComponentsTimeLimit:1.0]]
[2019.04.03-04.18.50:814][  0]LogConfig: Setting CVar [[s.LevelStreamingComponentsUnregistrationGranularity:5]]
[2019.04.03-04.18.50:814][  0]LogConfig: Applying CVar settings from Section [/Script/Engine.GarbageCollectionSettings] File [E:/Unreal Proyects/Curso/Seecion04_Battle_tank/TanksGrounds/Saved/Config/Windows/Engine.ini]
[2019.04.03-04.18.50:814][  0]LogConfig: Setting CVar [[gc.MaxObjectsNotConsideredByGC:1]]
[2019.04.03-04.18.50:814][  0]LogConfig: Setting CVar [[gc.SizeOfPermanentObjectPool:0]]
[2019.04.03-04.18.50:814][  0]LogConfig: Setting CVar [[gc.FlushStreamingOnGC:0]]
[2019.04.03-04.18.50:814][  0]LogConfig: Setting CVar [[gc.NumRetriesBeforeForcingGC:10]]
[2019.04.03-04.18.50:814][  0]LogConfig: Setting CVar [[gc.AllowParallelGC:1]]
[2019.04.03-04.18.50:814][  0]LogConfig: Setting CVar [[gc.TimeBetweenPurgingPendingKillObjects:61.1]]
[2019.04.03-04.18.50:814][  0]LogConfig: Setting CVar [[gc.MaxObjectsInEditor:16777216]]
[2019.04.03-04.18.50:814][  0]LogConfig: Setting CVar [[gc.IncrementalBeginDestroyEnabled:1]]
[2019.04.03-04.18.50:814][  0]LogConfig: Setting CVar [[gc.CreateGCClusters:1]]
[2019.04.03-04.18.50:814][  0]LogConfig: Setting CVar [[gc.MinGCClusterSize:5]]
[2019.04.03-04.18.50:814][  0]LogConfig: Setting CVar [[gc.ActorClusteringEnabled:0]]
[2019.04.03-04.18.50:814][  0]LogConfig: Setting CVar [[gc.BlueprintClusteringEnabled:0]]
[2019.04.03-04.18.50:814][  0]LogConfig: Setting CVar [[gc.UseDisregardForGCOnDedicatedServers:0]]
[2019.04.03-04.18.50:814][  0]LogConfig: Applying CVar settings from Section [/Script/Engine.NetworkSettings] File [E:/Unreal Proyects/Curso/Seecion04_Battle_tank/TanksGrounds/Saved/Config/Windows/Engine.ini]
[2019.04.03-04.18.50:814][  0]LogConfig: Applying CVar settings from Section [/Script/UnrealEd.CookerSettings] File [E:/Unreal Proyects/Curso/Seecion04_Battle_tank/TanksGrounds/Saved/Config/Windows/Engine.ini]
[2019.04.03-04.18.50:820][  0]LogConfig: Applying CVar settings from Section [ViewDistanceQuality@3] File [E:/Unreal Proyects/Curso/Seecion04_Battle_tank/TanksGrounds/Saved/Config/Windows/Scalability.ini]
[2019.04.03-04.18.50:820][  0]LogConfig: Setting CVar [[r.SkeletalMeshLODBias:0]]
[2019.04.03-04.18.50:820][  0]LogConfig: Setting CVar [[r.ViewDistanceScale:1.0]]
[2019.04.03-04.18.50:820][  0]LogConfig: Applying CVar settings from Section [AntiAliasingQuality@3] File [E:/Unreal Proyects/Curso/Seecion04_Battle_tank/TanksGrounds/Saved/Config/Windows/Scalability.ini]
[2019.04.03-04.18.50:820][  0]LogConfig: Setting CVar [[r.PostProcessAAQuality:4]]
[2019.04.03-04.18.50:820][  0]LogConfig: Applying CVar settings from Section [ShadowQuality@3] File [E:/Unreal Proyects/Curso/Seecion04_Battle_tank/TanksGrounds/Saved/Config/Windows/Scalability.ini]
[2019.04.03-04.18.50:820][  0]LogConfig: Setting CVar [[r.LightFunctionQuality:1]]
[2019.04.03-04.18.50:820][  0]LogConfig: Setting CVar [[r.ShadowQuality:5]]
[2019.04.03-04.18.50:820][  0]LogConfig: Setting CVar [[r.Shadow.CSM.MaxCascades:10]]
[2019.04.03-04.18.50:821][  0]LogConfig: Setting CVar [[r.Shadow.MaxResolution:2048]]
[2019.04.03-04.18.50:821][  0]LogConfig: Setting CVar [[r.Shadow.MaxCSMResolution:2048]]
[2019.04.03-04.18.50:821][  0]LogConfig: Setting CVar [[r.Shadow.RadiusThreshold:0.01]]
[2019.04.03-04.18.50:821][  0]LogConfig: Setting CVar [[r.Shadow.DistanceScale:1.0]]
[2019.04.03-04.18.50:821][  0]LogConfig: Setting CVar [[r.Shadow.CSM.TransitionScale:1.0]]
[2019.04.03-04.18.50:821][  0]LogConfig: Setting CVar [[r.Shadow.PreShadowResolutionFactor:1.0]]
[2019.04.03-04.18.50:821][  0]LogConfig: Setting CVar [[r.DistanceFieldShadowing:1]]
[2019.04.03-04.18.50:821][  0]LogConfig: Setting CVar [[r.DistanceFieldAO:1]]
[2019.04.03-04.18.50:821][  0]LogConfig: Setting CVar [[r.AOQuality:2]]
[2019.04.03-04.18.50:821][  0]LogConfig: Setting CVar [[r.VolumetricFog:1]]
[2019.04.03-04.18.50:821][  0]LogConfig: Setting CVar [[r.VolumetricFog.GridPixelSize:8]]
[2019.04.03-04.18.50:821][  0]LogConfig: Setting CVar [[r.VolumetricFog.GridSizeZ:128]]
[2019.04.03-04.18.50:821][  0]LogConfig: Setting CVar [[r.VolumetricFog.HistoryMissSupersampleCount:4]]
[2019.04.03-04.18.50:821][  0]LogConfig: Setting CVar [[r.LightMaxDrawDistanceScale:1]]
[2019.04.03-04.18.50:821][  0]LogConfig: Setting CVar [[r.CapsuleShadows:1]]
[2019.04.03-04.18.50:821][  0]LogConfig: Applying CVar settings from Section [PostProcessQuality@3] File [E:/Unreal Proyects/Curso/Seecion04_Battle_tank/TanksGrounds/Saved/Config/Windows/Scalability.ini]
[2019.04.03-04.18.50:821][  0]LogConfig: Setting CVar [[r.MotionBlurQuality:4]]
[2019.04.03-04.18.50:821][  0]LogConfig: Setting CVar [[r.AmbientOcclusionMipLevelFactor:0.4]]
[2019.04.03-04.18.50:821][  0]LogConfig: Setting CVar [[r.AmbientOcclusionMaxQuality:100]]
[2019.04.03-04.18.50:821][  0]LogConfig: Setting CVar [[r.AmbientOcclusionLevels:-1]]
[2019.04.03-04.18.50:821][  0]LogConfig: Setting CVar [[r.AmbientOcclusionRadiusScale:1.0]]
[2019.04.03-04.18.50:821][  0]LogConfig: Setting CVar [[r.DepthOfFieldQuality:2]]
[2019.04.03-04.18.50:821][  0]LogConfig: Setting CVar [[r.RenderTargetPoolMin:400]]
[2019.04.03-04.18.50:821][  0]LogConfig: Setting CVar [[r.LensFlareQuality:2]]
[2019.04.03-04.18.50:821][  0]LogConfig: Setting CVar [[r.SceneColorFringeQuality:1]]
[2019.04.03-04.18.50:821][  0]LogConfig: Setting CVar [[r.EyeAdaptationQuality:2]]
[2019.04.03-04.18.50:821][  0]LogConfig: Setting CVar [[r.BloomQuality:5]]
[2019.04.03-04.18.50:821][  0]LogConfig: Setting CVar [[r.FastBlurThreshold:100]]
[2019.04.03-04.18.50:821][  0]LogConfig: Setting CVar [[r.Upscale.Quality:3]]
[2019.04.03-04.18.50:821][  0]LogConfig: Setting CVar [[r.Tonemapper.GrainQuantization:1]]
[2019.04.03-04.18.50:821][  0]LogConfig: Setting CVar [[r.LightShaftQuality:1]]
[2019.04.03-04.18.50:821][  0]LogConfig: Setting CVar [[r.Filter.SizeScale:1]]
[2019.04.03-04.18.50:821][  0]LogConfig: Setting CVar [[r.Tonemapper.Quality:5]]
[2019.04.03-04.18.50:821][  0]LogConfig: Setting CVar [[r.DOF.Gather.AccumulatorQuality:1        ; higher gathering accumulator quality]]
[2019.04.03-04.18.50:821][  0]LogConfig: Setting CVar [[r.DOF.Gather.PostfilterMethod:1          ; Median3x3 postfilering method]]
[2019.04.03-04.18.50:821][  0]LogConfig: Setting CVar [[r.DOF.Gather.EnableBokehSettings:0       ; no bokeh simulation when gathering]]
[2019.04.03-04.18.50:821][  0]LogConfig: Setting CVar [[r.DOF.Gather.RingCount:4                 ; medium number of samples when gathering]]
[2019.04.03-04.18.50:821][  0]LogConfig: Setting CVar [[r.DOF.Scatter.ForegroundCompositing:1    ; additive foreground scattering]]
[2019.04.03-04.18.50:821][  0]LogConfig: Setting CVar [[r.DOF.Scatter.BackgroundCompositing:2    ; additive background scattering]]
[2019.04.03-04.18.50:821][  0]LogConfig: Setting CVar [[r.DOF.Scatter.EnableBokehSettings:1      ; bokeh simulation when scattering]]
[2019.04.03-04.18.50:821][  0]LogConfig: Setting CVar [[r.DOF.Scatter.MaxSpriteRatio:0.1         ; only a maximum of 10% of scattered bokeh]]
[2019.04.03-04.18.50:821][  0]LogConfig: Setting CVar [[r.DOF.Recombine.Quality:1                ; cheap slight out of focus]]
[2019.04.03-04.18.50:821][  0]LogConfig: Setting CVar [[r.DOF.Recombine.EnableBokehSettings:0    ; no bokeh simulation on slight out of focus]]
[2019.04.03-04.18.50:821][  0]LogConfig: Setting CVar [[r.DOF.TemporalAAQuality:1                ; more stable temporal accumulation]]
[2019.04.03-04.18.50:821][  0]LogConfig: Setting CVar [[r.DOF.Kernel.MaxForegroundRadius:0.025]]
[2019.04.03-04.18.50:821][  0]LogConfig: Setting CVar [[r.DOF.Kernel.MaxBackgroundRadius:0.025]]
[2019.04.03-04.18.50:821][  0]LogConfig: Applying CVar settings from Section [TextureQuality@3] File [E:/Unreal Proyects/Curso/Seecion04_Battle_tank/TanksGrounds/Saved/Config/Windows/Scalability.ini]
[2019.04.03-04.18.50:821][  0]LogConfig: Setting CVar [[r.Streaming.MipBias:0]]
[2019.04.03-04.18.50:821][  0]LogConfig: Setting CVar [[r.Streaming.AmortizeCPUToGPUCopy:0]]
[2019.04.03-04.18.50:821][  0]LogConfig: Setting CVar [[r.Streaming.MaxNumTexturesToStreamPerFrame:0]]
[2019.04.03-04.18.50:821][  0]LogConfig: Setting CVar [[r.Streaming.Boost:1]]
[2019.04.03-04.18.50:821][  0]LogConfig: Setting CVar [[r.MaxAnisotropy:8]]
[2019.04.03-04.18.50:821][  0]LogConfig: Setting CVar [[r.Streaming.LimitPoolSizeToVRAM:0]]
[2019.04.03-04.18.50:821][  0]LogConfig: Setting CVar [[r.Streaming.PoolSize:1000]]
[2019.04.03-04.18.50:821][  0]LogConfig: Setting CVar [[r.Streaming.MaxEffectiveScreenSize:0]]
[2019.04.03-04.18.50:821][  0]LogConfig: Applying CVar settings from Section [EffectsQuality@3] File [E:/Unreal Proyects/Curso/Seecion04_Battle_tank/TanksGrounds/Saved/Config/Windows/Scalability.ini]
[2019.04.03-04.18.50:821][  0]LogConfig: Setting CVar [[r.TranslucencyLightingVolumeDim:64]]
[2019.04.03-04.18.50:821][  0]LogConfig: Setting CVar [[r.RefractionQuality:2]]
[2019.04.03-04.18.50:821][  0]LogConfig: Setting CVar [[r.SSR.Quality:3]]
[2019.04.03-04.18.50:821][  0]LogConfig: Setting CVar [[r.SceneColorFormat:4]]
[2019.04.03-04.18.50:821][  0]LogConfig: Setting CVar [[r.DetailMode:2]]
[2019.04.03-04.18.50:821][  0]LogConfig: Setting CVar [[r.TranslucencyVolumeBlur:1]]
[2019.04.03-04.18.50:821][  0]LogConfig: Setting CVar [[r.MaterialQualityLevel:1 ; High quality]]
[2019.04.03-04.18.50:821][  0]LogConfig: Setting CVar [[r.SSS.Scale:1]]
[2019.04.03-04.18.50:821][  0]LogConfig: Setting CVar [[r.SSS.SampleSet:2]]
[2019.04.03-04.18.50:821][  0]LogConfig: Setting CVar [[r.SSS.Quality:1]]
[2019.04.03-04.18.50:821][  0]LogConfig: Setting CVar [[r.SSS.HalfRes:1]]
[2019.04.03-04.18.50:821][  0]LogConfig: Setting CVar [[r.EmitterSpawnRateScale:1.0]]
[2019.04.03-04.18.50:821][  0]LogConfig: Setting CVar [[r.ParticleLightQuality:2]]
[2019.04.03-04.18.50:821][  0]LogConfig: Applying CVar settings from Section [FoliageQuality@3] File [E:/Unreal Proyects/Curso/Seecion04_Battle_tank/TanksGrounds/Saved/Config/Windows/Scalability.ini]
[2019.04.03-04.18.50:822][  0]LogConfig: Setting CVar [[foliage.DensityScale:1.0]]
[2019.04.03-04.18.50:822][  0]LogConfig: Setting CVar [[grass.DensityScale:1.0]]
[2019.04.03-04.18.50:822][  0]LogInit: Selected Device Profile: [Windows]
[2019.04.03-04.18.50:822][  0]LogInit: Applying CVar settings loaded from the selected device profile: [Windows]
[2019.04.03-04.18.50:834][  0]LogHAL: Display: Platform has ~ 12 GB [12764684288 / 17179869184 / 12], which maps to Larger [LargestMinGB=32, LargerMinGB=12, DefaultMinGB=8, SmallerMinGB=6, SmallestMinGB=0)
[2019.04.03-04.18.50:834][  0]LogConfig: Setting CVar [[r.Vulkan.UseRealUBs:0		; Required until we fix HLR fall-out]]
[2019.04.03-04.18.50:834][  0]LogInit: Going up to parent DeviceProfile []
[2019.04.03-04.18.50:834][  0]LogConfig: Applying CVar settings from Section [ViewDistanceQuality@3] File [E:/Unreal Proyects/Curso/Seecion04_Battle_tank/TanksGrounds/Saved/Config/Windows/Scalability.ini]
[2019.04.03-04.18.50:834][  0]LogConfig: Setting CVar [[r.SkeletalMeshLODBias:0]]
[2019.04.03-04.18.50:834][  0]LogConfig: Setting CVar [[r.ViewDistanceScale:1.0]]
[2019.04.03-04.18.50:834][  0]LogConfig: Applying CVar settings from Section [AntiAliasingQuality@3] File [E:/Unreal Proyects/Curso/Seecion04_Battle_tank/TanksGrounds/Saved/Config/Windows/Scalability.ini]
[2019.04.03-04.18.50:834][  0]LogConfig: Setting CVar [[r.PostProcessAAQuality:4]]
[2019.04.03-04.18.50:834][  0]LogConfig: Applying CVar settings from Section [ShadowQuality@3] File [E:/Unreal Proyects/Curso/Seecion04_Battle_tank/TanksGrounds/Saved/Config/Windows/Scalability.ini]
[2019.04.03-04.18.50:834][  0]LogConfig: Setting CVar [[r.LightFunctionQuality:1]]
[2019.04.03-04.18.50:834][  0]LogConfig: Setting CVar [[r.ShadowQuality:5]]
[2019.04.03-04.18.50:834][  0]LogConfig: Setting CVar [[r.Shadow.CSM.MaxCascades:10]]
[2019.04.03-04.18.50:834][  0]LogConfig: Setting CVar [[r.Shadow.MaxResolution:2048]]
[2019.04.03-04.18.50:834][  0]LogConfig: Setting CVar [[r.Shadow.MaxCSMResolution:2048]]
[2019.04.03-04.18.50:834][  0]LogConfig: Setting CVar [[r.Shadow.RadiusThreshold:0.01]]
[2019.04.03-04.18.50:834][  0]LogConfig: Setting CVar [[r.Shadow.DistanceScale:1.0]]
[2019.04.03-04.18.50:834][  0]LogConfig: Setting CVar [[r.Shadow.CSM.TransitionScale:1.0]]
[2019.04.03-04.18.50:834][  0]LogConfig: Setting CVar [[r.Shadow.PreShadowResolutionFactor:1.0]]
[2019.04.03-04.18.50:834][  0]LogConfig: Setting CVar [[r.DistanceFieldShadowing:1]]
[2019.04.03-04.18.50:834][  0]LogConfig: Setting CVar [[r.DistanceFieldAO:1]]
[2019.04.03-04.18.50:834][  0]LogConfig: Setting CVar [[r.AOQuality:2]]
[2019.04.03-04.18.50:834][  0]LogConfig: Setting CVar [[r.VolumetricFog:1]]
[2019.04.03-04.18.50:834][  0]LogConfig: Setting CVar [[r.VolumetricFog.GridPixelSize:8]]
[2019.04.03-04.18.50:834][  0]LogConfig: Setting CVar [[r.VolumetricFog.GridSizeZ:128]]
[2019.04.03-04.18.50:834][  0]LogConfig: Setting CVar [[r.VolumetricFog.HistoryMissSupersampleCount:4]]
[2019.04.03-04.18.50:834][  0]LogConfig: Setting CVar [[r.LightMaxDrawDistanceScale:1]]
[2019.04.03-04.18.50:834][  0]LogConfig: Setting CVar [[r.CapsuleShadows:1]]
[2019.04.03-04.18.50:835][  0]LogConfig: Applying CVar settings from Section [PostProcessQuality@3] File [E:/Unreal Proyects/Curso/Seecion04_Battle_tank/TanksGrounds/Saved/Config/Windows/Scalability.ini]
[2019.04.03-04.18.50:835][  0]LogConfig: Setting CVar [[r.MotionBlurQuality:4]]
[2019.04.03-04.18.50:835][  0]LogConfig: Setting CVar [[r.AmbientOcclusionMipLevelFactor:0.4]]
[2019.04.03-04.18.50:835][  0]LogConfig: Setting CVar [[r.AmbientOcclusionMaxQuality:100]]
[2019.04.03-04.18.50:835][  0]LogConfig: Setting CVar [[r.AmbientOcclusionLevels:-1]]
[2019.04.03-04.18.50:835][  0]LogConfig: Setting CVar [[r.AmbientOcclusionRadiusScale:1.0]]
[2019.04.03-04.18.50:835][  0]LogConfig: Setting CVar [[r.DepthOfFieldQuality:2]]
[2019.04.03-04.18.50:835][  0]LogConfig: Setting CVar [[r.RenderTargetPoolMin:400]]
[2019.04.03-04.18.50:835][  0]LogConfig: Setting CVar [[r.LensFlareQuality:2]]
[2019.04.03-04.18.50:835][  0]LogConfig: Setting CVar [[r.SceneColorFringeQuality:1]]
[2019.04.03-04.18.50:835][  0]LogConfig: Setting CVar [[r.EyeAdaptationQuality:2]]
[2019.04.03-04.18.50:835][  0]LogConfig: Setting CVar [[r.BloomQuality:5]]
[2019.04.03-04.18.50:835][  0]LogConfig: Setting CVar [[r.FastBlurThreshold:100]]
[2019.04.03-04.18.50:835][  0]LogConfig: Setting CVar [[r.Upscale.Quality:3]]
[2019.04.03-04.18.50:835][  0]LogConfig: Setting CVar [[r.Tonemapper.GrainQuantization:1]]
[2019.04.03-04.18.50:835][  0]LogConfig: Setting CVar [[r.LightShaftQuality:1]]
[2019.04.03-04.18.50:835][  0]LogConfig: Setting CVar [[r.Filter.SizeScale:1]]
[2019.04.03-04.18.50:835][  0]LogConfig: Setting CVar [[r.Tonemapper.Quality:5]]
[2019.04.03-04.18.50:835][  0]LogConfig: Setting CVar [[r.DOF.Gather.AccumulatorQuality:1        ; higher gathering accumulator quality]]
[2019.04.03-04.18.50:835][  0]LogConfig: Setting CVar [[r.DOF.Gather.PostfilterMethod:1          ; Median3x3 postfilering method]]
[2019.04.03-04.18.50:835][  0]LogConfig: Setting CVar [[r.DOF.Gather.EnableBokehSettings:0       ; no bokeh simulation when gathering]]
[2019.04.03-04.18.50:835][  0]LogConfig: Setting CVar [[r.DOF.Gather.RingCount:4                 ; medium number of samples when gathering]]
[2019.04.03-04.18.50:835][  0]LogConfig: Setting CVar [[r.DOF.Scatter.ForegroundCompositing:1    ; additive foreground scattering]]
[2019.04.03-04.18.50:835][  0]LogConfig: Setting CVar [[r.DOF.Scatter.BackgroundCompositing:2    ; additive background scattering]]
[2019.04.03-04.18.50:835][  0]LogConfig: Setting CVar [[r.DOF.Scatter.EnableBokehSettings:1      ; bokeh simulation when scattering]]
[2019.04.03-04.18.50:835][  0]LogConfig: Setting CVar [[r.DOF.Scatter.MaxSpriteRatio:0.1         ; only a maximum of 10% of scattered bokeh]]
[2019.04.03-04.18.50:835][  0]LogConfig: Setting CVar [[r.DOF.Recombine.Quality:1                ; cheap slight out of focus]]
[2019.04.03-04.18.50:835][  0]LogConfig: Setting CVar [[r.DOF.Recombine.EnableBokehSettings:0    ; no bokeh simulation on slight out of focus]]
[2019.04.03-04.18.50:835][  0]LogConfig: Setting CVar [[r.DOF.TemporalAAQuality:1                ; more stable temporal accumulation]]
[2019.04.03-04.18.50:835][  0]LogConfig: Setting CVar [[r.DOF.Kernel.MaxForegroundRadius:0.025]]
[2019.04.03-04.18.50:835][  0]LogConfig: Setting CVar [[r.DOF.Kernel.MaxBackgroundRadius:0.025]]
[2019.04.03-04.18.50:835][  0]LogConfig: Applying CVar settings from Section [TextureQuality@3] File [E:/Unreal Proyects/Curso/Seecion04_Battle_tank/TanksGrounds/Saved/Config/Windows/Scalability.ini]
[2019.04.03-04.18.50:835][  0]LogConfig: Setting CVar [[r.Streaming.MipBias:0]]
[2019.04.03-04.18.50:835][  0]LogConfig: Setting CVar [[r.Streaming.AmortizeCPUToGPUCopy:0]]
[2019.04.03-04.18.50:835][  0]LogConfig: Setting CVar [[r.Streaming.MaxNumTexturesToStreamPerFrame:0]]
[2019.04.03-04.18.50:835][  0]LogConfig: Setting CVar [[r.Streaming.Boost:1]]
[2019.04.03-04.18.50:835][  0]LogConfig: Setting CVar [[r.MaxAnisotropy:8]]
[2019.04.03-04.18.50:835][  0]LogConfig: Setting CVar [[r.Streaming.LimitPoolSizeToVRAM:0]]
[2019.04.03-04.18.50:835][  0]LogConfig: Setting CVar [[r.Streaming.PoolSize:1000]]
[2019.04.03-04.18.50:835][  0]LogConfig: Setting CVar [[r.Streaming.MaxEffectiveScreenSize:0]]
[2019.04.03-04.18.50:835][  0]LogConfig: Applying CVar settings from Section [EffectsQuality@3] File [E:/Unreal Proyects/Curso/Seecion04_Battle_tank/TanksGrounds/Saved/Config/Windows/Scalability.ini]
[2019.04.03-04.18.50:835][  0]LogConfig: Setting CVar [[r.TranslucencyLightingVolumeDim:64]]
[2019.04.03-04.18.50:835][  0]LogConfig: Setting CVar [[r.RefractionQuality:2]]
[2019.04.03-04.18.50:835][  0]LogConfig: Setting CVar [[r.SSR.Quality:3]]
[2019.04.03-04.18.50:835][  0]LogConfig: Setting CVar [[r.SceneColorFormat:4]]
[2019.04.03-04.18.50:835][  0]LogConfig: Setting CVar [[r.DetailMode:2]]
[2019.04.03-04.18.50:835][  0]LogConfig: Setting CVar [[r.TranslucencyVolumeBlur:1]]
[2019.04.03-04.18.50:835][  0]LogConfig: Setting CVar [[r.MaterialQualityLevel:1 ; High quality]]
[2019.04.03-04.18.50:835][  0]LogConfig: Setting CVar [[r.SSS.Scale:1]]
[2019.04.03-04.18.50:835][  0]LogConfig: Setting CVar [[r.SSS.SampleSet:2]]
[2019.04.03-04.18.50:835][  0]LogConfig: Setting CVar [[r.SSS.Quality:1]]
[2019.04.03-04.18.50:835][  0]LogConfig: Setting CVar [[r.SSS.HalfRes:1]]
[2019.04.03-04.18.50:835][  0]LogConfig: Setting CVar [[r.EmitterSpawnRateScale:1.0]]
[2019.04.03-04.18.50:835][  0]LogConfig: Setting CVar [[r.ParticleLightQuality:2]]
[2019.04.03-04.18.50:835][  0]LogConfig: Applying CVar settings from Section [FoliageQuality@3] File [E:/Unreal Proyects/Curso/Seecion04_Battle_tank/TanksGrounds/Saved/Config/Windows/Scalability.ini]
[2019.04.03-04.18.50:835][  0]LogConfig: Setting CVar [[foliage.DensityScale:1.0]]
[2019.04.03-04.18.50:835][  0]LogConfig: Setting CVar [[grass.DensityScale:1.0]]
[2019.04.03-04.18.50:835][  0]LogConfig: Applying CVar settings from Section [Startup] File [../../../Engine/Config/ConsoleVariables.ini]
[2019.04.03-04.18.50:836][  0]LogConfig: Setting CVar [[net.UseAdaptiveNetUpdateFrequency:0]]
[2019.04.03-04.18.50:836][  0]LogConfig: Setting CVar [[p.chaos.AllowCreatePhysxBodies:1]]
[2019.04.03-04.18.50:836][  0]LogConfig: Applying CVar settings from Section [ConsoleVariables] File [E:/Unreal Proyects/Curso/Seecion04_Battle_tank/TanksGrounds/Saved/Config/Windows/Engine.ini]
[2019.04.03-04.18.50:836][  0]LogInit: Computer: DESKTOP-CD54N45
[2019.04.03-04.18.50:836][  0]LogInit: User: ELGRA
[2019.04.03-04.18.50:836][  0]LogInit: CPU Page size=4096, Cores=4
[2019.04.03-04.18.50:836][  0]LogInit: High frequency timer resolution =3.124997 MHz
[2019.04.03-04.18.50:836][  0]LogMemory: Memory total: Physical=11.9GB (12GB approx)
[2019.04.03-04.18.50:836][  0]LogMemory: Platform Memory Stats for Windows
[2019.04.03-04.18.50:836][  0]LogMemory: Process Physical Memory: 96.19 MB used, 96.19 MB peak
[2019.04.03-04.18.50:836][  0]LogMemory: Process Virtual Memory: 84.00 MB used, 84.00 MB peak
[2019.04.03-04.18.50:836][  0]LogMemory: Physical Memory: 7759.55 MB used,  4413.80 MB free, 12173.35 MB total
[2019.04.03-04.18.50:836][  0]LogMemory: Virtual Memory: 4640.32 MB used,  134213088.00 MB free, 134217728.00 MB total
[2019.04.03-04.18.50:873][  0]LogInit: Overriding language with editor language configuration option (en).
[2019.04.03-04.18.50:873][  0]LogInit: Overriding locale with editor culture configuration option ().
[2019.04.03-04.18.50:873][  0]LogInit: Using OS detected locale (es-CO).
[2019.04.03-04.18.51:088][  0]LogInit: Setting process to per monitor DPI aware
[2019.04.03-04.18.51:126][  0]LogSlate: New Slate User Created.  User Index 0, Is Virtual User: 0
[2019.04.03-04.18.51:126][  0]LogSlate: Slate User Registered.  User Index 0, Is Virtual User: 0
[2019.04.03-04.18.51:327][  0]LogHMD: Failed to initialize OpenVR with code 110
[2019.04.03-04.18.51:327][  0]LogD3D11RHI: D3D11 adapters:
[2019.04.03-04.18.51:398][  0]LogD3D11RHI:    0. 'NVIDIA GeForce GTX 1060 6GB' (Feature Level 11_0)
[2019.04.03-04.18.51:399][  0]LogD3D11RHI:       6052/0/6086 MB DedicatedVideo/DedicatedSystem/SharedSystem, Outputs:1, VendorId:0x10de
[2019.04.03-04.18.51:406][  0]LogD3D11RHI:    1. 'Intel(R) HD Graphics 4600' (Feature Level 11_0)
[2019.04.03-04.18.51:407][  0]LogD3D11RHI:       112/0/2048 MB DedicatedVideo/DedicatedSystem/SharedSystem, Outputs:1, VendorId:0x8086
[2019.04.03-04.18.51:474][  0]LogD3D11RHI:    2. 'NVIDIA GeForce GTX 950' (Feature Level 11_0)
[2019.04.03-04.18.51:474][  0]LogD3D11RHI:       2007/0/6086 MB DedicatedVideo/DedicatedSystem/SharedSystem, Outputs:0, VendorId:0x10de
[2019.04.03-04.18.51:476][  0]LogD3D11RHI:    3. 'Microsoft Basic Render Driver' (Feature Level 11_0)
[2019.04.03-04.18.51:476][  0]LogD3D11RHI:       0/0/6086 MB DedicatedVideo/DedicatedSystem/SharedSystem, Outputs:0, VendorId:0x1414
[2019.04.03-04.18.51:476][  0]LogD3D11RHI: Chosen D3D11 Adapter: 0
[2019.04.03-04.18.51:486][  0]LogD3D11RHI: Creating new Direct3DDevice
[2019.04.03-04.18.51:486][  0]LogD3D11RHI:     GPU DeviceId: 0x1c03 (for the marketing name, search the web for "GPU Device Id")
[2019.04.03-04.18.51:486][  0]LogWindows: EnumDisplayDevices:
[2019.04.03-04.18.51:486][  0]LogWindows:    0. 'NVIDIA GeForce GTX 1060 6GB' (P:1 D:1)
[2019.04.03-04.18.51:486][  0]LogWindows:    1. 'NVIDIA GeForce GTX 1060 6GB' (P:0 D:0)
[2019.04.03-04.18.51:487][  0]LogWindows:    2. 'NVIDIA GeForce GTX 1060 6GB' (P:0 D:0)
[2019.04.03-04.18.51:487][  0]LogWindows:    3. 'NVIDIA GeForce GTX 1060 6GB' (P:0 D:0)
[2019.04.03-04.18.51:488][  0]LogWindows:    4. 'Intel(R) HD Graphics 4600' (P:0 D:1)
[2019.04.03-04.18.51:488][  0]LogWindows:    5. 'Intel(R) HD Graphics 4600' (P:0 D:0)
[2019.04.03-04.18.51:488][  0]LogWindows:    6. 'Intel(R) HD Graphics 4600' (P:0 D:0)
[2019.04.03-04.18.51:489][  0]LogWindows:    7. 'NVIDIA GeForce GTX 950' (P:0 D:0)
[2019.04.03-04.18.51:489][  0]LogWindows:    8. 'NVIDIA GeForce GTX 950' (P:0 D:0)
[2019.04.03-04.18.51:490][  0]LogWindows:    9. 'NVIDIA GeForce GTX 950' (P:0 D:0)
[2019.04.03-04.18.51:490][  0]LogWindows:    10. 'NVIDIA GeForce GTX 950' (P:0 D:0)
[2019.04.03-04.18.51:490][  0]LogWindows: DebugString: PrimaryIsNotTheChoosenAdapter PrimaryIsNotTheChoosenAdapter PrimaryIsNotTheChoosenAdapter PrimaryIsNotTheChoosenAdapter PrimaryIsNotTheChoosenAdapter PrimaryIsNotTheChoosenAdapter PrimaryIsNotTheChoosenAdapter FoundDriverCount:4 
[2019.04.03-04.18.51:490][  0]LogD3D11RHI:     Adapter Name: NVIDIA GeForce GTX 1060 6GB
[2019.04.03-04.18.51:490][  0]LogD3D11RHI:   Driver Version: 419.67 (internal:25.21.14.1967, unified:419.67)
[2019.04.03-04.18.51:490][  0]LogD3D11RHI:      Driver Date: 3-17-2019
[2019.04.03-04.18.51:490][  0]LogRHI: Texture pool is 4236 MB (70% of 6052 MB)
[2019.04.03-04.18.51:542][  0]LogD3D11RHI: Async texture creation enabled
[2019.04.03-04.18.51:547][  0]LogRendererCore: FGlobalReadBuffer::InitRHI
[2019.04.03-04.18.51:547][  0]LogRendererCore: FGlobalReadBuffer::InitRHI
[2019.04.03-04.18.51:548][  0]LogRendererCore: FGlobalReadBuffer::InitRHI
[2019.04.03-04.18.51:556][  0]LogD3D11RHI: GPU Timing Frequency: 1000.000000 (Debug: 2 1)
[2019.04.03-04.18.52:033][  0]LogTemp: Display: Module 'AllDesktopTargetPlatform' loaded TargetPlatform 'AllDesktop'
[2019.04.03-04.18.52:051][  0]LogTemp: Display: Module 'MacClientTargetPlatform' loaded TargetPlatform 'MacClient'
[2019.04.03-04.18.52:069][  0]LogTemp: Display: Module 'MacNoEditorTargetPlatform' loaded TargetPlatform 'MacNoEditor'
[2019.04.03-04.18.52:088][  0]LogTemp: Display: Module 'MacServerTargetPlatform' loaded TargetPlatform 'MacServer'
[2019.04.03-04.18.52:107][  0]LogTemp: Display: Module 'MacTargetPlatform' loaded TargetPlatform 'Mac'
[2019.04.03-04.18.52:125][  0]LogTemp: Display: Module 'WindowsClientTargetPlatform' loaded TargetPlatform 'WindowsClient'
[2019.04.03-04.18.52:143][  0]LogTemp: Display: Module 'WindowsNoEditorTargetPlatform' loaded TargetPlatform 'WindowsNoEditor'
[2019.04.03-04.18.52:162][  0]LogTemp: Display: Module 'WindowsServerTargetPlatform' loaded TargetPlatform 'WindowsServer'
[2019.04.03-04.18.52:173][  0]LogTemp: Display: Module 'WindowsTargetPlatform' loaded TargetPlatform 'Windows'
[2019.04.03-04.18.52:264][  0]LogTemp: Display: Module 'AndroidTargetPlatform' loaded TargetPlatform 'Android'
[2019.04.03-04.18.52:264][  0]LogTemp: Display: Module 'AndroidTargetPlatform' loaded TargetPlatform 'Android_ASTC'
[2019.04.03-04.18.52:264][  0]LogTemp: Display: Module 'AndroidTargetPlatform' loaded TargetPlatform 'Android_ATC'
[2019.04.03-04.18.52:264][  0]LogTemp: Display: Module 'AndroidTargetPlatform' loaded TargetPlatform 'Android_DXT'
[2019.04.03-04.18.52:264][  0]LogTemp: Display: Module 'AndroidTargetPlatform' loaded TargetPlatform 'Android_ETC1'
[2019.04.03-04.18.52:264][  0]LogTemp: Display: Module 'AndroidTargetPlatform' loaded TargetPlatform 'Android_ETC1a'
[2019.04.03-04.18.52:264][  0]LogTemp: Display: Module 'AndroidTargetPlatform' loaded TargetPlatform 'Android_ETC2'
[2019.04.03-04.18.52:264][  0]LogTemp: Display: Module 'AndroidTargetPlatform' loaded TargetPlatform 'Android_PVRTC'
[2019.04.03-04.18.52:264][  0]LogTemp: Display: Module 'AndroidTargetPlatform' loaded TargetPlatform 'AndroidClient'
[2019.04.03-04.18.52:264][  0]LogTemp: Display: Module 'AndroidTargetPlatform' loaded TargetPlatform 'Android_ASTCClient'
[2019.04.03-04.18.52:264][  0]LogTemp: Display: Module 'AndroidTargetPlatform' loaded TargetPlatform 'Android_ATCClient'
[2019.04.03-04.18.52:264][  0]LogTemp: Display: Module 'AndroidTargetPlatform' loaded TargetPlatform 'Android_DXTClient'
[2019.04.03-04.18.52:264][  0]LogTemp: Display: Module 'AndroidTargetPlatform' loaded TargetPlatform 'Android_ETC1Client'
[2019.04.03-04.18.52:264][  0]LogTemp: Display: Module 'AndroidTargetPlatform' loaded TargetPlatform 'Android_ETC1aClient'
[2019.04.03-04.18.52:264][  0]LogTemp: Display: Module 'AndroidTargetPlatform' loaded TargetPlatform 'Android_ETC2Client'
[2019.04.03-04.18.52:264][  0]LogTemp: Display: Module 'AndroidTargetPlatform' loaded TargetPlatform 'Android_PVRTCClient'
[2019.04.03-04.18.52:264][  0]LogTemp: Display: Module 'AndroidTargetPlatform' loaded TargetPlatform 'Android_Multi'
[2019.04.03-04.18.52:264][  0]LogTemp: Display: Module 'AndroidTargetPlatform' loaded TargetPlatform 'Android_MultiClient'
[2019.04.03-04.18.52:266][  0]LogTemp: Display: Module 'HTML5TargetPlatform' loaded TargetPlatform 'HTML5'
[2019.04.03-04.18.52:322][  0]LogTemp: Display: Module 'IOSTargetPlatform' loaded TargetPlatform 'IOSClient'
[2019.04.03-04.18.52:322][  0]LogTemp: Display: Module 'IOSTargetPlatform' loaded TargetPlatform 'IOS'
[2019.04.03-04.18.52:349][  0]LogTemp: Display: Module 'TVOSTargetPlatform' loaded TargetPlatform 'TVOSClient'
[2019.04.03-04.18.52:349][  0]LogTemp: Display: Module 'TVOSTargetPlatform' loaded TargetPlatform 'TVOS'
[2019.04.03-04.18.52:363][  0]LogTemp: Display: Module 'LinuxClientTargetPlatform' loaded TargetPlatform 'LinuxClient'
[2019.04.03-04.18.52:377][  0]LogTemp: Display: Module 'LinuxNoEditorTargetPlatform' loaded TargetPlatform 'LinuxNoEditor'
[2019.04.03-04.18.52:392][  0]LogTemp: Display: Module 'LinuxServerTargetPlatform' loaded TargetPlatform 'LinuxServer'
[2019.04.03-04.18.52:406][  0]LogTemp: Display: Module 'LinuxTargetPlatform' loaded TargetPlatform 'Linux'
[2019.04.03-04.18.52:456][  0]LogTemp: Display: Module 'LuminTargetPlatform' loaded TargetPlatform 'Lumin'
[2019.04.03-04.18.52:456][  0]LogTemp: Display: Module 'LuminTargetPlatform' loaded TargetPlatform 'LuminClient'
[2019.04.03-04.18.52:456][  0]LogTargetPlatformManager: Display: Building Assets For Windows
[2019.04.03-04.18.52:472][  0]LogAudioDebug: Display: Lib vorbis DLL was dynamically loaded.
[2019.04.03-04.18.52:572][  0]LogShaderCompilers: Guid format shader working directory is -14 characters bigger than the processId version (E:/Unreal Proyects/Curso/Seecion04_Battle_tank/TanksGrounds/Intermediate/Shaders/WorkingDirectory/20372/).
[2019.04.03-04.18.52:572][  0]LogShaderCompilers: Cleaned the shader compiler working directory 'C:/Users/ELGRA/AppData/Local/Temp/UnrealShaderWorkingDir/0C584B74430F45B821D89D89E729FD6F/'.
[2019.04.03-04.18.52:589][  0]LogShaderCompilers: Display: Using XGE Shader Compiler (Interception Interface).
[2019.04.03-04.18.53:224][  0]LogDerivedDataCache: Display: Max Cache Size: 512 MB
[2019.04.03-04.18.53:316][  0]LogDerivedDataCache: Loaded boot cache 0.09s 71MB C:/Users/ELGRA/AppData/Local/UnrealEngine/4.22/DerivedDataCache/Boot.ddc.
[2019.04.03-04.18.53:316][  0]LogDerivedDataCache: Display: Loaded Boot cache: C:/Users/ELGRA/AppData/Local/UnrealEngine/4.22/DerivedDataCache/Boot.ddc
[2019.04.03-04.18.53:316][  0]LogDerivedDataCache: FDerivedDataBackendGraph:  Pak pak cache file E:/Unreal Proyects/Curso/Seecion04_Battle_tank/TanksGrounds/DerivedDataCache/DDC.ddp not found, will not use a pak cache.
[2019.04.03-04.18.53:316][  0]LogDerivedDataCache: Unable to find inner node Pak for hierarchical cache Hierarchy.
[2019.04.03-04.18.53:316][  0]LogDerivedDataCache: FDerivedDataBackendGraph:  CompressedPak pak cache file E:/Unreal Proyects/Curso/Seecion04_Battle_tank/TanksGrounds/DerivedDataCache/Compressed.ddp not found, will not use a pak cache.
[2019.04.03-04.18.53:316][  0]LogDerivedDataCache: Unable to find inner node CompressedPak for hierarchical cache Hierarchy.
[2019.04.03-04.18.53:330][  0]LogDerivedDataCache: Display: Pak cache opened for reading ../../../Engine/DerivedDataCache/Compressed.ddp.
[2019.04.03-04.18.53:330][  0]LogDerivedDataCache: FDerivedDataBackendGraph:  EnterprisePak pak cache file ../../../Enterprise/DerivedDataCache/Compressed.ddp not found, will not use a pak cache.
[2019.04.03-04.18.53:330][  0]LogDerivedDataCache: Unable to find inner node EnterprisePak for hierarchical cache Hierarchy.
[2019.04.03-04.18.53:342][  0]LogDerivedDataCache: Using Local data cache path C:/Users/ELGRA/AppData/Local/UnrealEngine/Common/DerivedDataCache: Writable
[2019.04.03-04.18.53:342][  0]LogDerivedDataCache: Shared data cache path not found in *engine.ini, will not use an Shared cache.
[2019.04.03-04.18.53:342][  0]LogDerivedDataCache: Unable to find inner node Shared for hierarchical cache Hierarchy.
[2019.04.03-04.18.53:367][  0]LogMaterial: Verifying Global Shaders for PCD3D_SM5
[2019.04.03-04.18.53:368][  0]LogSlate: Using FreeType 2.6.0
[2019.04.03-04.18.53:368][  0]LogSlate: SlateFontServices - WITH_FREETYPE: 1, WITH_HARFBUZZ: 1
[2019.04.03-04.18.53:476][  0]LogAssetRegistry: FAssetRegistry took 0.0350 seconds to start up
[2019.04.03-04.18.53:839][  0]LogInit: Selected Device Profile: [Windows]
[2019.04.03-04.18.53:924][  0]LogMeshReduction: Using QuadricMeshReduction for automatic static mesh reduction
[2019.04.03-04.18.53:924][  0]LogMeshReduction: Using SimplygonMeshReduction for automatic skeletal mesh reduction
[2019.04.03-04.18.53:924][  0]LogMeshReduction: Using ProxyLODMeshReduction for automatic mesh merging
[2019.04.03-04.18.53:924][  0]LogMeshReduction: No distributed automatic mesh merging module available
[2019.04.03-04.18.53:924][  0]LogMeshMerging: No distributed automatic mesh merging module available
[2019.04.03-04.18.54:027][  0]LogNetVersion: TanksGrounds 1.0.0, NetCL: 5660361, EngineNetVer: 10, GameNetVer: 0 (Checksum: 220100468)
[2019.04.03-04.18.54:554][  0]LogPackageLocalizationCache: Processed 10 localized package path(s) for 1 prioritized culture(s) in 0.041743 seconds
[2019.04.03-04.18.54:561][  0]LogUObjectArray: 42205 objects as part of root set at end of initial load.
[2019.04.03-04.18.54:561][  0]LogUObjectAllocator: 7325032 out of 0 bytes used by permanent object pool.
[2019.04.03-04.18.54:561][  0]LogUObjectArray: CloseDisregardForGC: 0/0 objects in disregard for GC pool
[2019.04.03-04.18.55:671][  0]LogTcpMessaging: Initializing TcpMessaging bridge
[2019.04.03-04.18.55:685][  0]LogUdpMessaging: Initializing bridge on interface 0.0.0.0:0 to multicast group 230.0.0.1:6666.
[2019.04.03-04.18.55:808][  0]SourceControl: Source control is disabled
[2019.04.03-04.18.55:808][  0]SourceControl: Source control is disabled
[2019.04.03-04.18.55:811][  0]SourceControl: Source control is disabled
[2019.04.03-04.18.55:813][  0]SourceControl: Source control is disabled
[2019.04.03-04.18.55:911][  0]LogAndroidPermission: UAndroidPermissionCallbackProxy::GetInstance
[2019.04.03-04.18.56:159][  0]LogOcInput: OculusInput pre-init called
[2019.04.03-04.18.56:926][  0]LogEngine: Initializing Engine...
[2019.04.03-04.18.56:926][  0]LogHMD: Failed to initialize OpenVR with code 110
[2019.04.03-04.18.56:928][  0]LogStats: UGameplayTagsManager::InitializeManager -  0.000 s
[2019.04.03-04.18.57:184][  0]LogInit: Initializing FReadOnlyCVARCache
[2019.04.03-04.18.57:214][  0]LogAIModule: Creating AISystem for world Untitled
[2019.04.03-04.18.57:307][  0]LogInit: XAudio2 using 'Altavoces (Realtek High Definition Audio)' : 2 channels at 48 kHz using 32 bits per sample (channel mask 0x3)
[2019.04.03-04.18.57:401][  0]LogInit: FAudioDevice initialized.
[2019.04.03-04.18.57:401][  0]LogNetVersion: Set ProjectVersion to 1.0.0.0. Version Checksum will be recalculated on next use.
[2019.04.03-04.18.59:156][  0]LogDerivedDataCache: Saved boot cache 1.75s 71MB C:/Users/ELGRA/AppData/Local/UnrealEngine/4.22/DerivedDataCache/Boot.ddc.
[2019.04.03-04.18.59:174][  0]LogInit: Texture streaming: Enabled
[2019.04.03-04.18.59:207][  0]LogEngineSessionManager: EngineSessionManager initialized
[2019.04.03-04.18.59:208][  0]LogEngineSessionManager: EngineSessionManager sent abnormal shutdown report. Type=AbnormalShutdown, SessionId={F9D66427-4DCD-1F23-2845-62B4E703B1D8}
[2019.04.03-04.18.59:244][  0]LogInit: Transaction tracking system initialized
[2019.04.03-04.18.59:302][  0]BlueprintLog: New page: Editor Load
[2019.04.03-04.18.59:477][  0]LocalizationService: Localization service is disabled
[2019.04.03-04.18.59:885][  0]LogFileCache: Scanning file cache for directory 'E:/Unreal Proyects/Curso/Seecion04_Battle_tank/TanksGrounds/Content/' took 0.01s
[2019.04.03-04.18.59:885][  0]LogCook: Display: Max memory allowance for cook 16384mb min free memory 0mb
[2019.04.03-04.18.59:885][  0]LogCook: Display: Mobile HDR setting 1
[2019.04.03-04.19.00:149][  0]SourceControl: Source control is disabled
[2019.04.03-04.19.00:149][  0]Cmd: MAP LOAD FILE="E:/Unreal Proyects/Curso/Seecion04_Battle_tank/TanksGrounds/Content/TanksGrounds.umap" TEMPLATE=0 SHOWPROGRESS=1 FEATURELEVEL=3
[2019.04.03-04.19.00:149][  0]LightingResults: New page: Lighting Build
[2019.04.03-04.19.00:155][  0]MapCheck: New page: Map Check
[2019.04.03-04.19.00:156][  0]LightingResults: New page: Lighting Build
[2019.04.03-04.19.00:183][  0]LogUObjectHash: Compacting FUObjectHashTables data took   2.26ms
[2019.04.03-04.19.00:229][  0]LogLinker: Warning: Can't find file '/Game/NewMaterial'
[2019.04.03-04.19.00:229][  0]LogLinker: Warning: Can't find file for asset '/Game/NewMaterial' while loading NULL.
[2019.04.03-04.19.00:230][  0]LogLinker: Warning: Can't find file '/Game/NewMaterial'
[2019.04.03-04.19.00:231][  0]LogLinker: Warning: Can't find file for asset '/Game/NewMaterial' while loading NULL.
[2019.04.03-04.19.00:231][  0]LogLinker: Warning: Can't find file '/Game/NewMaterial'
[2019.04.03-04.19.00:232][  0]LogLinker: Warning: Can't find file for asset '/Game/NewMaterial' while loading NULL.
[2019.04.03-04.19.00:232][  0]LogLinker: Warning: Can't find file '/Game/NewMaterial'
[2019.04.03-04.19.00:232][  0]LogLinker: Warning: Can't find file for asset '/Game/NewMaterial' while loading NULL.
[2019.04.03-04.19.00:241][  0]LogLinker: Warning: Can't find file '/Game/NewMaterial'
[2019.04.03-04.19.00:241][  0]LoadErrors: Failed to load /Game/NewMaterial.NewMaterial Referenced by Landscape_1
[2019.04.03-04.19.00:241][  0]LogLinker: Warning: Can't find file for asset '/Game/NewMaterial' while loading NULL.
[2019.04.03-04.19.00:241][  0]LogLinker: Warning: Can't find file '/Game/NewMaterial'
[2019.04.03-04.19.00:241][  0]LoadErrors: Failed to load /Game/NewMaterial.NewMaterial Referenced by LandscapeComponent_0
[2019.04.03-04.19.00:241][  0]LogLinker: Warning: Can't find file for asset '/Game/NewMaterial' while loading NULL.
[2019.04.03-04.19.00:241][  0]LogLinker: Warning: Can't find file '/Game/NewMaterial'
[2019.04.03-04.19.00:242][  0]LoadErrors: Failed to load /Game/NewMaterial.NewMaterial Referenced by LandscapeComponent_1
[2019.04.03-04.19.00:242][  0]LogLinker: Warning: Can't find file for asset '/Game/NewMaterial' while loading NULL.
[2019.04.03-04.19.00:242][  0]LogLinker: Warning: Can't find file '/Game/NewMaterial'
[2019.04.03-04.19.00:242][  0]LoadErrors: Failed to load /Game/NewMaterial.NewMaterial Referenced by LandscapeComponent_10
[2019.04.03-04.19.00:242][  0]LogLinker: Warning: Can't find file for asset '/Game/NewMaterial' while loading NULL.
[2019.04.03-04.19.00:242][  0]LogLinker: Warning: Can't find file '/Game/NewMaterial'
[2019.04.03-04.19.00:242][  0]LoadErrors: Failed to load /Game/NewMaterial.NewMaterial Referenced by LandscapeComponent_11
[2019.04.03-04.19.00:242][  0]LogLinker: Warning: Can't find file for asset '/Game/NewMaterial' while loading NULL.
[2019.04.03-04.19.00:243][  0]LogLinker: Warning: Can't find file '/Game/NewMaterial'
[2019.04.03-04.19.00:243][  0]LoadErrors: Failed to load /Game/NewMaterial.NewMaterial Referenced by LandscapeComponent_12
[2019.04.03-04.19.00:243][  0]LogLinker: Warning: Can't find file for asset '/Game/NewMaterial' while loading NULL.
[2019.04.03-04.19.00:243][  0]LogLinker: Warning: Can't find file '/Game/NewMaterial'
[2019.04.03-04.19.00:243][  0]LoadErrors: Failed to load /Game/NewMaterial.NewMaterial Referenced by LandscapeComponent_13
[2019.04.03-04.19.00:243][  0]LogLinker: Warning: Can't find file for asset '/Game/NewMaterial' while loading NULL.
[2019.04.03-04.19.00:243][  0]LogLinker: Warning: Can't find file '/Game/NewMaterial'
[2019.04.03-04.19.00:243][  0]LoadErrors: Failed to load /Game/NewMaterial.NewMaterial Referenced by LandscapeComponent_14
[2019.04.03-04.19.00:243][  0]LogLinker: Warning: Can't find file for asset '/Game/NewMaterial' while loading NULL.
[2019.04.03-04.19.00:244][  0]LogLinker: Warning: Can't find file '/Game/NewMaterial'
[2019.04.03-04.19.00:244][  0]LoadErrors: Failed to load /Game/NewMaterial.NewMaterial Referenced by LandscapeComponent_15
[2019.04.03-04.19.00:244][  0]LogLinker: Warning: Can't find file for asset '/Game/NewMaterial' while loading NULL.
[2019.04.03-04.19.00:244][  0]LogLinker: Warning: Can't find file '/Game/NewMaterial'
[2019.04.03-04.19.00:244][  0]LoadErrors: Failed to load /Game/NewMaterial.NewMaterial Referenced by LandscapeComponent_16
[2019.04.03-04.19.00:244][  0]LogLinker: Warning: Can't find file for asset '/Game/NewMaterial' while loading NULL.
[2019.04.03-04.19.00:244][  0]LogLinker: Warning: Can't find file '/Game/NewMaterial'
[2019.04.03-04.19.00:244][  0]LoadErrors: Failed to load /Game/NewMaterial.NewMaterial Referenced by LandscapeComponent_17
[2019.04.03-04.19.00:244][  0]LogLinker: Warning: Can't find file for asset '/Game/NewMaterial' while loading NULL.
[2019.04.03-04.19.00:245][  0]LogLinker: Warning: Can't find file '/Game/NewMaterial'
[2019.04.03-04.19.00:245][  0]LoadErrors: Failed to load /Game/NewMaterial.NewMaterial Referenced by LandscapeComponent_18
[2019.04.03-04.19.00:245][  0]LogLinker: Warning: Can't find file for asset '/Game/NewMaterial' while loading NULL.
[2019.04.03-04.19.00:245][  0]LogLinker: Warning: Can't find file '/Game/NewMaterial'
[2019.04.03-04.19.00:245][  0]LoadErrors: Failed to load /Game/NewMaterial.NewMaterial Referenced by LandscapeComponent_19
[2019.04.03-04.19.00:245][  0]LogLinker: Warning: Can't find file for asset '/Game/NewMaterial' while loading NULL.
[2019.04.03-04.19.00:245][  0]LogLinker: Warning: Can't find file '/Game/NewMaterial'
[2019.04.03-04.19.00:245][  0]LoadErrors: Failed to load /Game/NewMaterial.NewMaterial Referenced by LandscapeComponent_2
[2019.04.03-04.19.00:245][  0]LogLinker: Warning: Can't find file for asset '/Game/NewMaterial' while loading NULL.
[2019.04.03-04.19.00:246][  0]LogLinker: Warning: Can't find file '/Game/NewMaterial'
[2019.04.03-04.19.00:246][  0]LoadErrors: Failed to load /Game/NewMaterial.NewMaterial Referenced by LandscapeComponent_20
[2019.04.03-04.19.00:246][  0]LogLinker: Warning: Can't find file for asset '/Game/NewMaterial' while loading NULL.
[2019.04.03-04.19.00:246][  0]LogLinker: Warning: Can't find file '/Game/NewMaterial'
[2019.04.03-04.19.00:246][  0]LoadErrors: Failed to load /Game/NewMaterial.NewMaterial Referenced by LandscapeComponent_21
[2019.04.03-04.19.00:246][  0]LogLinker: Warning: Can't find file for asset '/Game/NewMaterial' while loading NULL.
[2019.04.03-04.19.00:246][  0]LogLinker: Warning: Can't find file '/Game/NewMaterial'
[2019.04.03-04.19.00:246][  0]LoadErrors: Failed to load /Game/NewMaterial.NewMaterial Referenced by LandscapeComponent_22
[2019.04.03-04.19.00:246][  0]LogLinker: Warning: Can't find file for asset '/Game/NewMaterial' while loading NULL.
[2019.04.03-04.19.00:247][  0]LogLinker: Warning: Can't find file '/Game/NewMaterial'
[2019.04.03-04.19.00:247][  0]LoadErrors: Failed to load /Game/NewMaterial.NewMaterial Referenced by LandscapeComponent_23
[2019.04.03-04.19.00:247][  0]LogLinker: Warning: Can't find file for asset '/Game/NewMaterial' while loading NULL.
[2019.04.03-04.19.00:247][  0]LogLinker: Warning: Can't find file '/Game/NewMaterial'
[2019.04.03-04.19.00:247][  0]LoadErrors: Failed to load /Game/NewMaterial.NewMaterial Referenced by LandscapeComponent_24
[2019.04.03-04.19.00:247][  0]LogLinker: Warning: Can't find file for asset '/Game/NewMaterial' while loading NULL.
[2019.04.03-04.19.00:247][  0]LogLinker: Warning: Can't find file '/Game/NewMaterial'
[2019.04.03-04.19.00:247][  0]LoadErrors: Failed to load /Game/NewMaterial.NewMaterial Referenced by LandscapeComponent_25
[2019.04.03-04.19.00:247][  0]LogLinker: Warning: Can't find file for asset '/Game/NewMaterial' while loading NULL.
[2019.04.03-04.19.00:248][  0]LogLinker: Warning: Can't find file '/Game/NewMaterial'
[2019.04.03-04.19.00:248][  0]LoadErrors: Failed to load /Game/NewMaterial.NewMaterial Referenced by LandscapeComponent_26
[2019.04.03-04.19.00:248][  0]LogLinker: Warning: Can't find file for asset '/Game/NewMaterial' while loading NULL.
[2019.04.03-04.19.00:248][  0]LogLinker: Warning: Can't find file '/Game/NewMaterial'
[2019.04.03-04.19.00:248][  0]LoadErrors: Failed to load /Game/NewMaterial.NewMaterial Referenced by LandscapeComponent_27
[2019.04.03-04.19.00:248][  0]LogLinker: Warning: Can't find file for asset '/Game/NewMaterial' while loading NULL.
[2019.04.03-04.19.00:248][  0]LogLinker: Warning: Can't find file '/Game/NewMaterial'
[2019.04.03-04.19.00:248][  0]LoadErrors: Failed to load /Game/NewMaterial.NewMaterial Referenced by LandscapeComponent_28
[2019.04.03-04.19.00:248][  0]LogLinker: Warning: Can't find file for asset '/Game/NewMaterial' while loading NULL.
[2019.04.03-04.19.00:249][  0]LogLinker: Warning: Can't find file '/Game/NewMaterial'
[2019.04.03-04.19.00:249][  0]LoadErrors: Failed to load /Game/NewMaterial.NewMaterial Referenced by LandscapeComponent_29
[2019.04.03-04.19.00:249][  0]LogLinker: Warning: Can't find file for asset '/Game/NewMaterial' while loading NULL.
[2019.04.03-04.19.00:249][  0]LogLinker: Warning: Can't find file '/Game/NewMaterial'
[2019.04.03-04.19.00:249][  0]LoadErrors: Failed to load /Game/NewMaterial.NewMaterial Referenced by LandscapeComponent_3
[2019.04.03-04.19.00:249][  0]LogLinker: Warning: Can't find file for asset '/Game/NewMaterial' while loading NULL.
[2019.04.03-04.19.00:249][  0]LogLinker: Warning: Can't find file '/Game/NewMaterial'
[2019.04.03-04.19.00:249][  0]LoadErrors: Failed to load /Game/NewMaterial.NewMaterial Referenced by LandscapeComponent_30
[2019.04.03-04.19.00:249][  0]LogLinker: Warning: Can't find file for asset '/Game/NewMaterial' while loading NULL.
[2019.04.03-04.19.00:250][  0]LogLinker: Warning: Can't find file '/Game/NewMaterial'
[2019.04.03-04.19.00:250][  0]LoadErrors: Failed to load /Game/NewMaterial.NewMaterial Referenced by LandscapeComponent_31
[2019.04.03-04.19.00:250][  0]LogLinker: Warning: Can't find file for asset '/Game/NewMaterial' while loading NULL.
[2019.04.03-04.19.00:250][  0]LogLinker: Warning: Can't find file '/Game/NewMaterial'
[2019.04.03-04.19.00:250][  0]LoadErrors: Failed to load /Game/NewMaterial.NewMaterial Referenced by LandscapeComponent_32
[2019.04.03-04.19.00:250][  0]LogLinker: Warning: Can't find file for asset '/Game/NewMaterial' while loading NULL.
[2019.04.03-04.19.00:250][  0]LogLinker: Warning: Can't find file '/Game/NewMaterial'
[2019.04.03-04.19.00:250][  0]LoadErrors: Failed to load /Game/NewMaterial.NewMaterial Referenced by LandscapeComponent_33
[2019.04.03-04.19.00:250][  0]LogLinker: Warning: Can't find file for asset '/Game/NewMaterial' while loading NULL.
[2019.04.03-04.19.00:251][  0]LogLinker: Warning: Can't find file '/Game/NewMaterial'
[2019.04.03-04.19.00:251][  0]LoadErrors: Failed to load /Game/NewMaterial.NewMaterial Referenced by LandscapeComponent_34
[2019.04.03-04.19.00:251][  0]LogLinker: Warning: Can't find file for asset '/Game/NewMaterial' while loading NULL.
[2019.04.03-04.19.00:251][  0]LogLinker: Warning: Can't find file '/Game/NewMaterial'
[2019.04.03-04.19.00:251][  0]LoadErrors: Failed to load /Game/NewMaterial.NewMaterial Referenced by LandscapeComponent_35
[2019.04.03-04.19.00:251][  0]LogLinker: Warning: Can't find file for asset '/Game/NewMaterial' while loading NULL.
[2019.04.03-04.19.00:251][  0]LogLinker: Warning: Can't find file '/Game/NewMaterial'
[2019.04.03-04.19.00:251][  0]LoadErrors: Failed to load /Game/NewMaterial.NewMaterial Referenced by LandscapeComponent_36
[2019.04.03-04.19.00:251][  0]LogLinker: Warning: Can't find file for asset '/Game/NewMaterial' while loading NULL.
[2019.04.03-04.19.00:252][  0]LogLinker: Warning: Can't find file '/Game/NewMaterial'
[2019.04.03-04.19.00:252][  0]LoadErrors: Failed to load /Game/NewMaterial.NewMaterial Referenced by LandscapeComponent_37
[2019.04.03-04.19.00:252][  0]LogLinker: Warning: Can't find file for asset '/Game/NewMaterial' while loading NULL.
[2019.04.03-04.19.00:252][  0]LogLinker: Warning: Can't find file '/Game/NewMaterial'
[2019.04.03-04.19.00:252][  0]LoadErrors: Failed to load /Game/NewMaterial.NewMaterial Referenced by LandscapeComponent_38
[2019.04.03-04.19.00:252][  0]LogLinker: Warning: Can't find file for asset '/Game/NewMaterial' while loading NULL.
[2019.04.03-04.19.00:252][  0]LogLinker: Warning: Can't find file '/Game/NewMaterial'
[2019.04.03-04.19.00:252][  0]LoadErrors: Failed to load /Game/NewMaterial.NewMaterial Referenced by LandscapeComponent_39
[2019.04.03-04.19.00:252][  0]LogLinker: Warning: Can't find file for asset '/Game/NewMaterial' while loading NULL.
[2019.04.03-04.19.00:253][  0]LogLinker: Warning: Can't find file '/Game/NewMaterial'
[2019.04.03-04.19.00:253][  0]LoadErrors: Failed to load /Game/NewMaterial.NewMaterial Referenced by LandscapeComponent_4
[2019.04.03-04.19.00:253][  0]LogLinker: Warning: Can't find file for asset '/Game/NewMaterial' while loading NULL.
[2019.04.03-04.19.00:253][  0]LogLinker: Warning: Can't find file '/Game/NewMaterial'
[2019.04.03-04.19.00:253][  0]LoadErrors: Failed to load /Game/NewMaterial.NewMaterial Referenced by LandscapeComponent_40
[2019.04.03-04.19.00:253][  0]LogLinker: Warning: Can't find file for asset '/Game/NewMaterial' while loading NULL.
[2019.04.03-04.19.00:253][  0]LogLinker: Warning: Can't find file '/Game/NewMaterial'
[2019.04.03-04.19.00:253][  0]LoadErrors: Failed to load /Game/NewMaterial.NewMaterial Referenced by LandscapeComponent_41
[2019.04.03-04.19.00:253][  0]LogLinker: Warning: Can't find file for asset '/Game/NewMaterial' while loading NULL.
[2019.04.03-04.19.00:254][  0]LogLinker: Warning: Can't find file '/Game/NewMaterial'
[2019.04.03-04.19.00:254][  0]LoadErrors: Failed to load /Game/NewMaterial.NewMaterial Referenced by LandscapeComponent_42
[2019.04.03-04.19.00:254][  0]LogLinker: Warning: Can't find file for asset '/Game/NewMaterial' while loading NULL.
[2019.04.03-04.19.00:254][  0]LogLinker: Warning: Can't find file '/Game/NewMaterial'
[2019.04.03-04.19.00:254][  0]LoadErrors: Failed to load /Game/NewMaterial.NewMaterial Referenced by LandscapeComponent_43
[2019.04.03-04.19.00:254][  0]LogLinker: Warning: Can't find file for asset '/Game/NewMaterial' while loading NULL.
[2019.04.03-04.19.00:254][  0]LogLinker: Warning: Can't find file '/Game/NewMaterial'
[2019.04.03-04.19.00:254][  0]LoadErrors: Failed to load /Game/NewMaterial.NewMaterial Referenced by LandscapeComponent_44
[2019.04.03-04.19.00:254][  0]LogLinker: Warning: Can't find file for asset '/Game/NewMaterial' while loading NULL.
[2019.04.03-04.19.00:255][  0]LogLinker: Warning: Can't find file '/Game/NewMaterial'
[2019.04.03-04.19.00:255][  0]LoadErrors: Failed to load /Game/NewMaterial.NewMaterial Referenced by LandscapeComponent_45
[2019.04.03-04.19.00:255][  0]LogLinker: Warning: Can't find file for asset '/Game/NewMaterial' while loading NULL.
[2019.04.03-04.19.00:255][  0]LogLinker: Warning: Can't find file '/Game/NewMaterial'
[2019.04.03-04.19.00:255][  0]LoadErrors: Failed to load /Game/NewMaterial.NewMaterial Referenced by LandscapeComponent_46
[2019.04.03-04.19.00:255][  0]LogLinker: Warning: Can't find file for asset '/Game/NewMaterial' while loading NULL.
[2019.04.03-04.19.00:255][  0]LogLinker: Warning: Can't find file '/Game/NewMaterial'
[2019.04.03-04.19.00:255][  0]LoadErrors: Failed to load /Game/NewMaterial.NewMaterial Referenced by LandscapeComponent_47
[2019.04.03-04.19.00:255][  0]LogLinker: Warning: Can't find file for asset '/Game/NewMaterial' while loading NULL.
[2019.04.03-04.19.00:256][  0]LogLinker: Warning: Can't find file '/Game/NewMaterial'
[2019.04.03-04.19.00:256][  0]LoadErrors: Failed to load /Game/NewMaterial.NewMaterial Referenced by LandscapeComponent_48
[2019.04.03-04.19.00:256][  0]LogLinker: Warning: Can't find file for asset '/Game/NewMaterial' while loading NULL.
[2019.04.03-04.19.00:256][  0]LogLinker: Warning: Can't find file '/Game/NewMaterial'
[2019.04.03-04.19.00:256][  0]LoadErrors: Failed to load /Game/NewMaterial.NewMaterial Referenced by LandscapeComponent_49
[2019.04.03-04.19.00:256][  0]LogLinker: Warning: Can't find file for asset '/Game/NewMaterial' while loading NULL.
[2019.04.03-04.19.00:256][  0]LogLinker: Warning: Can't find file '/Game/NewMaterial'
[2019.04.03-04.19.00:256][  0]LoadErrors: Failed to load /Game/NewMaterial.NewMaterial Referenced by LandscapeComponent_5
[2019.04.03-04.19.00:256][  0]LogLinker: Warning: Can't find file for asset '/Game/NewMaterial' while loading NULL.
[2019.04.03-04.19.00:257][  0]LogLinker: Warning: Can't find file '/Game/NewMaterial'
[2019.04.03-04.19.00:257][  0]LoadErrors: Failed to load /Game/NewMaterial.NewMaterial Referenced by LandscapeComponent_50
[2019.04.03-04.19.00:257][  0]LogLinker: Warning: Can't find file for asset '/Game/NewMaterial' while loading NULL.
[2019.04.03-04.19.00:257][  0]LogLinker: Warning: Can't find file '/Game/NewMaterial'
[2019.04.03-04.19.00:257][  0]LoadErrors: Failed to load /Game/NewMaterial.NewMaterial Referenced by LandscapeComponent_51
[2019.04.03-04.19.00:257][  0]LogLinker: Warning: Can't find file for asset '/Game/NewMaterial' while loading NULL.
[2019.04.03-04.19.00:257][  0]LogLinker: Warning: Can't find file '/Game/NewMaterial'
[2019.04.03-04.19.00:257][  0]LoadErrors: Failed to load /Game/NewMaterial.NewMaterial Referenced by LandscapeComponent_52
[2019.04.03-04.19.00:257][  0]LogLinker: Warning: Can't find file for asset '/Game/NewMaterial' while loading NULL.
[2019.04.03-04.19.00:258][  0]LogLinker: Warning: Can't find file '/Game/NewMaterial'
[2019.04.03-04.19.00:258][  0]LoadErrors: Failed to load /Game/NewMaterial.NewMaterial Referenced by LandscapeComponent_53
[2019.04.03-04.19.00:258][  0]LogLinker: Warning: Can't find file for asset '/Game/NewMaterial' while loading NULL.
[2019.04.03-04.19.00:258][  0]LogLinker: Warning: Can't find file '/Game/NewMaterial'
[2019.04.03-04.19.00:258][  0]LoadErrors: Failed to load /Game/NewMaterial.NewMaterial Referenced by LandscapeComponent_54
[2019.04.03-04.19.00:258][  0]LogLinker: Warning: Can't find file for asset '/Game/NewMaterial' while loading NULL.
[2019.04.03-04.19.00:258][  0]LogLinker: Warning: Can't find file '/Game/NewMaterial'
[2019.04.03-04.19.00:258][  0]LoadErrors: Failed to load /Game/NewMaterial.NewMaterial Referenced by LandscapeComponent_55
[2019.04.03-04.19.00:258][  0]LogLinker: Warning: Can't find file for asset '/Game/NewMaterial' while loading NULL.
[2019.04.03-04.19.00:259][  0]LogLinker: Warning: Can't find file '/Game/NewMaterial'
[2019.04.03-04.19.00:259][  0]LoadErrors: Failed to load /Game/NewMaterial.NewMaterial Referenced by LandscapeComponent_56
[2019.04.03-04.19.00:259][  0]LogLinker: Warning: Can't find file for asset '/Game/NewMaterial' while loading NULL.
[2019.04.03-04.19.00:259][  0]LogLinker: Warning: Can't find file '/Game/NewMaterial'
[2019.04.03-04.19.00:259][  0]LoadErrors: Failed to load /Game/NewMaterial.NewMaterial Referenced by LandscapeComponent_57
[2019.04.03-04.19.00:259][  0]LogLinker: Warning: Can't find file for asset '/Game/NewMaterial' while loading NULL.
[2019.04.03-04.19.00:259][  0]LogLinker: Warning: Can't find file '/Game/NewMaterial'
[2019.04.03-04.19.00:259][  0]LoadErrors: Failed to load /Game/NewMaterial.NewMaterial Referenced by LandscapeComponent_58
[2019.04.03-04.19.00:259][  0]LogLinker: Warning: Can't find file for asset '/Game/NewMaterial' while loading NULL.
[2019.04.03-04.19.00:260][  0]LogLinker: Warning: Can't find file '/Game/NewMaterial'
[2019.04.03-04.19.00:260][  0]LoadErrors: Failed to load /Game/NewMaterial.NewMaterial Referenced by LandscapeComponent_59
[2019.04.03-04.19.00:260][  0]LogLinker: Warning: Can't find file for asset '/Game/NewMaterial' while loading NULL.
[2019.04.03-04.19.00:260][  0]LogLinker: Warning: Can't find file '/Game/NewMaterial'
[2019.04.03-04.19.00:260][  0]LoadErrors: Failed to load /Game/NewMaterial.NewMaterial Referenced by LandscapeComponent_6
[2019.04.03-04.19.00:260][  0]LogLinker: Warning: Can't find file for asset '/Game/NewMaterial' while loading NULL.
[2019.04.03-04.19.00:260][  0]LogLinker: Warning: Can't find file '/Game/NewMaterial'
[2019.04.03-04.19.00:260][  0]LoadErrors: Failed to load /Game/NewMaterial.NewMaterial Referenced by LandscapeComponent_60
[2019.04.03-04.19.00:260][  0]LogLinker: Warning: Can't find file for asset '/Game/NewMaterial' while loading NULL.
[2019.04.03-04.19.00:261][  0]LogLinker: Warning: Can't find file '/Game/NewMaterial'
[2019.04.03-04.19.00:261][  0]LoadErrors: Failed to load /Game/NewMaterial.NewMaterial Referenced by LandscapeComponent_61
[2019.04.03-04.19.00:261][  0]LogLinker: Warning: Can't find file for asset '/Game/NewMaterial' while loading NULL.
[2019.04.03-04.19.00:261][  0]LogLinker: Warning: Can't find file '/Game/NewMaterial'
[2019.04.03-04.19.00:261][  0]LoadErrors: Failed to load /Game/NewMaterial.NewMaterial Referenced by LandscapeComponent_62
[2019.04.03-04.19.00:261][  0]LogLinker: Warning: Can't find file for asset '/Game/NewMaterial' while loading NULL.
[2019.04.03-04.19.00:261][  0]LogLinker: Warning: Can't find file '/Game/NewMaterial'
[2019.04.03-04.19.00:261][  0]LoadErrors: Failed to load /Game/NewMaterial.NewMaterial Referenced by LandscapeComponent_63
[2019.04.03-04.19.00:261][  0]LogLinker: Warning: Can't find file for asset '/Game/NewMaterial' while loading NULL.
[2019.04.03-04.19.00:262][  0]LogLinker: Warning: Can't find file '/Game/NewMaterial'
[2019.04.03-04.19.00:262][  0]LoadErrors: Failed to load /Game/NewMaterial.NewMaterial Referenced by LandscapeComponent_7
[2019.04.03-04.19.00:262][  0]LogLinker: Warning: Can't find file for asset '/Game/NewMaterial' while loading NULL.
[2019.04.03-04.19.00:262][  0]LogLinker: Warning: Can't find file '/Game/NewMaterial'
[2019.04.03-04.19.00:262][  0]LoadErrors: Failed to load /Game/NewMaterial.NewMaterial Referenced by LandscapeComponent_8
[2019.04.03-04.19.00:262][  0]LogLinker: Warning: Can't find file for asset '/Game/NewMaterial' while loading NULL.
[2019.04.03-04.19.00:262][  0]LogLinker: Warning: Can't find file '/Game/NewMaterial'
[2019.04.03-04.19.00:262][  0]LoadErrors: Failed to load /Game/NewMaterial.NewMaterial Referenced by LandscapeComponent_9
[2019.04.03-04.19.00:262][  0]LogLinker: Warning: Can't find file for asset '/Game/NewMaterial' while loading NULL.
[2019.04.03-04.19.00:278][  0]LogLinker: Warning: Can't find file '/Game/NewMaterial'
[2019.04.03-04.19.00:278][  0]LoadErrors: Failed to load /Game/NewMaterial.NewMaterial Referenced by LandscapeMaterialInstanceConstant_518
[2019.04.03-04.19.00:278][  0]LogLinker: Warning: Can't find file for asset '/Game/NewMaterial' while loading NULL.
[2019.04.03-04.19.00:278][  0]LogLinker: Warning: Can't find file '/Game/NewMaterial'
[2019.04.03-04.19.00:278][  0]LoadErrors: Failed to load /Game/NewMaterial.NewMaterial Referenced by LandscapeMaterialInstanceConstant_519
[2019.04.03-04.19.00:278][  0]LogLinker: Warning: Can't find file for asset '/Game/NewMaterial' while loading NULL.
[2019.04.03-04.19.00:297][  0]LogAIModule: Creating AISystem for world TanksGrounds
[2019.04.03-04.19.00:334][  0]LogEditorServer: Finished looking for orphan Actors (0.000 secs)
[2019.04.03-04.19.00:369][  0]LogUObjectHash: Compacting FUObjectHashTables data took   2.58ms
[2019.04.03-04.19.00:369][  0]Cmd: MAP CHECKDEP NOCLEARLOG
[2019.04.03-04.19.00:370][  0]MapCheck: Map check complete: 0 Error(s), 0 Warning(s), took 0,192ms to complete.
[2019.04.03-04.19.00:370][  0]LogFileHelpers: Loading map 'TanksGrounds' took 0.221
[2019.04.03-04.19.00:503][  0]LogSlate: Updating window title bar state: overlay mode, drag disabled, window buttons hidden, title bar hidden
[2019.04.03-04.19.00:512][  0]LogSlate: Updating window title bar state: overlay mode, drag disabled, window buttons hidden, title bar hidden
[2019.04.03-04.19.00:521][  0]LogSlate: Updating window title bar state: overlay mode, drag disabled, window buttons hidden, title bar hidden
[2019.04.03-04.19.00:530][  0]LogSlate: Updating window title bar state: overlay mode, drag disabled, window buttons hidden, title bar hidden
[2019.04.03-04.19.00:544][  0]LogCollectionManager: Loaded 0 collections in 0.005346 seconds
[2019.04.03-04.19.00:575][  0]LogFileCache: Scanning file cache for directory 'E:/Unreal Proyects/Curso/Seecion04_Battle_tank/TanksGrounds/Saved/Collections/' took 0.01s
[2019.04.03-04.19.00:575][  0]LogFileCache: Scanning file cache for directory 'E:/Unreal Proyects/Curso/Seecion04_Battle_tank/TanksGrounds/Content/Developers/ELGRA/Collections/' took 0.00s
[2019.04.03-04.19.00:575][  0]LogFileCache: Scanning file cache for directory 'E:/Unreal Proyects/Curso/Seecion04_Battle_tank/TanksGrounds/Content/Collections/' took 0.01s
[2019.04.03-04.19.00:575][  0]LogCollectionManager: Rebuilt the GUID cache for 0 collections in 0.000001 seconds
[2019.04.03-04.19.00:586][  0]LogContentBrowser: Native class hierarchy populated in 0.0105 seconds. Added 2733 classes and 661 folders.
[2019.04.03-04.19.00:600][  0]LogContentBrowser: Native class hierarchy updated for 'WidgetCarousel' in 0.0004 seconds. Added 0 classes and 0 folders.
[2019.04.03-04.19.00:602][  0]LogPakFile: Registered encryption key '00000000000000000000000000000000': 0 pak files mounted, 0 remain pending
[2019.04.03-04.19.00:603][  0]LogPakFile: Registered encryption key '00000000000000000000000000000000': 0 pak files mounted, 0 remain pending
[2019.04.03-04.19.00:603][  0]LogPakFile: Registered encryption key '00000000000000000000000000000000': 0 pak files mounted, 0 remain pending
[2019.04.03-04.19.00:604][  0]LogPakFile: Registered encryption key '00000000000000000000000000000000': 0 pak files mounted, 0 remain pending
[2019.04.03-04.19.00:604][  0]LogPakFile: Registered encryption key '00000000000000000000000000000000': 0 pak files mounted, 0 remain pending
[2019.04.03-04.19.00:605][  0]LogPakFile: Registered encryption key '00000000000000000000000000000000': 0 pak files mounted, 0 remain pending
[2019.04.03-04.19.00:606][  0]LogPakFile: Registered encryption key '00000000000000000000000000000000': 0 pak files mounted, 0 remain pending
[2019.04.03-04.19.00:606][  0]LogPakFile: Registered encryption key '00000000000000000000000000000000': 0 pak files mounted, 0 remain pending
[2019.04.03-04.19.00:607][  0]LogPakFile: Registered encryption key '00000000000000000000000000000000': 0 pak files mounted, 0 remain pending
[2019.04.03-04.19.00:607][  0]LogPakFile: Registered encryption key '00000000000000000000000000000000': 0 pak files mounted, 0 remain pending
[2019.04.03-04.19.00:608][  0]LogPakFile: Registered encryption key '00000000000000000000000000000000': 0 pak files mounted, 0 remain pending
[2019.04.03-04.19.00:609][  0]LogPakFile: Registered encryption key '00000000000000000000000000000000': 0 pak files mounted, 0 remain pending
[2019.04.03-04.19.00:609][  0]LogPakFile: Registered encryption key '00000000000000000000000000000000': 0 pak files mounted, 0 remain pending
[2019.04.03-04.19.00:610][  0]LogPakFile: Registered encryption key '00000000000000000000000000000000': 0 pak files mounted, 0 remain pending
[2019.04.03-04.19.00:610][  0]LogPakFile: Registered encryption key '00000000000000000000000000000000': 0 pak files mounted, 0 remain pending
[2019.04.03-04.19.00:611][  0]LogPakFile: Registered encryption key '00000000000000000000000000000000': 0 pak files mounted, 0 remain pending
[2019.04.03-04.19.00:612][  0]LogPakFile: Registered encryption key '00000000000000000000000000000000': 0 pak files mounted, 0 remain pending
[2019.04.03-04.19.00:612][  0]LogPakFile: Registered encryption key '00000000000000000000000000000000': 0 pak files mounted, 0 remain pending
[2019.04.03-04.19.00:613][  0]LogPakFile: Registered encryption key '00000000000000000000000000000000': 0 pak files mounted, 0 remain pending
[2019.04.03-04.19.00:613][  0]LogPakFile: Registered encryption key '00000000000000000000000000000000': 0 pak files mounted, 0 remain pending
[2019.04.03-04.19.00:614][  0]LogPakFile: Registered encryption key '00000000000000000000000000000000': 0 pak files mounted, 0 remain pending
[2019.04.03-04.19.00:614][  0]LogPakFile: Registered encryption key '00000000000000000000000000000000': 0 pak files mounted, 0 remain pending
[2019.04.03-04.19.00:615][  0]LogPakFile: Registered encryption key '00000000000000000000000000000000': 0 pak files mounted, 0 remain pending
[2019.04.03-04.19.00:616][  0]LogPakFile: Registered encryption key '00000000000000000000000000000000': 0 pak files mounted, 0 remain pending
[2019.04.03-04.19.00:616][  0]LogPakFile: Registered encryption key '00000000000000000000000000000000': 0 pak files mounted, 0 remain pending
[2019.04.03-04.19.00:617][  0]LogPakFile: Registered encryption key '00000000000000000000000000000000': 0 pak files mounted, 0 remain pending
[2019.04.03-04.19.00:697][  0]LogContentBrowser: Native class hierarchy updated for 'AddContentDialog' in 0.0004 seconds. Added 0 classes and 0 folders.
[2019.04.03-04.19.00:708][  0]LogContentBrowser: Native class hierarchy updated for 'SceneOutliner' in 0.0005 seconds. Added 1 classes and 2 folders.
[2019.04.03-04.19.00:728][  0]LogSlate: Took 0.000526 seconds to synchronously load lazily loaded font '../../../Engine/Content/Slate/Fonts/Roboto-Regular.ttf' (155K)
[2019.04.03-04.19.00:732][  0]LogSlate: Took 0.000241 seconds to synchronously load lazily loaded font '../../../Engine/Content/Slate/Fonts/Roboto-Bold.ttf' (160K)
[2019.04.03-04.19.00:735][  0]LogSlate: Took 0.000219 seconds to synchronously load lazily loaded font '../../../Engine/Content/Editor/Slate/Fonts/FontAwesome.ttf' (139K)
[2019.04.03-04.19.00:794][  0]LogRenderer: Reallocating scene render targets to support 1532x688 Format 10 NumSamples 1 (Frame:1).
[2019.04.03-04.19.00:901][  0]LogSlate: Took 0.000233 seconds to synchronously load lazily loaded font '../../../Engine/Content/Slate/Fonts/Roboto-Light.ttf' (167K)
[2019.04.03-04.19.01:041][  0]LogContentBrowser: Native class hierarchy updated for 'HierarchicalLODOutliner' in 0.0004 seconds. Added 0 classes and 0 folders.
[2019.04.03-04.19.01:042][  0]LogLoad: (Engine Initialization) Total time: 13.29 seconds
[2019.04.03-04.19.01:042][  0]LogLoad: (Engine Initialization) Total Blueprint compile time: 0.00 seconds
[2019.04.03-04.19.01:052][  0]LogWindowsTextInputMethodSystem: Display: IME system now deactivated.
[2019.04.03-04.19.01:078][  0]LogAssetRegistry: Asset discovery search completed in 7.6247 seconds
[2019.04.03-04.19.01:080][  0]LogCollectionManager: Rebuilt the object cache for 0 collections in 0.000000 seconds (found 0 objects)
[2019.04.03-04.19.01:080][  0]LogCollectionManager: Fixed up redirectors for 0 collections in 0.000044 seconds (updated 0 objects)
[2019.04.03-04.19.01:081][  0]LogContentStreaming: Texture pool size now 1000 MB
[2019.04.03-04.19.01:106][  0]LogSlate: FSceneViewport::OnFocusLost() reason 2
[2019.04.03-04.19.02:372][137]LogSlate: Window 'Message Log' being destroyed
[2019.04.03-04.19.02:375][137]LogSlate: Window 'Message Log' being destroyed
[2019.04.03-04.19.03:064][214]LogEditorViewport: Clicking on Actor (LMB): Landscape (Landscape1)
[2019.04.03-04.19.04:144][334]Cmd: DELETE
[2019.04.03-04.19.04:144][334]Cmd: ACTOR DELETE
[2019.04.03-04.19.04:148][334]LogEditorActor: Deleted Actor: Landscape
[2019.04.03-04.19.04:191][334]LogUObjectHash: Compacting FUObjectHashTables data took   0.66ms
[2019.04.03-04.19.04:192][334]LogEditorActor: Deleted 1 Actors (0.048 secs)
[2019.04.03-04.19.06:951][652]LogSlate: FSceneViewport::OnFocusLost() reason 0
[2019.04.03-04.19.07:650][733]LogMaterial: Display: Missing cached shader map for material LayerVisMaterial, compiling. 
[2019.04.03-04.19.07:676][733]LogMaterial: Display: Missing cached shader map for material SelectBrushMaterial, compiling. 
[2019.04.03-04.19.07:705][733]LogMaterial: Display: Missing cached shader map for material SelectBrushMaterial, compiling. 
[2019.04.03-04.19.07:732][733]LogMaterial: Display: Missing cached shader map for material MaskBrushMaterial, compiling. 
[2019.04.03-04.19.07:766][733]LogMaterial: Display: Missing cached shader map for material LandscapeLayerUsageMaterial, compiling. 
[2019.04.03-04.19.07:810][733]LogMaterial: Display: Missing cached shader map for material CircleBrushMaterial, compiling. 
[2019.04.03-04.19.07:825][733]LogMaterial: Display: Missing cached shader map for material CircleBrushMaterial, compiling. 
[2019.04.03-04.19.07:845][733]LogMaterial: Display: Missing cached shader map for material CircleBrushMaterial, compiling. 
[2019.04.03-04.19.07:865][733]LogMaterial: Display: Missing cached shader map for material CircleBrushMaterial, compiling. 
[2019.04.03-04.19.07:887][733]LogMaterial: Display: Missing cached shader map for material AlphaBrushMaterial, compiling. 
[2019.04.03-04.19.07:909][733]LogMaterial: Display: Missing cached shader map for material CircleBrushMaterial, compiling. 
[2019.04.03-04.19.07:932][733]LogMaterial: Display: Missing cached shader map for material MaskBrushMaterial, compiling. 
[2019.04.03-04.19.07:947][733]LogTexture: Display: Building textures: Texture2D_2 (G8, 128X128)
[2019.04.03-04.19.07:948][733]LogLinker: Can't find file '/Game/NewMaterial'
[2019.04.03-04.19.07:948][733]LogLinker: Can't find file '/Game/NewMaterial'
[2019.04.03-04.19.14:430][327]LogSlate: Window 'Save Asset As' being destroyed
[2019.04.03-04.19.18:932][529]LogSlate: Window 'Save Asset As' being destroyed
[2019.04.03-04.19.27:857][575]LogSlate: Took 0.000238 seconds to synchronously load lazily loaded font '../../../Engine/Content/Slate/Fonts/Roboto-Light.ttf' (167K)
[2019.04.03-04.19.27:866][575]LogTexture: Display: Building textures: Texture2D_0 (BGRA8, 128X8)
[2019.04.03-04.19.27:871][575]LogMaterial: Display: Missing cached shader map for material NewMaterial, compiling. 
[2019.04.03-04.19.33:392][213]LogSlate: FSceneViewport::OnFocusLost() reason 0
[2019.04.03-04.19.33:823][222]Candidate modules for hot reload:
[2019.04.03-04.19.33:823][222]  TanksGrounds
[2019.04.03-04.19.33:823][222]Launching UnrealBuildTool... [C:/Program Files/Epic Games/UE_4.22/Engine/Binaries/DotNET/UnrealBuildTool.exe  -ModuleWithSuffix=TanksGrounds,1971 Win64 Development -TargetType=Editor -Project="E:/Unreal Proyects/Curso/Seecion04_Battle_tank/TanksGrounds/TanksGrounds.uproject" "E:/Unreal Proyects/Curso/Seecion04_Battle_tank/TanksGrounds/TanksGrounds.uproject"  -IgnoreJunk]
[2019.04.03-04.19.33:860][222]Warning: Starting HotReload took  0.4s.
[2019.04.03-04.20.11:762][591]Cmd: TRANSACTION UNDO
[2019.04.03-04.20.11:762][591]LogEditorTransaction: Undo Landscape Editing: Sculpt
[2019.04.03-04.20.11:789][591]LogTexture: Display: Building textures: Texture2D_0 (BGRA8, 128X8)
[2019.04.03-04.20.12:882][716]LogSlate: FSceneViewport::OnFocusLost() reason 0
[2019.04.03-04.20.20:186][533]CompilerResultsLog: New page: Compilation - 2/04/2019 6:20:20 p. m.
[2019.04.03-04.20.20:200][533]CompilerResultsLog: C:\Users\ELGRA\AppData\Roaming\Unreal Engine\UnrealBuildTool\BuildConfiguration.xml(2): warning: El elemento 'Configuration' en espacio de nombres 'https://www.unrealengine.com/BuildConfiguration' no puede contener texto. Lista esperada de posibles elementos: 'WindowsPlatform, XcodeProjectFileGenerator, BuildConfiguration, WindowsTargetRules, UEBuildConfiguration, SourceFileWorkingSet, ParallelExecutor, EddieProjectFileGenerator, HybridExecutor, VCProjectFileGenerator, HTML5Platform, VSCodeProjectFileGenerator, LocalExecutor, BuildMode, CLionGenerator, IOSToolChain, MakefileGenerator, ProjectFileGenerator, RemoteMac, SNDBS, CodeLiteGenerator, VCMacProjectFileGenerator, KDevelopGenerator, QMakefileGenerator, CMakefileGenerator' en espacio de nombres 'https://www.unrealengine.com/BuildConfiguration'.
[2019.04.03-04.20.20:200][533]CompilerResultsLog: C:\Users\ELGRA\AppData\Roaming\Unreal Engine\UnrealBuildTool\BuildConfiguration.xml(5): warning: El elemento 'Configuration' en espacio de nombres 'https://www.unrealengine.com/BuildConfiguration' no puede contener texto. Lista esperada de posibles elementos: 'WindowsPlatform, XcodeProjectFileGenerator, WindowsTargetRules, UEBuildConfiguration, SourceFileWorkingSet, ParallelExecutor, EddieProjectFileGenerator, HybridExecutor, VCProjectFileGenerator, HTML5Platform, VSCodeProjectFileGenerator, LocalExecutor, BuildMode, CLionGenerator, IOSToolChain, MakefileGenerator, ProjectFileGenerator, RemoteMac, SNDBS, CodeLiteGenerator, VCMacProjectFileGenerator, KDevelopGenerator, QMakefileGenerator, CMakefileGenerator' en espacio de nombres 'https://www.unrealengine.com/BuildConfiguration'.
[2019.04.03-04.20.20:200][533]CompilerResultsLog: Using 'git status' to determine working set for adaptive non-unity build (E:\Unreal Proyects\Curso\Seecion04_Battle_tank).
[2019.04.03-04.20.20:200][533]CompilerResultsLog: Creating makefile for TanksGroundsEditor (ini files are newer than makefile)
[2019.04.03-04.20.20:200][533]CompilerResultsLog: Parsing headers for TanksGroundsEditor
[2019.04.03-04.20.20:200][533]CompilerResultsLog:   Running UnrealHeaderTool "E:\Unreal Proyects\Curso\Seecion04_Battle_tank\TanksGrounds\TanksGrounds.uproject" "E:\Unreal Proyects\Curso\Seecion04_Battle_tank\TanksGrounds\Intermediate\Build\Win64\TanksGroundsEditor\Development\TanksGroundsEditor.uhtmanifest" -LogCmds="loginit warning, logexit warning, logdatabase error" -Unattended -WarningsAsErrors -installed
[2019.04.03-04.20.20:200][533]CompilerResultsLog: Reflection code generated for TanksGroundsEditor in 35,7070377 seconds
[2019.04.03-04.20.20:200][533]CompilerResultsLog: Using Visual Studio 2017 14.16.27023 toolchain (C:\Program Files (x86)\Microsoft Visual Studio\2017\Community\VC\Tools\MSVC\14.16.27023) and Windows 10.0.16299.0 SDK (C:\Program Files (x86)\Windows Kits\10).
[2019.04.03-04.20.20:200][533]CompilerResultsLog: Building 3 actions with 4 processes...
[2019.04.03-04.20.20:200][533]CompilerResultsLog:   [1/3] UE4Editor-TanksGrounds-1971.lib
[2019.04.03-04.20.20:200][533]CompilerResultsLog:      Creando biblioteca E:\Unreal Proyects\Curso\Seecion04_Battle_tank\TanksGrounds\Intermediate\Build\Win64\UE4Editor\Development\TanksGrounds\UE4Editor-TanksGrounds-1971.lib y objeto E:\Unreal Proyects\Curso\Seecion04_Battle_tank\TanksGrounds\Intermediate\Build\Win64\UE4Editor\Development\TanksGrounds\UE4Editor-TanksGrounds-1971.exp
[2019.04.03-04.20.20:200][533]CompilerResultsLog:   [2/3] UE4Editor-TanksGrounds-1971.dll
[2019.04.03-04.20.20:200][533]CompilerResultsLog:      Creando biblioteca E:\Unreal Proyects\Curso\Seecion04_Battle_tank\TanksGrounds\Intermediate\Build\Win64\UE4Editor\Development\TanksGrounds\UE4Editor-TanksGrounds-1971.suppressed.lib y objeto E:\Unreal Proyects\Curso\Seecion04_Battle_tank\TanksGrounds\Intermediate\Build\Win64\UE4Editor\Development\TanksGrounds\UE4Editor-TanksGrounds-1971.suppressed.exp
[2019.04.03-04.20.20:200][533]CompilerResultsLog:   [3/3] TanksGroundsEditor.target
[2019.04.03-04.20.20:200][533]CompilerResultsLog: Total time in Parallel executor: 4,83 seconds
[2019.04.03-04.20.20:200][533]CompilerResultsLog: Total execution time: 46,10 seconds
[2019.04.03-04.20.20:209][533]LogMainFrame: MainFrame: Module compiling took 46.545 seconds
[2019.04.03-04.20.20:247][533]LogUObjectHash: Compacting FUObjectHashTables data took   1.21ms
[2019.04.03-04.20.20:345][533]LogContentBrowser: Native class hierarchy updated for 'TanksGrounds' in 0.0004 seconds. Added 1 classes and 2 folders.
[2019.04.03-04.20.20:347][533]Display: HotReload successful (0 functions remapped  0 scriptstructs remapped)
[2019.04.03-04.20.20:455][533]LogUObjectHash: Compacting FUObjectHashTables data took   1.17ms
[2019.04.03-04.20.20:491][533]LogContentBrowser: Native class hierarchy populated in 0.0091 seconds. Added 2734 classes and 663 folders.
[2019.04.03-04.20.20:560][533]Display: HotReload took 47.1s.
[2019.04.03-04.20.20:586][536]LogSlate: FSceneViewport::OnFocusLost() reason 0
[2019.04.03-04.20.28:824][414]LogSlate: FSceneViewport::OnFocusLost() reason 0
[2019.04.03-04.20.36:218][281]LogSlate: FSceneViewport::OnFocusLost() reason 2
[2019.04.03-04.20.43:867][155]LogSlate: FSceneViewport::OnFocusLost() reason 0
[2019.04.03-04.20.48:916][750]LogSlate: FSceneViewport::OnFocusLost() reason 2
[2019.04.03-04.20.57:324][739]LogSlate: FSceneViewport::OnFocusLost() reason 0
[2019.04.03-04.21.01:600][248]LogSlate: FSceneViewport::OnFocusLost() reason 0
[2019.04.03-04.21.01:733][264]LogTemp: Repeating last play command: Selected Viewport
[2019.04.03-04.21.01:745][264]LogBlueprintUserMessages: Early PlayInEditor Detection: Level '/Game/TanksGrounds.TanksGrounds:PersistentLevel' has LevelScriptBlueprint '/Game/TanksGrounds.TanksGrounds:PersistentLevel.TanksGrounds' with GeneratedClass '/Game/TanksGrounds.TanksGrounds_C' with ClassGeneratedBy '/Game/TanksGrounds.TanksGrounds:PersistentLevel.TanksGrounds'
[2019.04.03-04.21.01:745][264]LogPlayLevel: PlayLevel: No blueprints needed recompiling
[2019.04.03-04.21.01:745][264]PIE: New page: PIE session: TanksGrounds (2/04/2019 6:21:01 p. m.)
[2019.04.03-04.21.01:757][264]LogPlayLevel: Creating play world package: /Game/UEDPIE_0_TanksGrounds
[2019.04.03-04.21.01:777][264]LogPlayLevel: PIE: StaticDuplicateObject took: (0.019839s)
[2019.04.03-04.21.01:778][264]LogAIModule: Creating AISystem for world TanksGrounds
[2019.04.03-04.21.01:778][264]LogPlayLevel: PIE: World Init took: (0.000757s)
[2019.04.03-04.21.01:778][264]LogPlayLevel: PIE: Created PIE world by copying editor world from /Game/TanksGrounds.TanksGrounds to /Game/UEDPIE_0_TanksGrounds.TanksGrounds (0.021211s)
[2019.04.03-04.21.01:803][264]LogUObjectHash: Compacting FUObjectHashTables data took   1.24ms
[2019.04.03-04.21.01:819][264]LogInit: XAudio2 using 'Altavoces (Realtek High Definition Audio)' : 2 channels at 48 kHz using 32 bits per sample (channel mask 0x3)
[2019.04.03-04.21.01:843][264]LogInit: FAudioDevice initialized.
[2019.04.03-04.21.01:886][264]LogLoad: Game class is 'GameModeBase'
[2019.04.03-04.21.01:888][264]LogWorld: Bringing World /Game/UEDPIE_0_TanksGrounds.TanksGrounds up for play (max tick rate 0) at 2019.04.02-23.21.01
[2019.04.03-04.21.01:888][264]LogWorld: Bringing up level for play took: 0.000850
[2019.04.03-04.21.02:044][264]LogContentBrowser: Native class hierarchy updated for 'MovieSceneCapture' in 0.0005 seconds. Added 20 classes and 0 folders.
[2019.04.03-04.21.02:045][264]PIE: Play in editor start time for /Game/UEDPIE_0_TanksGrounds 0,696
[2019.04.03-04.21.02:045][264]LogBlueprintUserMessages: Late PlayInEditor Detection: Level '/Game/TanksGrounds.TanksGrounds:PersistentLevel' has LevelScriptBlueprint '/Game/TanksGrounds.TanksGrounds:PersistentLevel.TanksGrounds' with GeneratedClass '/Game/TanksGrounds.TanksGrounds_C' with ClassGeneratedBy '/Game/TanksGrounds.TanksGrounds:PersistentLevel.TanksGrounds'
[2019.04.03-04.21.08:413][  7]LogBlueprintUserMessages: Early EndPlayMap Detection: Level '/Game/TanksGrounds.TanksGrounds:PersistentLevel' has LevelScriptBlueprint '/Game/TanksGrounds.TanksGrounds:PersistentLevel.TanksGrounds' with GeneratedClass '/Game/TanksGrounds.TanksGrounds_C' with ClassGeneratedBy '/Game/TanksGrounds.TanksGrounds:PersistentLevel.TanksGrounds'
[2019.04.03-04.21.08:414][  7]LogSlate: Updating window title bar state: overlay mode, drag disabled, window buttons hidden, title bar hidden
[2019.04.03-04.21.08:446][  7]LogPlayLevel: Display: Shutting down PIE online subsystems
[2019.04.03-04.21.08:447][  7]LogBlueprintUserMessages: Late EndPlayMap Detection: Level '/Game/TanksGrounds.TanksGrounds:PersistentLevel' has LevelScriptBlueprint '/Game/TanksGrounds.TanksGrounds:PersistentLevel.TanksGrounds' with GeneratedClass '/Game/TanksGrounds.TanksGrounds_C' with ClassGeneratedBy '/Game/TanksGrounds.TanksGrounds:PersistentLevel.TanksGrounds'
[2019.04.03-04.21.08:474][  7]LogSlate: Updating window title bar state: overlay mode, drag disabled, window buttons hidden, title bar hidden
[2019.04.03-04.21.08:478][  7]LogUObjectHash: Compacting FUObjectHashTables data took   1.68ms
[2019.04.03-04.21.08:518][ 10]LogPlayLevel: Display: Destroying online subsystem :Context_2
[2019.04.03-04.21.09:113][ 81]Cmd: SELECT NONE
[2019.04.03-04.21.10:403][197]LogSlate: FSceneViewport::OnFocusLost() reason 2
[2019.04.03-04.21.18:994][197]LogSlate: FSceneViewport::OnFocusLost() reason 2
