Log file open, 04/02/19 22:47:03
LogWindows: Failed to load 'aqProf.dll' (GetLastError=126)
LogWindows: File 'aqProf.dll' does not exist
LogWindows: Failed to load 'VtuneApi.dll' (GetLastError=126)
LogWindows: File 'VtuneApi.dll' does not exist
LogWindows: Failed to load 'VtuneApi32e.dll' (GetLastError=126)
LogWindows: File 'VtuneApi32e.dll' does not exist
LogConsoleResponse: Display: Failed to find resolution value strings in scalability ini. Falling back to default.
LogInit: Display: Running engine for game: TanksGrounds
LogPakFile: Registered encryption key '00000000000000000000000000000000': 0 pak files mounted, 0 remain pending
LogPlatformFile: Not using cached read wrapper
LogTaskGraph: Started task graph with 5 named threads and 14 total threads with 3 sets of task threads.
LogStats: Stats thread started at 0.225218
LogD3D11RHI: Loaded GFSDK_Aftermath_Lib.x64.dll
LogWindows: Failed to load '../../../Engine/Binaries/ThirdParty/libsndfile/Win64/libsndfile-1.dll' (GetLastError=126)
LogWindows: File '../../../Engine/Binaries/ThirdParty/libsndfile/Win64/libsndfile-1.dll' does not exist
LogAudioMixer: Display: Failed to load Sound File dll
LogAudioEditor: Display: LibSoundFile failed to load. Importing audio will not work correctly.
LogICUInternationalization: ICU TimeZone Detection - Raw Offset: -5:00, Platform Override: ''
LogPluginManager: Mounting plugin Paper2D
LogPluginManager: Mounting plugin AISupport
LogPluginManager: Mounting plugin LightPropagationVolume
LogPluginManager: Mounting plugin ActorLayerUtilities
LogPluginManager: Mounting plugin AnimationSharing
LogPluginManager: Mounting plugin CLionSourceCodeAccess
LogPluginManager: Mounting plugin CodeLiteSourceCodeAccess
LogPluginManager: Mounting plugin GitSourceControl
LogPluginManager: Mounting plugin KDevelopSourceCodeAccess
LogPluginManager: Mounting plugin NullSourceCodeAccess
LogPluginManager: Mounting plugin PerforceSourceControl
LogPluginManager: Mounting plugin SubversionSourceControl
LogPluginManager: Mounting plugin UObjectPlugin
LogPluginManager: Mounting plugin VisualStudioCodeSourceCodeAccess
LogPluginManager: Mounting plugin VisualStudioSourceCodeAccess
LogPluginManager: Mounting plugin XCodeSourceCodeAccess
LogPluginManager: Mounting plugin AssetManagerEditor
LogPluginManager: Mounting plugin CryptoKeys
LogPluginManager: Mounting plugin DataValidation
LogPluginManager: Mounting plugin FacialAnimation
LogPluginManager: Mounting plugin GameplayTagsEditor
LogPluginManager: Mounting plugin MacGraphicsSwitching
LogPluginManager: Mounting plugin MaterialAnalyzer
LogPluginManager: Mounting plugin MobileLauncherProfileWizard
LogPluginManager: Mounting plugin PluginBrowser
LogPluginManager: Mounting plugin SpeedTreeImporter
LogPluginManager: Mounting plugin DatasmithContent
LogPluginManager: Mounting plugin VariantManagerContent
LogPluginManager: Mounting plugin AlembicImporter
LogPluginManager: Mounting plugin AppleImageUtils
LogPluginManager: Mounting plugin AppleVision
LogPluginManager: Mounting plugin BackChannel
LogPluginManager: Mounting plugin CharacterAI
LogPluginManager: Mounting plugin GeometryCache
LogPluginManager: Mounting plugin HTML5Networking
LogPluginManager: Mounting plugin ProxyLODPlugin
LogPluginManager: Mounting plugin SkeletalReduction
LogPluginManager: Mounting plugin MagicLeap
LogPluginManager: Mounting plugin MagicLeapMedia
LogPluginManager: Mounting plugin AndroidMedia
LogPluginManager: Mounting plugin AvfMedia
LogPluginManager: Mounting plugin ImgMedia
LogPluginManager: Mounting plugin LinearTimecode
LogPluginManager: Mounting plugin MediaCompositing
LogPluginManager: Mounting plugin MediaPlayerEditor
LogPluginManager: Mounting plugin WebMMedia
LogPluginManager: Mounting plugin WmfMedia
LogPluginManager: Mounting plugin TcpMessaging
LogPluginManager: Mounting plugin UdpMessaging
LogPluginManager: Mounting plugin ActorSequence
LogPluginManager: Mounting plugin LevelSequenceEditor
LogPluginManager: Mounting plugin MatineeToLevelSequence
LogPluginManager: Mounting plugin NetcodeUnitTest
LogPluginManager: Mounting plugin NUTUnrealEngine4
LogPluginManager: Mounting plugin OnlineSubsystemGooglePlay
LogPluginManager: Mounting plugin OnlineSubsystemIOS
LogPluginManager: Mounting plugin OnlineSubsystem
LogPluginManager: Mounting plugin OnlineSubsystemNull
LogPluginManager: Mounting plugin OnlineSubsystemUtils
LogPluginManager: Mounting plugin LauncherChunkInstaller
LogPluginManager: Mounting plugin AndroidDeviceProfileSelector
LogPluginManager: Mounting plugin AndroidMoviePlayer
LogPluginManager: Mounting plugin AndroidPermission
LogPluginManager: Mounting plugin AppleMoviePlayer
LogPluginManager: Mounting plugin ArchVisCharacter
LogPluginManager: Mounting plugin AudioCapture
LogPluginManager: Mounting plugin CableComponent
LogPluginManager: Mounting plugin CustomMeshComponent
LogPluginManager: Mounting plugin EditableMesh
LogPluginManager: Mounting plugin ExampleDeviceProfileSelector
LogPluginManager: Mounting plugin Firebase
LogPluginManager: Mounting plugin GoogleCloudMessaging
LogPluginManager: Mounting plugin IOSDeviceProfileSelector
LogPluginManager: Mounting plugin LinuxDeviceProfileSelector
LogPluginManager: Mounting plugin LocationServicesBPLibrary
LogPluginManager: Mounting plugin MobilePatchingUtils
LogPluginManager: Mounting plugin OculusVR
LogPluginManager: Mounting plugin PhysXVehicles
LogPluginManager: Mounting plugin ProceduralMeshComponent
LogPluginManager: Mounting plugin RuntimePhysXCooking
LogPluginManager: Mounting plugin SignificanceManager
LogPluginManager: Mounting plugin SteamVR
LogPluginManager: Mounting plugin WebMMoviePlayer
LogPluginManager: Mounting plugin WindowsMoviePlayer
LogInit: Using libcurl 7.55.1-DEV
LogInit:  - built for x86_64-pc-win32
LogInit:  - supports SSL with OpenSSL/1.1.1
LogInit:  - supports HTTP deflate (compression) using libz 1.2.8
LogInit:  - other features:
LogInit:      CURL_VERSION_SSL
LogInit:      CURL_VERSION_LIBZ
LogInit:      CURL_VERSION_IPV6
LogInit:      CURL_VERSION_ASYNCHDNS
LogInit:      CURL_VERSION_LARGEFILE
LogInit:      CURL_VERSION_IDN
LogInit:  CurlRequestOptions (configurable via config and command line):
LogInit:  - bVerifyPeer = true  - Libcurl will verify peer certificate
LogInit:  - bUseHttpProxy = false  - Libcurl will NOT use HTTP proxy
LogInit:  - bDontReuseConnections = false  - Libcurl will reuse connections
LogInit:  - MaxHostConnections = 16  - Libcurl will limit the number of connections to a host
LogInit:  - LocalHostAddr = Default
LogInit:  - BufferSize = 65536
LogInit: WinSock: version 1.1 (2.2), MaxSocks=32767, MaxUdp=65467
LogInit: Build: ++UE4+Release-4.22-CL-5660361
LogInit: Engine Version: 4.22.0-5660361+++UE4+Release-4.22
LogInit: Compatible Engine Version: 4.22.0-5660361+++UE4+Release-4.22
LogInit: Net CL: 5660361
LogInit: OS: Windows 10 (Release 1803) (), CPU: Intel(R) Core(TM) i5-4460  CPU @ 3.20GHz, GPU: NVIDIA GeForce GTX 1060 6GB
LogInit: Compiled (64-bit): Mar 31 2019 02:05:09
LogInit: Compiled with Visual C++: 19.16.27025.01
LogInit: Build Configuration: Development
LogInit: Branch Name: ++UE4+Release-4.22
LogInit: Command Line: 
LogInit: Base Directory: C:/Program Files/Epic Games/UE_4.22/Engine/Binaries/Win64/
LogInit: Installed Engine Build: 1
LogDevObjectVersion: Number of dev versions registered: 23
LogDevObjectVersion:   Dev-Blueprints (B0D832E4-1F89-4F0D-ACCF-7EB736FD4AA2): 10
LogDevObjectVersion:   Dev-Build (E1C64328-A22C-4D53-A36C-8E866417BD8C): 0
LogDevObjectVersion:   Dev-Core (375EC13C-06E4-48FB-B500-84F0262A717E): 3
LogDevObjectVersion:   Dev-Editor (E4B068ED-F494-42E9-A231-DA0B2E46BB41): 30
LogDevObjectVersion:   Dev-Framework (CFFC743F-43B0-4480-9391-14DF171D2073): 35
LogDevObjectVersion:   Dev-Mobile (B02B49B5-BB20-44E9-A304-32B752E40360): 2
LogDevObjectVersion:   Dev-Networking (A4E4105C-59A1-49B5-A7C5-40C4547EDFEE): 0
LogDevObjectVersion:   Dev-Online (39C831C9-5AE6-47DC-9A44-9C173E1C8E7C): 0
LogDevObjectVersion:   Dev-Physics (78F01B33-EBEA-4F98-B9B4-84EACCB95AA2): 0
LogDevObjectVersion:   Dev-Platform (6631380F-2D4D-43E0-8009-CF276956A95A): 0
LogDevObjectVersion:   Dev-Rendering (12F88B9F-8875-4AFC-A67C-D90C383ABD29): 28
LogDevObjectVersion:   Dev-Sequencer (7B5AE74C-D270-4C10-A958-57980B212A5A): 11
LogDevObjectVersion:   Dev-VR (D7296918-1DD6-4BDD-9DE2-64A83CC13884): 2
LogDevObjectVersion:   Dev-LoadTimes (C2A15278-BFE7-4AFE-6C17-90FF531DF755): 1
LogDevObjectVersion:   Private-Geometry (6EACA3D4-40EC-4CC1-B786-8BED09428FC5): 3
LogDevObjectVersion:   Dev-AnimPhys (29E575DD-E0A3-4627-9D10-D276232CDCEA): 17
LogDevObjectVersion:   Dev-Anim (AF43A65D-7FD3-4947-9873-3E8ED9C1BB05): 2
LogDevObjectVersion:   Dev-ReflectionCapture (6B266CEC-1EC7-4B8F-A30B-E4D90942FC07): 1
LogDevObjectVersion:   Dev-Automation (0DF73D61-A23F-47EA-B727-89E90C41499A): 1
LogDevObjectVersion:   FortniteMain (601D1886-AC64-4F84-AA16-D3DE0DEAC7D6): 25
LogDevObjectVersion:   Dev-Enterprise (9DFFBCD6-494F-0158-E221-12823C92A888): 6
LogDevObjectVersion:   Dev-Niagara (F2AED0AC-9AFE-416F-8664-AA7FFA26D6FC): 1
LogDevObjectVersion:   Dev-Destruction (174F1F0B-B4C6-45A5-B13F-2EE8D0FB917D): 2
LogInit: Presizing for max 16777216 objects, including 0 objects not considered by GC, pre-allocating 0 bytes for permanent pool.
LogInit: Object subsystem initialized
LogConfig: Setting CVar [[con.DebugEarlyDefault:1]]
LogConfig: Setting CVar [[r.setres:1280x720]]
[2019.04.03-03.47.04:230][  0]LogConfig: Setting CVar [[r.VSync:0]]
[2019.04.03-03.47.04:230][  0]LogConfig: Setting CVar [[r.RHICmdBypass:0]]
[2019.04.03-03.47.04:230][  0]LogConfig: Applying CVar settings from Section [/Script/Engine.RendererSettings] File [E:/Unreal Proyects/Curso/Seecion04_Battle_tank/TanksGrounds/Saved/Config/Windows/Engine.ini]
[2019.04.03-03.47.04:230][  0]LogConfig: Setting CVar [[r.GPUCrashDebugging:0]]
[2019.04.03-03.47.04:230][  0]LogConfig: Setting CVar [[r.DefaultFeature.AutoExposure.ExtendDefaultLuminanceRange:1]]
[2019.04.03-03.47.04:230][  0]LogConfig: Applying CVar settings from Section [/Script/Engine.RendererOverrideSettings] File [E:/Unreal Proyects/Curso/Seecion04_Battle_tank/TanksGrounds/Saved/Config/Windows/Engine.ini]
[2019.04.03-03.47.04:230][  0]LogConfig: Applying CVar settings from Section [/Script/Engine.StreamingSettings] File [E:/Unreal Proyects/Curso/Seecion04_Battle_tank/TanksGrounds/Saved/Config/Windows/Engine.ini]
[2019.04.03-03.47.04:230][  0]LogConfig: Setting CVar [[s.MinBulkDataSizeForAsyncLoading:131072]]
[2019.04.03-03.47.04:230][  0]LogConfig: Setting CVar [[s.AsyncLoadingThreadEnabled:0]]
[2019.04.03-03.47.04:230][  0]LogConfig: Setting CVar [[s.EventDrivenLoaderEnabled:1]]
[2019.04.03-03.47.04:230][  0]LogConfig: Setting CVar [[s.WarnIfTimeLimitExceeded:0]]
[2019.04.03-03.47.04:230][  0]LogConfig: Setting CVar [[s.TimeLimitExceededMultiplier:1.5]]
[2019.04.03-03.47.04:230][  0]LogConfig: Setting CVar [[s.TimeLimitExceededMinTime:0.005]]
[2019.04.03-03.47.04:230][  0]LogConfig: Setting CVar [[s.UseBackgroundLevelStreaming:1]]
[2019.04.03-03.47.04:230][  0]LogConfig: Setting CVar [[s.PriorityAsyncLoadingExtraTime:15.0]]
[2019.04.03-03.47.04:230][  0]LogConfig: Setting CVar [[s.LevelStreamingActorsUpdateTimeLimit:5.0]]
[2019.04.03-03.47.04:230][  0]LogConfig: Setting CVar [[s.PriorityLevelStreamingActorsUpdateExtraTime:5.0]]
[2019.04.03-03.47.04:230][  0]LogConfig: Setting CVar [[s.LevelStreamingComponentsRegistrationGranularity:10]]
[2019.04.03-03.47.04:230][  0]LogConfig: Setting CVar [[s.UnregisterComponentsTimeLimit:1.0]]
[2019.04.03-03.47.04:230][  0]LogConfig: Setting CVar [[s.LevelStreamingComponentsUnregistrationGranularity:5]]
[2019.04.03-03.47.04:230][  0]LogConfig: Applying CVar settings from Section [/Script/Engine.GarbageCollectionSettings] File [E:/Unreal Proyects/Curso/Seecion04_Battle_tank/TanksGrounds/Saved/Config/Windows/Engine.ini]
[2019.04.03-03.47.04:230][  0]LogConfig: Setting CVar [[gc.MaxObjectsNotConsideredByGC:1]]
[2019.04.03-03.47.04:230][  0]LogConfig: Setting CVar [[gc.SizeOfPermanentObjectPool:0]]
[2019.04.03-03.47.04:230][  0]LogConfig: Setting CVar [[gc.FlushStreamingOnGC:0]]
[2019.04.03-03.47.04:230][  0]LogConfig: Setting CVar [[gc.NumRetriesBeforeForcingGC:10]]
[2019.04.03-03.47.04:230][  0]LogConfig: Setting CVar [[gc.AllowParallelGC:1]]
[2019.04.03-03.47.04:230][  0]LogConfig: Setting CVar [[gc.TimeBetweenPurgingPendingKillObjects:61.1]]
[2019.04.03-03.47.04:230][  0]LogConfig: Setting CVar [[gc.MaxObjectsInEditor:16777216]]
[2019.04.03-03.47.04:230][  0]LogConfig: Setting CVar [[gc.IncrementalBeginDestroyEnabled:1]]
[2019.04.03-03.47.04:230][  0]LogConfig: Setting CVar [[gc.CreateGCClusters:1]]
[2019.04.03-03.47.04:230][  0]LogConfig: Setting CVar [[gc.MinGCClusterSize:5]]
[2019.04.03-03.47.04:230][  0]LogConfig: Setting CVar [[gc.ActorClusteringEnabled:0]]
[2019.04.03-03.47.04:230][  0]LogConfig: Setting CVar [[gc.BlueprintClusteringEnabled:0]]
[2019.04.03-03.47.04:230][  0]LogConfig: Setting CVar [[gc.UseDisregardForGCOnDedicatedServers:0]]
[2019.04.03-03.47.04:230][  0]LogConfig: Applying CVar settings from Section [/Script/Engine.NetworkSettings] File [E:/Unreal Proyects/Curso/Seecion04_Battle_tank/TanksGrounds/Saved/Config/Windows/Engine.ini]
[2019.04.03-03.47.04:230][  0]LogConfig: Applying CVar settings from Section [/Script/UnrealEd.CookerSettings] File [E:/Unreal Proyects/Curso/Seecion04_Battle_tank/TanksGrounds/Saved/Config/Windows/Engine.ini]
[2019.04.03-03.47.04:236][  0]LogConfig: Applying CVar settings from Section [ViewDistanceQuality@3] File [E:/Unreal Proyects/Curso/Seecion04_Battle_tank/TanksGrounds/Saved/Config/Windows/Scalability.ini]
[2019.04.03-03.47.04:236][  0]LogConfig: Setting CVar [[r.SkeletalMeshLODBias:0]]
[2019.04.03-03.47.04:236][  0]LogConfig: Setting CVar [[r.ViewDistanceScale:1.0]]
[2019.04.03-03.47.04:236][  0]LogConfig: Applying CVar settings from Section [AntiAliasingQuality@3] File [E:/Unreal Proyects/Curso/Seecion04_Battle_tank/TanksGrounds/Saved/Config/Windows/Scalability.ini]
[2019.04.03-03.47.04:236][  0]LogConfig: Setting CVar [[r.PostProcessAAQuality:4]]
[2019.04.03-03.47.04:236][  0]LogConfig: Applying CVar settings from Section [ShadowQuality@3] File [E:/Unreal Proyects/Curso/Seecion04_Battle_tank/TanksGrounds/Saved/Config/Windows/Scalability.ini]
[2019.04.03-03.47.04:236][  0]LogConfig: Setting CVar [[r.LightFunctionQuality:1]]
[2019.04.03-03.47.04:236][  0]LogConfig: Setting CVar [[r.ShadowQuality:5]]
[2019.04.03-03.47.04:236][  0]LogConfig: Setting CVar [[r.Shadow.CSM.MaxCascades:10]]
[2019.04.03-03.47.04:236][  0]LogConfig: Setting CVar [[r.Shadow.MaxResolution:2048]]
[2019.04.03-03.47.04:236][  0]LogConfig: Setting CVar [[r.Shadow.MaxCSMResolution:2048]]
[2019.04.03-03.47.04:236][  0]LogConfig: Setting CVar [[r.Shadow.RadiusThreshold:0.01]]
[2019.04.03-03.47.04:236][  0]LogConfig: Setting CVar [[r.Shadow.DistanceScale:1.0]]
[2019.04.03-03.47.04:236][  0]LogConfig: Setting CVar [[r.Shadow.CSM.TransitionScale:1.0]]
[2019.04.03-03.47.04:236][  0]LogConfig: Setting CVar [[r.Shadow.PreShadowResolutionFactor:1.0]]
[2019.04.03-03.47.04:236][  0]LogConfig: Setting CVar [[r.DistanceFieldShadowing:1]]
[2019.04.03-03.47.04:236][  0]LogConfig: Setting CVar [[r.DistanceFieldAO:1]]
[2019.04.03-03.47.04:236][  0]LogConfig: Setting CVar [[r.AOQuality:2]]
[2019.04.03-03.47.04:236][  0]LogConfig: Setting CVar [[r.VolumetricFog:1]]
[2019.04.03-03.47.04:236][  0]LogConfig: Setting CVar [[r.VolumetricFog.GridPixelSize:8]]
[2019.04.03-03.47.04:236][  0]LogConfig: Setting CVar [[r.VolumetricFog.GridSizeZ:128]]
[2019.04.03-03.47.04:236][  0]LogConfig: Setting CVar [[r.VolumetricFog.HistoryMissSupersampleCount:4]]
[2019.04.03-03.47.04:236][  0]LogConfig: Setting CVar [[r.LightMaxDrawDistanceScale:1]]
[2019.04.03-03.47.04:236][  0]LogConfig: Setting CVar [[r.CapsuleShadows:1]]
[2019.04.03-03.47.04:236][  0]LogConfig: Applying CVar settings from Section [PostProcessQuality@3] File [E:/Unreal Proyects/Curso/Seecion04_Battle_tank/TanksGrounds/Saved/Config/Windows/Scalability.ini]
[2019.04.03-03.47.04:236][  0]LogConfig: Setting CVar [[r.MotionBlurQuality:4]]
[2019.04.03-03.47.04:236][  0]LogConfig: Setting CVar [[r.AmbientOcclusionMipLevelFactor:0.4]]
[2019.04.03-03.47.04:236][  0]LogConfig: Setting CVar [[r.AmbientOcclusionMaxQuality:100]]
[2019.04.03-03.47.04:236][  0]LogConfig: Setting CVar [[r.AmbientOcclusionLevels:-1]]
[2019.04.03-03.47.04:236][  0]LogConfig: Setting CVar [[r.AmbientOcclusionRadiusScale:1.0]]
[2019.04.03-03.47.04:236][  0]LogConfig: Setting CVar [[r.DepthOfFieldQuality:2]]
[2019.04.03-03.47.04:236][  0]LogConfig: Setting CVar [[r.RenderTargetPoolMin:400]]
[2019.04.03-03.47.04:236][  0]LogConfig: Setting CVar [[r.LensFlareQuality:2]]
[2019.04.03-03.47.04:236][  0]LogConfig: Setting CVar [[r.SceneColorFringeQuality:1]]
[2019.04.03-03.47.04:236][  0]LogConfig: Setting CVar [[r.EyeAdaptationQuality:2]]
[2019.04.03-03.47.04:236][  0]LogConfig: Setting CVar [[r.BloomQuality:5]]
[2019.04.03-03.47.04:236][  0]LogConfig: Setting CVar [[r.FastBlurThreshold:100]]
[2019.04.03-03.47.04:236][  0]LogConfig: Setting CVar [[r.Upscale.Quality:3]]
[2019.04.03-03.47.04:236][  0]LogConfig: Setting CVar [[r.Tonemapper.GrainQuantization:1]]
[2019.04.03-03.47.04:236][  0]LogConfig: Setting CVar [[r.LightShaftQuality:1]]
[2019.04.03-03.47.04:236][  0]LogConfig: Setting CVar [[r.Filter.SizeScale:1]]
[2019.04.03-03.47.04:236][  0]LogConfig: Setting CVar [[r.Tonemapper.Quality:5]]
[2019.04.03-03.47.04:236][  0]LogConfig: Setting CVar [[r.DOF.Gather.AccumulatorQuality:1        ; higher gathering accumulator quality]]
[2019.04.03-03.47.04:236][  0]LogConfig: Setting CVar [[r.DOF.Gather.PostfilterMethod:1          ; Median3x3 postfilering method]]
[2019.04.03-03.47.04:236][  0]LogConfig: Setting CVar [[r.DOF.Gather.EnableBokehSettings:0       ; no bokeh simulation when gathering]]
[2019.04.03-03.47.04:236][  0]LogConfig: Setting CVar [[r.DOF.Gather.RingCount:4                 ; medium number of samples when gathering]]
[2019.04.03-03.47.04:236][  0]LogConfig: Setting CVar [[r.DOF.Scatter.ForegroundCompositing:1    ; additive foreground scattering]]
[2019.04.03-03.47.04:236][  0]LogConfig: Setting CVar [[r.DOF.Scatter.BackgroundCompositing:2    ; additive background scattering]]
[2019.04.03-03.47.04:236][  0]LogConfig: Setting CVar [[r.DOF.Scatter.EnableBokehSettings:1      ; bokeh simulation when scattering]]
[2019.04.03-03.47.04:236][  0]LogConfig: Setting CVar [[r.DOF.Scatter.MaxSpriteRatio:0.1         ; only a maximum of 10% of scattered bokeh]]
[2019.04.03-03.47.04:236][  0]LogConfig: Setting CVar [[r.DOF.Recombine.Quality:1                ; cheap slight out of focus]]
[2019.04.03-03.47.04:236][  0]LogConfig: Setting CVar [[r.DOF.Recombine.EnableBokehSettings:0    ; no bokeh simulation on slight out of focus]]
[2019.04.03-03.47.04:236][  0]LogConfig: Setting CVar [[r.DOF.TemporalAAQuality:1                ; more stable temporal accumulation]]
[2019.04.03-03.47.04:236][  0]LogConfig: Setting CVar [[r.DOF.Kernel.MaxForegroundRadius:0.025]]
[2019.04.03-03.47.04:236][  0]LogConfig: Setting CVar [[r.DOF.Kernel.MaxBackgroundRadius:0.025]]
[2019.04.03-03.47.04:237][  0]LogConfig: Applying CVar settings from Section [TextureQuality@3] File [E:/Unreal Proyects/Curso/Seecion04_Battle_tank/TanksGrounds/Saved/Config/Windows/Scalability.ini]
[2019.04.03-03.47.04:237][  0]LogConfig: Setting CVar [[r.Streaming.MipBias:0]]
[2019.04.03-03.47.04:237][  0]LogConfig: Setting CVar [[r.Streaming.AmortizeCPUToGPUCopy:0]]
[2019.04.03-03.47.04:237][  0]LogConfig: Setting CVar [[r.Streaming.MaxNumTexturesToStreamPerFrame:0]]
[2019.04.03-03.47.04:237][  0]LogConfig: Setting CVar [[r.Streaming.Boost:1]]
[2019.04.03-03.47.04:237][  0]LogConfig: Setting CVar [[r.MaxAnisotropy:8]]
[2019.04.03-03.47.04:237][  0]LogConfig: Setting CVar [[r.Streaming.LimitPoolSizeToVRAM:0]]
[2019.04.03-03.47.04:237][  0]LogConfig: Setting CVar [[r.Streaming.PoolSize:1000]]
[2019.04.03-03.47.04:237][  0]LogConfig: Setting CVar [[r.Streaming.MaxEffectiveScreenSize:0]]
[2019.04.03-03.47.04:237][  0]LogConfig: Applying CVar settings from Section [EffectsQuality@3] File [E:/Unreal Proyects/Curso/Seecion04_Battle_tank/TanksGrounds/Saved/Config/Windows/Scalability.ini]
[2019.04.03-03.47.04:237][  0]LogConfig: Setting CVar [[r.TranslucencyLightingVolumeDim:64]]
[2019.04.03-03.47.04:237][  0]LogConfig: Setting CVar [[r.RefractionQuality:2]]
[2019.04.03-03.47.04:237][  0]LogConfig: Setting CVar [[r.SSR.Quality:3]]
[2019.04.03-03.47.04:237][  0]LogConfig: Setting CVar [[r.SceneColorFormat:4]]
[2019.04.03-03.47.04:237][  0]LogConfig: Setting CVar [[r.DetailMode:2]]
[2019.04.03-03.47.04:237][  0]LogConfig: Setting CVar [[r.TranslucencyVolumeBlur:1]]
[2019.04.03-03.47.04:237][  0]LogConfig: Setting CVar [[r.MaterialQualityLevel:1 ; High quality]]
[2019.04.03-03.47.04:237][  0]LogConfig: Setting CVar [[r.SSS.Scale:1]]
[2019.04.03-03.47.04:237][  0]LogConfig: Setting CVar [[r.SSS.SampleSet:2]]
[2019.04.03-03.47.04:237][  0]LogConfig: Setting CVar [[r.SSS.Quality:1]]
[2019.04.03-03.47.04:237][  0]LogConfig: Setting CVar [[r.SSS.HalfRes:1]]
[2019.04.03-03.47.04:237][  0]LogConfig: Setting CVar [[r.EmitterSpawnRateScale:1.0]]
[2019.04.03-03.47.04:237][  0]LogConfig: Setting CVar [[r.ParticleLightQuality:2]]
[2019.04.03-03.47.04:237][  0]LogConfig: Applying CVar settings from Section [FoliageQuality@3] File [E:/Unreal Proyects/Curso/Seecion04_Battle_tank/TanksGrounds/Saved/Config/Windows/Scalability.ini]
[2019.04.03-03.47.04:237][  0]LogConfig: Setting CVar [[foliage.DensityScale:1.0]]
[2019.04.03-03.47.04:237][  0]LogConfig: Setting CVar [[grass.DensityScale:1.0]]
[2019.04.03-03.47.04:237][  0]LogInit: Selected Device Profile: [Windows]
[2019.04.03-03.47.04:237][  0]LogInit: Applying CVar settings loaded from the selected device profile: [Windows]
[2019.04.03-03.47.04:249][  0]LogHAL: Display: Platform has ~ 12 GB [12764684288 / 17179869184 / 12], which maps to Larger [LargestMinGB=32, LargerMinGB=12, DefaultMinGB=8, SmallerMinGB=6, SmallestMinGB=0)
[2019.04.03-03.47.04:249][  0]LogConfig: Setting CVar [[r.Vulkan.UseRealUBs:0		; Required until we fix HLR fall-out]]
[2019.04.03-03.47.04:249][  0]LogInit: Going up to parent DeviceProfile []
[2019.04.03-03.47.04:249][  0]LogConfig: Applying CVar settings from Section [ViewDistanceQuality@3] File [E:/Unreal Proyects/Curso/Seecion04_Battle_tank/TanksGrounds/Saved/Config/Windows/Scalability.ini]
[2019.04.03-03.47.04:249][  0]LogConfig: Setting CVar [[r.SkeletalMeshLODBias:0]]
[2019.04.03-03.47.04:249][  0]LogConfig: Setting CVar [[r.ViewDistanceScale:1.0]]
[2019.04.03-03.47.04:249][  0]LogConfig: Applying CVar settings from Section [AntiAliasingQuality@3] File [E:/Unreal Proyects/Curso/Seecion04_Battle_tank/TanksGrounds/Saved/Config/Windows/Scalability.ini]
[2019.04.03-03.47.04:249][  0]LogConfig: Setting CVar [[r.PostProcessAAQuality:4]]
[2019.04.03-03.47.04:249][  0]LogConfig: Applying CVar settings from Section [ShadowQuality@3] File [E:/Unreal Proyects/Curso/Seecion04_Battle_tank/TanksGrounds/Saved/Config/Windows/Scalability.ini]
[2019.04.03-03.47.04:249][  0]LogConfig: Setting CVar [[r.LightFunctionQuality:1]]
[2019.04.03-03.47.04:249][  0]LogConfig: Setting CVar [[r.ShadowQuality:5]]
[2019.04.03-03.47.04:249][  0]LogConfig: Setting CVar [[r.Shadow.CSM.MaxCascades:10]]
[2019.04.03-03.47.04:249][  0]LogConfig: Setting CVar [[r.Shadow.MaxResolution:2048]]
[2019.04.03-03.47.04:250][  0]LogConfig: Setting CVar [[r.Shadow.MaxCSMResolution:2048]]
[2019.04.03-03.47.04:250][  0]LogConfig: Setting CVar [[r.Shadow.RadiusThreshold:0.01]]
[2019.04.03-03.47.04:250][  0]LogConfig: Setting CVar [[r.Shadow.DistanceScale:1.0]]
[2019.04.03-03.47.04:250][  0]LogConfig: Setting CVar [[r.Shadow.CSM.TransitionScale:1.0]]
[2019.04.03-03.47.04:250][  0]LogConfig: Setting CVar [[r.Shadow.PreShadowResolutionFactor:1.0]]
[2019.04.03-03.47.04:250][  0]LogConfig: Setting CVar [[r.DistanceFieldShadowing:1]]
[2019.04.03-03.47.04:250][  0]LogConfig: Setting CVar [[r.DistanceFieldAO:1]]
[2019.04.03-03.47.04:250][  0]LogConfig: Setting CVar [[r.AOQuality:2]]
[2019.04.03-03.47.04:250][  0]LogConfig: Setting CVar [[r.VolumetricFog:1]]
[2019.04.03-03.47.04:250][  0]LogConfig: Setting CVar [[r.VolumetricFog.GridPixelSize:8]]
[2019.04.03-03.47.04:250][  0]LogConfig: Setting CVar [[r.VolumetricFog.GridSizeZ:128]]
[2019.04.03-03.47.04:250][  0]LogConfig: Setting CVar [[r.VolumetricFog.HistoryMissSupersampleCount:4]]
[2019.04.03-03.47.04:250][  0]LogConfig: Setting CVar [[r.LightMaxDrawDistanceScale:1]]
[2019.04.03-03.47.04:250][  0]LogConfig: Setting CVar [[r.CapsuleShadows:1]]
[2019.04.03-03.47.04:250][  0]LogConfig: Applying CVar settings from Section [PostProcessQuality@3] File [E:/Unreal Proyects/Curso/Seecion04_Battle_tank/TanksGrounds/Saved/Config/Windows/Scalability.ini]
[2019.04.03-03.47.04:250][  0]LogConfig: Setting CVar [[r.MotionBlurQuality:4]]
[2019.04.03-03.47.04:250][  0]LogConfig: Setting CVar [[r.AmbientOcclusionMipLevelFactor:0.4]]
[2019.04.03-03.47.04:250][  0]LogConfig: Setting CVar [[r.AmbientOcclusionMaxQuality:100]]
[2019.04.03-03.47.04:250][  0]LogConfig: Setting CVar [[r.AmbientOcclusionLevels:-1]]
[2019.04.03-03.47.04:250][  0]LogConfig: Setting CVar [[r.AmbientOcclusionRadiusScale:1.0]]
[2019.04.03-03.47.04:250][  0]LogConfig: Setting CVar [[r.DepthOfFieldQuality:2]]
[2019.04.03-03.47.04:250][  0]LogConfig: Setting CVar [[r.RenderTargetPoolMin:400]]
[2019.04.03-03.47.04:250][  0]LogConfig: Setting CVar [[r.LensFlareQuality:2]]
[2019.04.03-03.47.04:250][  0]LogConfig: Setting CVar [[r.SceneColorFringeQuality:1]]
[2019.04.03-03.47.04:250][  0]LogConfig: Setting CVar [[r.EyeAdaptationQuality:2]]
[2019.04.03-03.47.04:250][  0]LogConfig: Setting CVar [[r.BloomQuality:5]]
[2019.04.03-03.47.04:250][  0]LogConfig: Setting CVar [[r.FastBlurThreshold:100]]
[2019.04.03-03.47.04:250][  0]LogConfig: Setting CVar [[r.Upscale.Quality:3]]
[2019.04.03-03.47.04:250][  0]LogConfig: Setting CVar [[r.Tonemapper.GrainQuantization:1]]
[2019.04.03-03.47.04:250][  0]LogConfig: Setting CVar [[r.LightShaftQuality:1]]
[2019.04.03-03.47.04:250][  0]LogConfig: Setting CVar [[r.Filter.SizeScale:1]]
[2019.04.03-03.47.04:250][  0]LogConfig: Setting CVar [[r.Tonemapper.Quality:5]]
[2019.04.03-03.47.04:250][  0]LogConfig: Setting CVar [[r.DOF.Gather.AccumulatorQuality:1        ; higher gathering accumulator quality]]
[2019.04.03-03.47.04:250][  0]LogConfig: Setting CVar [[r.DOF.Gather.PostfilterMethod:1          ; Median3x3 postfilering method]]
[2019.04.03-03.47.04:250][  0]LogConfig: Setting CVar [[r.DOF.Gather.EnableBokehSettings:0       ; no bokeh simulation when gathering]]
[2019.04.03-03.47.04:250][  0]LogConfig: Setting CVar [[r.DOF.Gather.RingCount:4                 ; medium number of samples when gathering]]
[2019.04.03-03.47.04:250][  0]LogConfig: Setting CVar [[r.DOF.Scatter.ForegroundCompositing:1    ; additive foreground scattering]]
[2019.04.03-03.47.04:250][  0]LogConfig: Setting CVar [[r.DOF.Scatter.BackgroundCompositing:2    ; additive background scattering]]
[2019.04.03-03.47.04:250][  0]LogConfig: Setting CVar [[r.DOF.Scatter.EnableBokehSettings:1      ; bokeh simulation when scattering]]
[2019.04.03-03.47.04:251][  0]LogConfig: Setting CVar [[r.DOF.Scatter.MaxSpriteRatio:0.1         ; only a maximum of 10% of scattered bokeh]]
[2019.04.03-03.47.04:251][  0]LogConfig: Setting CVar [[r.DOF.Recombine.Quality:1                ; cheap slight out of focus]]
[2019.04.03-03.47.04:251][  0]LogConfig: Setting CVar [[r.DOF.Recombine.EnableBokehSettings:0    ; no bokeh simulation on slight out of focus]]
[2019.04.03-03.47.04:251][  0]LogConfig: Setting CVar [[r.DOF.TemporalAAQuality:1                ; more stable temporal accumulation]]
[2019.04.03-03.47.04:251][  0]LogConfig: Setting CVar [[r.DOF.Kernel.MaxForegroundRadius:0.025]]
[2019.04.03-03.47.04:251][  0]LogConfig: Setting CVar [[r.DOF.Kernel.MaxBackgroundRadius:0.025]]
[2019.04.03-03.47.04:251][  0]LogConfig: Applying CVar settings from Section [TextureQuality@3] File [E:/Unreal Proyects/Curso/Seecion04_Battle_tank/TanksGrounds/Saved/Config/Windows/Scalability.ini]
[2019.04.03-03.47.04:251][  0]LogConfig: Setting CVar [[r.Streaming.MipBias:0]]
[2019.04.03-03.47.04:251][  0]LogConfig: Setting CVar [[r.Streaming.AmortizeCPUToGPUCopy:0]]
[2019.04.03-03.47.04:251][  0]LogConfig: Setting CVar [[r.Streaming.MaxNumTexturesToStreamPerFrame:0]]
[2019.04.03-03.47.04:251][  0]LogConfig: Setting CVar [[r.Streaming.Boost:1]]
[2019.04.03-03.47.04:251][  0]LogConfig: Setting CVar [[r.MaxAnisotropy:8]]
[2019.04.03-03.47.04:251][  0]LogConfig: Setting CVar [[r.Streaming.LimitPoolSizeToVRAM:0]]
[2019.04.03-03.47.04:251][  0]LogConfig: Setting CVar [[r.Streaming.PoolSize:1000]]
[2019.04.03-03.47.04:251][  0]LogConfig: Setting CVar [[r.Streaming.MaxEffectiveScreenSize:0]]
[2019.04.03-03.47.04:251][  0]LogConfig: Applying CVar settings from Section [EffectsQuality@3] File [E:/Unreal Proyects/Curso/Seecion04_Battle_tank/TanksGrounds/Saved/Config/Windows/Scalability.ini]
[2019.04.03-03.47.04:251][  0]LogConfig: Setting CVar [[r.TranslucencyLightingVolumeDim:64]]
[2019.04.03-03.47.04:251][  0]LogConfig: Setting CVar [[r.RefractionQuality:2]]
[2019.04.03-03.47.04:251][  0]LogConfig: Setting CVar [[r.SSR.Quality:3]]
[2019.04.03-03.47.04:251][  0]LogConfig: Setting CVar [[r.SceneColorFormat:4]]
[2019.04.03-03.47.04:251][  0]LogConfig: Setting CVar [[r.DetailMode:2]]
[2019.04.03-03.47.04:251][  0]LogConfig: Setting CVar [[r.TranslucencyVolumeBlur:1]]
[2019.04.03-03.47.04:251][  0]LogConfig: Setting CVar [[r.MaterialQualityLevel:1 ; High quality]]
[2019.04.03-03.47.04:251][  0]LogConfig: Setting CVar [[r.SSS.Scale:1]]
[2019.04.03-03.47.04:251][  0]LogConfig: Setting CVar [[r.SSS.SampleSet:2]]
[2019.04.03-03.47.04:251][  0]LogConfig: Setting CVar [[r.SSS.Quality:1]]
[2019.04.03-03.47.04:251][  0]LogConfig: Setting CVar [[r.SSS.HalfRes:1]]
[2019.04.03-03.47.04:251][  0]LogConfig: Setting CVar [[r.EmitterSpawnRateScale:1.0]]
[2019.04.03-03.47.04:251][  0]LogConfig: Setting CVar [[r.ParticleLightQuality:2]]
[2019.04.03-03.47.04:251][  0]LogConfig: Applying CVar settings from Section [FoliageQuality@3] File [E:/Unreal Proyects/Curso/Seecion04_Battle_tank/TanksGrounds/Saved/Config/Windows/Scalability.ini]
[2019.04.03-03.47.04:251][  0]LogConfig: Setting CVar [[foliage.DensityScale:1.0]]
[2019.04.03-03.47.04:251][  0]LogConfig: Setting CVar [[grass.DensityScale:1.0]]
[2019.04.03-03.47.04:251][  0]LogConfig: Applying CVar settings from Section [Startup] File [../../../Engine/Config/ConsoleVariables.ini]
[2019.04.03-03.47.04:251][  0]LogConfig: Setting CVar [[net.UseAdaptiveNetUpdateFrequency:0]]
[2019.04.03-03.47.04:251][  0]LogConfig: Setting CVar [[p.chaos.AllowCreatePhysxBodies:1]]
[2019.04.03-03.47.04:251][  0]LogConfig: Applying CVar settings from Section [ConsoleVariables] File [E:/Unreal Proyects/Curso/Seecion04_Battle_tank/TanksGrounds/Saved/Config/Windows/Engine.ini]
[2019.04.03-03.47.04:252][  0]LogInit: Computer: DESKTOP-CD54N45
[2019.04.03-03.47.04:252][  0]LogInit: User: ELGRA
[2019.04.03-03.47.04:252][  0]LogInit: CPU Page size=4096, Cores=4
[2019.04.03-03.47.04:252][  0]LogInit: High frequency timer resolution =3.124997 MHz
[2019.04.03-03.47.04:252][  0]LogMemory: Memory total: Physical=11.9GB (12GB approx)
[2019.04.03-03.47.04:252][  0]LogMemory: Platform Memory Stats for Windows
[2019.04.03-03.47.04:252][  0]LogMemory: Process Physical Memory: 96.00 MB used, 96.00 MB peak
[2019.04.03-03.47.04:252][  0]LogMemory: Process Virtual Memory: 83.98 MB used, 83.98 MB peak
[2019.04.03-03.47.04:252][  0]LogMemory: Physical Memory: 5251.32 MB used,  6922.03 MB free, 12173.35 MB total
[2019.04.03-03.47.04:252][  0]LogMemory: Virtual Memory: 4640.32 MB used,  134213088.00 MB free, 134217728.00 MB total
[2019.04.03-03.47.04:288][  0]LogInit: Overriding language with editor language configuration option (en).
[2019.04.03-03.47.04:288][  0]LogInit: Overriding locale with editor culture configuration option ().
[2019.04.03-03.47.04:288][  0]LogInit: Using OS detected locale (es-CO).
[2019.04.03-03.47.04:502][  0]LogInit: Setting process to per monitor DPI aware
[2019.04.03-03.47.04:535][  0]LogSlate: New Slate User Created.  User Index 0, Is Virtual User: 0
[2019.04.03-03.47.04:535][  0]LogSlate: Slate User Registered.  User Index 0, Is Virtual User: 0
[2019.04.03-03.47.04:730][  0]LogHMD: Failed to initialize OpenVR with code 110
[2019.04.03-03.47.04:730][  0]LogD3D11RHI: D3D11 adapters:
[2019.04.03-03.47.04:812][  0]LogD3D11RHI:    0. 'NVIDIA GeForce GTX 1060 6GB' (Feature Level 11_0)
[2019.04.03-03.47.04:812][  0]LogD3D11RHI:       6052/0/6086 MB DedicatedVideo/DedicatedSystem/SharedSystem, Outputs:1, VendorId:0x10de
[2019.04.03-03.47.04:820][  0]LogD3D11RHI:    1. 'Intel(R) HD Graphics 4600' (Feature Level 11_0)
[2019.04.03-03.47.04:820][  0]LogD3D11RHI:       112/0/2048 MB DedicatedVideo/DedicatedSystem/SharedSystem, Outputs:1, VendorId:0x8086
[2019.04.03-03.47.04:892][  0]LogD3D11RHI:    2. 'NVIDIA GeForce GTX 950' (Feature Level 11_0)
[2019.04.03-03.47.04:892][  0]LogD3D11RHI:       2007/0/6086 MB DedicatedVideo/DedicatedSystem/SharedSystem, Outputs:0, VendorId:0x10de
[2019.04.03-03.47.04:895][  0]LogD3D11RHI:    3. 'Microsoft Basic Render Driver' (Feature Level 11_0)
[2019.04.03-03.47.04:895][  0]LogD3D11RHI:       0/0/6086 MB DedicatedVideo/DedicatedSystem/SharedSystem, Outputs:0, VendorId:0x1414
[2019.04.03-03.47.04:895][  0]LogD3D11RHI: Chosen D3D11 Adapter: 0
[2019.04.03-03.47.04:903][  0]LogD3D11RHI: Creating new Direct3DDevice
[2019.04.03-03.47.04:903][  0]LogD3D11RHI:     GPU DeviceId: 0x1c03 (for the marketing name, search the web for "GPU Device Id")
[2019.04.03-03.47.04:903][  0]LogWindows: EnumDisplayDevices:
[2019.04.03-03.47.04:904][  0]LogWindows:    0. 'NVIDIA GeForce GTX 1060 6GB' (P:1 D:1)
[2019.04.03-03.47.04:904][  0]LogWindows:    1. 'NVIDIA GeForce GTX 1060 6GB' (P:0 D:0)
[2019.04.03-03.47.04:904][  0]LogWindows:    2. 'NVIDIA GeForce GTX 1060 6GB' (P:0 D:0)
[2019.04.03-03.47.04:905][  0]LogWindows:    3. 'NVIDIA GeForce GTX 1060 6GB' (P:0 D:0)
[2019.04.03-03.47.04:905][  0]LogWindows:    4. 'Intel(R) HD Graphics 4600' (P:0 D:1)
[2019.04.03-03.47.04:906][  0]LogWindows:    5. 'Intel(R) HD Graphics 4600' (P:0 D:0)
[2019.04.03-03.47.04:906][  0]LogWindows:    6. 'Intel(R) HD Graphics 4600' (P:0 D:0)
[2019.04.03-03.47.04:907][  0]LogWindows:    7. 'NVIDIA GeForce GTX 950' (P:0 D:0)
[2019.04.03-03.47.04:907][  0]LogWindows:    8. 'NVIDIA GeForce GTX 950' (P:0 D:0)
[2019.04.03-03.47.04:908][  0]LogWindows:    9. 'NVIDIA GeForce GTX 950' (P:0 D:0)
[2019.04.03-03.47.04:908][  0]LogWindows:    10. 'NVIDIA GeForce GTX 950' (P:0 D:0)
[2019.04.03-03.47.04:908][  0]LogWindows: DebugString: PrimaryIsNotTheChoosenAdapter PrimaryIsNotTheChoosenAdapter PrimaryIsNotTheChoosenAdapter PrimaryIsNotTheChoosenAdapter PrimaryIsNotTheChoosenAdapter PrimaryIsNotTheChoosenAdapter PrimaryIsNotTheChoosenAdapter FoundDriverCount:4 
[2019.04.03-03.47.04:908][  0]LogD3D11RHI:     Adapter Name: NVIDIA GeForce GTX 1060 6GB
[2019.04.03-03.47.04:908][  0]LogD3D11RHI:   Driver Version: 419.67 (internal:25.21.14.1967, unified:419.67)
[2019.04.03-03.47.04:908][  0]LogD3D11RHI:      Driver Date: 3-17-2019
[2019.04.03-03.47.04:908][  0]LogRHI: Texture pool is 4236 MB (70% of 6052 MB)
[2019.04.03-03.47.04:960][  0]LogD3D11RHI: Async texture creation enabled
[2019.04.03-03.47.04:964][  0]LogRendererCore: FGlobalReadBuffer::InitRHI
[2019.04.03-03.47.04:965][  0]LogRendererCore: FGlobalReadBuffer::InitRHI
[2019.04.03-03.47.04:965][  0]LogRendererCore: FGlobalReadBuffer::InitRHI
[2019.04.03-03.47.04:974][  0]LogD3D11RHI: GPU Timing Frequency: 1000.000000 (Debug: 2 1)
[2019.04.03-03.47.05:399][  0]LogTemp: Display: Module 'AllDesktopTargetPlatform' loaded TargetPlatform 'AllDesktop'
[2019.04.03-03.47.05:417][  0]LogTemp: Display: Module 'MacClientTargetPlatform' loaded TargetPlatform 'MacClient'
[2019.04.03-03.47.05:435][  0]LogTemp: Display: Module 'MacNoEditorTargetPlatform' loaded TargetPlatform 'MacNoEditor'
[2019.04.03-03.47.05:454][  0]LogTemp: Display: Module 'MacServerTargetPlatform' loaded TargetPlatform 'MacServer'
[2019.04.03-03.47.05:473][  0]LogTemp: Display: Module 'MacTargetPlatform' loaded TargetPlatform 'Mac'
[2019.04.03-03.47.05:490][  0]LogTemp: Display: Module 'WindowsClientTargetPlatform' loaded TargetPlatform 'WindowsClient'
[2019.04.03-03.47.05:508][  0]LogTemp: Display: Module 'WindowsNoEditorTargetPlatform' loaded TargetPlatform 'WindowsNoEditor'
[2019.04.03-03.47.05:527][  0]LogTemp: Display: Module 'WindowsServerTargetPlatform' loaded TargetPlatform 'WindowsServer'
[2019.04.03-03.47.05:537][  0]LogTemp: Display: Module 'WindowsTargetPlatform' loaded TargetPlatform 'Windows'
[2019.04.03-03.47.05:630][  0]LogTemp: Display: Module 'AndroidTargetPlatform' loaded TargetPlatform 'Android'
[2019.04.03-03.47.05:630][  0]LogTemp: Display: Module 'AndroidTargetPlatform' loaded TargetPlatform 'Android_ASTC'
[2019.04.03-03.47.05:630][  0]LogTemp: Display: Module 'AndroidTargetPlatform' loaded TargetPlatform 'Android_ATC'
[2019.04.03-03.47.05:630][  0]LogTemp: Display: Module 'AndroidTargetPlatform' loaded TargetPlatform 'Android_DXT'
[2019.04.03-03.47.05:630][  0]LogTemp: Display: Module 'AndroidTargetPlatform' loaded TargetPlatform 'Android_ETC1'
[2019.04.03-03.47.05:630][  0]LogTemp: Display: Module 'AndroidTargetPlatform' loaded TargetPlatform 'Android_ETC1a'
[2019.04.03-03.47.05:630][  0]LogTemp: Display: Module 'AndroidTargetPlatform' loaded TargetPlatform 'Android_ETC2'
[2019.04.03-03.47.05:630][  0]LogTemp: Display: Module 'AndroidTargetPlatform' loaded TargetPlatform 'Android_PVRTC'
[2019.04.03-03.47.05:630][  0]LogTemp: Display: Module 'AndroidTargetPlatform' loaded TargetPlatform 'AndroidClient'
[2019.04.03-03.47.05:630][  0]LogTemp: Display: Module 'AndroidTargetPlatform' loaded TargetPlatform 'Android_ASTCClient'
[2019.04.03-03.47.05:630][  0]LogTemp: Display: Module 'AndroidTargetPlatform' loaded TargetPlatform 'Android_ATCClient'
[2019.04.03-03.47.05:630][  0]LogTemp: Display: Module 'AndroidTargetPlatform' loaded TargetPlatform 'Android_DXTClient'
[2019.04.03-03.47.05:630][  0]LogTemp: Display: Module 'AndroidTargetPlatform' loaded TargetPlatform 'Android_ETC1Client'
[2019.04.03-03.47.05:630][  0]LogTemp: Display: Module 'AndroidTargetPlatform' loaded TargetPlatform 'Android_ETC1aClient'
[2019.04.03-03.47.05:630][  0]LogTemp: Display: Module 'AndroidTargetPlatform' loaded TargetPlatform 'Android_ETC2Client'
[2019.04.03-03.47.05:630][  0]LogTemp: Display: Module 'AndroidTargetPlatform' loaded TargetPlatform 'Android_PVRTCClient'
[2019.04.03-03.47.05:630][  0]LogTemp: Display: Module 'AndroidTargetPlatform' loaded TargetPlatform 'Android_Multi'
[2019.04.03-03.47.05:630][  0]LogTemp: Display: Module 'AndroidTargetPlatform' loaded TargetPlatform 'Android_MultiClient'
[2019.04.03-03.47.05:632][  0]LogTemp: Display: Module 'HTML5TargetPlatform' loaded TargetPlatform 'HTML5'
[2019.04.03-03.47.05:687][  0]LogTemp: Display: Module 'IOSTargetPlatform' loaded TargetPlatform 'IOSClient'
[2019.04.03-03.47.05:687][  0]LogTemp: Display: Module 'IOSTargetPlatform' loaded TargetPlatform 'IOS'
[2019.04.03-03.47.05:715][  0]LogTemp: Display: Module 'TVOSTargetPlatform' loaded TargetPlatform 'TVOSClient'
[2019.04.03-03.47.05:715][  0]LogTemp: Display: Module 'TVOSTargetPlatform' loaded TargetPlatform 'TVOS'
[2019.04.03-03.47.05:729][  0]LogTemp: Display: Module 'LinuxClientTargetPlatform' loaded TargetPlatform 'LinuxClient'
[2019.04.03-03.47.05:743][  0]LogTemp: Display: Module 'LinuxNoEditorTargetPlatform' loaded TargetPlatform 'LinuxNoEditor'
[2019.04.03-03.47.05:757][  0]LogTemp: Display: Module 'LinuxServerTargetPlatform' loaded TargetPlatform 'LinuxServer'
[2019.04.03-03.47.05:773][  0]LogTemp: Display: Module 'LinuxTargetPlatform' loaded TargetPlatform 'Linux'
[2019.04.03-03.47.05:823][  0]LogTemp: Display: Module 'LuminTargetPlatform' loaded TargetPlatform 'Lumin'
[2019.04.03-03.47.05:823][  0]LogTemp: Display: Module 'LuminTargetPlatform' loaded TargetPlatform 'LuminClient'
[2019.04.03-03.47.05:823][  0]LogTargetPlatformManager: Display: Building Assets For Windows
[2019.04.03-03.47.05:838][  0]LogAudioDebug: Display: Lib vorbis DLL was dynamically loaded.
[2019.04.03-03.47.05:934][  0]LogShaderCompilers: Guid format shader working directory is -14 characters bigger than the processId version (E:/Unreal Proyects/Curso/Seecion04_Battle_tank/TanksGrounds/Intermediate/Shaders/WorkingDirectory/19808/).
[2019.04.03-03.47.05:934][  0]LogShaderCompilers: Cleaned the shader compiler working directory 'C:/Users/ELGRA/AppData/Local/Temp/UnrealShaderWorkingDir/72D6394F4EE686C52EF2BDBD5ABF29FA/'.
[2019.04.03-03.47.05:939][  0]LogXGEController: Cleaning working directory: C:/Users/ELGRA/AppData/Local/Temp/UnrealXGEWorkingDir/
[2019.04.03-03.47.05:962][  0]LogShaderCompilers: Display: Using XGE Shader Compiler (Interception Interface).
[2019.04.03-03.47.06:588][  0]LogDerivedDataCache: Display: Max Cache Size: 512 MB
[2019.04.03-03.47.06:678][  0]LogDerivedDataCache: Loaded boot cache 0.09s 71MB C:/Users/ELGRA/AppData/Local/UnrealEngine/4.22/DerivedDataCache/Boot.ddc.
[2019.04.03-03.47.06:678][  0]LogDerivedDataCache: Display: Loaded Boot cache: C:/Users/ELGRA/AppData/Local/UnrealEngine/4.22/DerivedDataCache/Boot.ddc
[2019.04.03-03.47.06:678][  0]LogDerivedDataCache: FDerivedDataBackendGraph:  Pak pak cache file E:/Unreal Proyects/Curso/Seecion04_Battle_tank/TanksGrounds/DerivedDataCache/DDC.ddp not found, will not use a pak cache.
[2019.04.03-03.47.06:678][  0]LogDerivedDataCache: Unable to find inner node Pak for hierarchical cache Hierarchy.
[2019.04.03-03.47.06:678][  0]LogDerivedDataCache: FDerivedDataBackendGraph:  CompressedPak pak cache file E:/Unreal Proyects/Curso/Seecion04_Battle_tank/TanksGrounds/DerivedDataCache/Compressed.ddp not found, will not use a pak cache.
[2019.04.03-03.47.06:678][  0]LogDerivedDataCache: Unable to find inner node CompressedPak for hierarchical cache Hierarchy.
[2019.04.03-03.47.06:692][  0]LogDerivedDataCache: Display: Pak cache opened for reading ../../../Engine/DerivedDataCache/Compressed.ddp.
[2019.04.03-03.47.06:692][  0]LogDerivedDataCache: FDerivedDataBackendGraph:  EnterprisePak pak cache file ../../../Enterprise/DerivedDataCache/Compressed.ddp not found, will not use a pak cache.
[2019.04.03-03.47.06:692][  0]LogDerivedDataCache: Unable to find inner node EnterprisePak for hierarchical cache Hierarchy.
[2019.04.03-03.47.06:705][  0]LogDerivedDataCache: Using Local data cache path C:/Users/ELGRA/AppData/Local/UnrealEngine/Common/DerivedDataCache: Writable
[2019.04.03-03.47.06:705][  0]LogDerivedDataCache: Shared data cache path not found in *engine.ini, will not use an Shared cache.
[2019.04.03-03.47.06:705][  0]LogDerivedDataCache: Unable to find inner node Shared for hierarchical cache Hierarchy.
[2019.04.03-03.47.06:730][  0]LogMaterial: Verifying Global Shaders for PCD3D_SM5
[2019.04.03-03.47.06:731][  0]LogSlate: Using FreeType 2.6.0
[2019.04.03-03.47.06:732][  0]LogSlate: SlateFontServices - WITH_FREETYPE: 1, WITH_HARFBUZZ: 1
[2019.04.03-03.47.06:835][  0]LogAssetRegistry: FAssetRegistry took 0.0351 seconds to start up
[2019.04.03-03.47.07:197][  0]LogInit: Selected Device Profile: [Windows]
[2019.04.03-03.47.07:367][  0]LogMeshReduction: Using QuadricMeshReduction for automatic static mesh reduction
[2019.04.03-03.47.07:367][  0]LogMeshReduction: Using SimplygonMeshReduction for automatic skeletal mesh reduction
[2019.04.03-03.47.07:367][  0]LogMeshReduction: Using ProxyLODMeshReduction for automatic mesh merging
[2019.04.03-03.47.07:367][  0]LogMeshReduction: No distributed automatic mesh merging module available
[2019.04.03-03.47.07:367][  0]LogMeshMerging: No distributed automatic mesh merging module available
[2019.04.03-03.47.07:379][  0]LogNetVersion: TanksGrounds 1.0.0, NetCL: 5660361, EngineNetVer: 10, GameNetVer: 0 (Checksum: 220100468)
[2019.04.03-03.47.07:844][  0]LogPackageLocalizationCache: Processed 10 localized package path(s) for 1 prioritized culture(s) in 0.043691 seconds
[2019.04.03-03.47.07:855][  0]LogUObjectArray: 42205 objects as part of root set at end of initial load.
[2019.04.03-03.47.07:855][  0]LogUObjectAllocator: 7325032 out of 0 bytes used by permanent object pool.
[2019.04.03-03.47.07:855][  0]LogUObjectArray: CloseDisregardForGC: 0/0 objects in disregard for GC pool
[2019.04.03-03.47.08:905][  0]LogTcpMessaging: Initializing TcpMessaging bridge
[2019.04.03-03.47.08:919][  0]LogUdpMessaging: Initializing bridge on interface 0.0.0.0:0 to multicast group 230.0.0.1:6666.
[2019.04.03-03.47.09:041][  0]SourceControl: Source control is disabled
[2019.04.03-03.47.09:041][  0]SourceControl: Source control is disabled
[2019.04.03-03.47.09:043][  0]SourceControl: Source control is disabled
[2019.04.03-03.47.09:045][  0]SourceControl: Source control is disabled
[2019.04.03-03.47.09:141][  0]LogAndroidPermission: UAndroidPermissionCallbackProxy::GetInstance
[2019.04.03-03.47.09:386][  0]LogOcInput: OculusInput pre-init called
[2019.04.03-03.47.10:140][  0]LogEngine: Initializing Engine...
[2019.04.03-03.47.10:141][  0]LogHMD: Failed to initialize OpenVR with code 110
[2019.04.03-03.47.10:142][  0]LogStats: UGameplayTagsManager::InitializeManager -  0.000 s
[2019.04.03-03.47.10:399][  0]LogInit: Initializing FReadOnlyCVARCache
[2019.04.03-03.47.10:426][  0]LogAIModule: Creating AISystem for world Untitled
[2019.04.03-03.47.10:481][  0]LogInit: XAudio2 using 'Altavoces (Realtek High Definition Audio)' : 2 channels at 48 kHz using 32 bits per sample (channel mask 0x3)
[2019.04.03-03.47.10:573][  0]LogInit: FAudioDevice initialized.
[2019.04.03-03.47.10:574][  0]LogNetVersion: Set ProjectVersion to 1.0.0.0. Version Checksum will be recalculated on next use.
[2019.04.03-03.47.13:785][  0]LogDerivedDataCache: Saved boot cache 3.21s 71MB C:/Users/ELGRA/AppData/Local/UnrealEngine/4.22/DerivedDataCache/Boot.ddc.
[2019.04.03-03.47.13:813][  0]LogInit: Texture streaming: Enabled
[2019.04.03-03.47.13:846][  0]LogEngineSessionManager: EngineSessionManager initialized
[2019.04.03-03.47.13:846][  0]LogEngineSessionManager: EngineSessionManager sent abnormal shutdown report. Type=AbnormalShutdown, SessionId={FA287EDD-4AD0-511F-A2B1-BC886BD97531}
[2019.04.03-03.47.13:880][  0]LogInit: Transaction tracking system initialized
[2019.04.03-03.47.13:936][  0]BlueprintLog: New page: Editor Load
[2019.04.03-03.47.14:100][  0]LocalizationService: Localization service is disabled
[2019.04.03-03.47.14:518][  0]LogFileCache: Scanning file cache for directory 'E:/Unreal Proyects/Curso/Seecion04_Battle_tank/TanksGrounds/Content/' took 0.01s
[2019.04.03-03.47.14:518][  0]LogCook: Display: Max memory allowance for cook 16384mb min free memory 0mb
[2019.04.03-03.47.14:518][  0]LogCook: Display: Mobile HDR setting 1
[2019.04.03-03.47.14:767][  0]SourceControl: Source control is disabled
[2019.04.03-03.47.14:767][  0]Cmd: MAP LOAD FILE="E:/Unreal Proyects/Curso/Seecion04_Battle_tank/TanksGrounds/Content/TanksGrounds.umap" TEMPLATE=0 SHOWPROGRESS=1 FEATURELEVEL=3
[2019.04.03-03.47.14:767][  0]LightingResults: New page: Lighting Build
[2019.04.03-03.47.14:773][  0]MapCheck: New page: Map Check
[2019.04.03-03.47.14:773][  0]LightingResults: New page: Lighting Build
[2019.04.03-03.47.14:802][  0]LogUObjectHash: Compacting FUObjectHashTables data took   2.28ms
[2019.04.03-03.47.15:084][  0]LogLinker: Warning: Can't find file '/Game/NewMaterial'
[2019.04.03-03.47.15:085][  0]LogLinker: Warning: Can't find file for asset '/Game/NewMaterial' while loading NULL.
[2019.04.03-03.47.15:087][  0]LogLinker: Warning: Can't find file '/Game/NewMaterial'
[2019.04.03-03.47.15:087][  0]LogLinker: Warning: Can't find file for asset '/Game/NewMaterial' while loading NULL.
[2019.04.03-03.47.15:088][  0]LogLinker: Warning: Can't find file '/Game/NewMaterial'
[2019.04.03-03.47.15:088][  0]LogLinker: Warning: Can't find file for asset '/Game/NewMaterial' while loading NULL.
[2019.04.03-03.47.15:088][  0]LogLinker: Warning: Can't find file '/Game/NewMaterial'
[2019.04.03-03.47.15:089][  0]LogLinker: Warning: Can't find file for asset '/Game/NewMaterial' while loading NULL.
[2019.04.03-03.47.15:098][  0]LogLinker: Warning: Can't find file '/Game/NewMaterial'
[2019.04.03-03.47.15:098][  0]LoadErrors: Failed to load /Game/NewMaterial.NewMaterial Referenced by Landscape_1
[2019.04.03-03.47.15:098][  0]LogLinker: Warning: Can't find file for asset '/Game/NewMaterial' while loading NULL.
[2019.04.03-03.47.15:099][  0]LogLinker: Warning: Can't find file '/Game/NewMaterial'
[2019.04.03-03.47.15:099][  0]LoadErrors: Failed to load /Game/NewMaterial.NewMaterial Referenced by LandscapeComponent_0
[2019.04.03-03.47.15:099][  0]LogLinker: Warning: Can't find file for asset '/Game/NewMaterial' while loading NULL.
[2019.04.03-03.47.15:099][  0]LogLinker: Warning: Can't find file '/Game/NewMaterial'
[2019.04.03-03.47.15:099][  0]LoadErrors: Failed to load /Game/NewMaterial.NewMaterial Referenced by LandscapeComponent_1
[2019.04.03-03.47.15:099][  0]LogLinker: Warning: Can't find file for asset '/Game/NewMaterial' while loading NULL.
[2019.04.03-03.47.15:099][  0]LogLinker: Warning: Can't find file '/Game/NewMaterial'
[2019.04.03-03.47.15:099][  0]LoadErrors: Failed to load /Game/NewMaterial.NewMaterial Referenced by LandscapeComponent_10
[2019.04.03-03.47.15:099][  0]LogLinker: Warning: Can't find file for asset '/Game/NewMaterial' while loading NULL.
[2019.04.03-03.47.15:100][  0]LogLinker: Warning: Can't find file '/Game/NewMaterial'
[2019.04.03-03.47.15:100][  0]LoadErrors: Failed to load /Game/NewMaterial.NewMaterial Referenced by LandscapeComponent_11
[2019.04.03-03.47.15:100][  0]LogLinker: Warning: Can't find file for asset '/Game/NewMaterial' while loading NULL.
[2019.04.03-03.47.15:100][  0]LogLinker: Warning: Can't find file '/Game/NewMaterial'
[2019.04.03-03.47.15:100][  0]LoadErrors: Failed to load /Game/NewMaterial.NewMaterial Referenced by LandscapeComponent_12
[2019.04.03-03.47.15:100][  0]LogLinker: Warning: Can't find file for asset '/Game/NewMaterial' while loading NULL.
[2019.04.03-03.47.15:100][  0]LogLinker: Warning: Can't find file '/Game/NewMaterial'
[2019.04.03-03.47.15:100][  0]LoadErrors: Failed to load /Game/NewMaterial.NewMaterial Referenced by LandscapeComponent_13
[2019.04.03-03.47.15:100][  0]LogLinker: Warning: Can't find file for asset '/Game/NewMaterial' while loading NULL.
[2019.04.03-03.47.15:100][  0]LogLinker: Warning: Can't find file '/Game/NewMaterial'
[2019.04.03-03.47.15:100][  0]LoadErrors: Failed to load /Game/NewMaterial.NewMaterial Referenced by LandscapeComponent_14
[2019.04.03-03.47.15:101][  0]LogLinker: Warning: Can't find file for asset '/Game/NewMaterial' while loading NULL.
[2019.04.03-03.47.15:101][  0]LogLinker: Warning: Can't find file '/Game/NewMaterial'
[2019.04.03-03.47.15:101][  0]LoadErrors: Failed to load /Game/NewMaterial.NewMaterial Referenced by LandscapeComponent_15
[2019.04.03-03.47.15:101][  0]LogLinker: Warning: Can't find file for asset '/Game/NewMaterial' while loading NULL.
[2019.04.03-03.47.15:101][  0]LogLinker: Warning: Can't find file '/Game/NewMaterial'
[2019.04.03-03.47.15:101][  0]LoadErrors: Failed to load /Game/NewMaterial.NewMaterial Referenced by LandscapeComponent_16
[2019.04.03-03.47.15:101][  0]LogLinker: Warning: Can't find file for asset '/Game/NewMaterial' while loading NULL.
[2019.04.03-03.47.15:101][  0]LogLinker: Warning: Can't find file '/Game/NewMaterial'
[2019.04.03-03.47.15:101][  0]LoadErrors: Failed to load /Game/NewMaterial.NewMaterial Referenced by LandscapeComponent_17
[2019.04.03-03.47.15:101][  0]LogLinker: Warning: Can't find file for asset '/Game/NewMaterial' while loading NULL.
[2019.04.03-03.47.15:102][  0]LogLinker: Warning: Can't find file '/Game/NewMaterial'
[2019.04.03-03.47.15:102][  0]LoadErrors: Failed to load /Game/NewMaterial.NewMaterial Referenced by LandscapeComponent_18
[2019.04.03-03.47.15:102][  0]LogLinker: Warning: Can't find file for asset '/Game/NewMaterial' while loading NULL.
[2019.04.03-03.47.15:102][  0]LogLinker: Warning: Can't find file '/Game/NewMaterial'
[2019.04.03-03.47.15:102][  0]LoadErrors: Failed to load /Game/NewMaterial.NewMaterial Referenced by LandscapeComponent_19
[2019.04.03-03.47.15:102][  0]LogLinker: Warning: Can't find file for asset '/Game/NewMaterial' while loading NULL.
[2019.04.03-03.47.15:103][  0]LogLinker: Warning: Can't find file '/Game/NewMaterial'
[2019.04.03-03.47.15:103][  0]LoadErrors: Failed to load /Game/NewMaterial.NewMaterial Referenced by LandscapeComponent_2
[2019.04.03-03.47.15:103][  0]LogLinker: Warning: Can't find file for asset '/Game/NewMaterial' while loading NULL.
[2019.04.03-03.47.15:103][  0]LogLinker: Warning: Can't find file '/Game/NewMaterial'
[2019.04.03-03.47.15:103][  0]LoadErrors: Failed to load /Game/NewMaterial.NewMaterial Referenced by LandscapeComponent_20
[2019.04.03-03.47.15:103][  0]LogLinker: Warning: Can't find file for asset '/Game/NewMaterial' while loading NULL.
[2019.04.03-03.47.15:103][  0]LogLinker: Warning: Can't find file '/Game/NewMaterial'
[2019.04.03-03.47.15:103][  0]LoadErrors: Failed to load /Game/NewMaterial.NewMaterial Referenced by LandscapeComponent_21
[2019.04.03-03.47.15:103][  0]LogLinker: Warning: Can't find file for asset '/Game/NewMaterial' while loading NULL.
[2019.04.03-03.47.15:104][  0]LogLinker: Warning: Can't find file '/Game/NewMaterial'
[2019.04.03-03.47.15:104][  0]LoadErrors: Failed to load /Game/NewMaterial.NewMaterial Referenced by LandscapeComponent_22
[2019.04.03-03.47.15:104][  0]LogLinker: Warning: Can't find file for asset '/Game/NewMaterial' while loading NULL.
[2019.04.03-03.47.15:104][  0]LogLinker: Warning: Can't find file '/Game/NewMaterial'
[2019.04.03-03.47.15:104][  0]LoadErrors: Failed to load /Game/NewMaterial.NewMaterial Referenced by LandscapeComponent_23
[2019.04.03-03.47.15:104][  0]LogLinker: Warning: Can't find file for asset '/Game/NewMaterial' while loading NULL.
[2019.04.03-03.47.15:104][  0]LogLinker: Warning: Can't find file '/Game/NewMaterial'
[2019.04.03-03.47.15:104][  0]LoadErrors: Failed to load /Game/NewMaterial.NewMaterial Referenced by LandscapeComponent_24
[2019.04.03-03.47.15:104][  0]LogLinker: Warning: Can't find file for asset '/Game/NewMaterial' while loading NULL.
[2019.04.03-03.47.15:105][  0]LogLinker: Warning: Can't find file '/Game/NewMaterial'
[2019.04.03-03.47.15:105][  0]LoadErrors: Failed to load /Game/NewMaterial.NewMaterial Referenced by LandscapeComponent_25
[2019.04.03-03.47.15:105][  0]LogLinker: Warning: Can't find file for asset '/Game/NewMaterial' while loading NULL.
[2019.04.03-03.47.15:105][  0]LogLinker: Warning: Can't find file '/Game/NewMaterial'
[2019.04.03-03.47.15:105][  0]LoadErrors: Failed to load /Game/NewMaterial.NewMaterial Referenced by LandscapeComponent_26
[2019.04.03-03.47.15:105][  0]LogLinker: Warning: Can't find file for asset '/Game/NewMaterial' while loading NULL.
[2019.04.03-03.47.15:105][  0]LogLinker: Warning: Can't find file '/Game/NewMaterial'
[2019.04.03-03.47.15:105][  0]LoadErrors: Failed to load /Game/NewMaterial.NewMaterial Referenced by LandscapeComponent_27
[2019.04.03-03.47.15:105][  0]LogLinker: Warning: Can't find file for asset '/Game/NewMaterial' while loading NULL.
[2019.04.03-03.47.15:105][  0]LogLinker: Warning: Can't find file '/Game/NewMaterial'
[2019.04.03-03.47.15:106][  0]LoadErrors: Failed to load /Game/NewMaterial.NewMaterial Referenced by LandscapeComponent_28
[2019.04.03-03.47.15:106][  0]LogLinker: Warning: Can't find file for asset '/Game/NewMaterial' while loading NULL.
[2019.04.03-03.47.15:106][  0]LogLinker: Warning: Can't find file '/Game/NewMaterial'
[2019.04.03-03.47.15:106][  0]LoadErrors: Failed to load /Game/NewMaterial.NewMaterial Referenced by LandscapeComponent_29
[2019.04.03-03.47.15:106][  0]LogLinker: Warning: Can't find file for asset '/Game/NewMaterial' while loading NULL.
[2019.04.03-03.47.15:106][  0]LogLinker: Warning: Can't find file '/Game/NewMaterial'
[2019.04.03-03.47.15:106][  0]LoadErrors: Failed to load /Game/NewMaterial.NewMaterial Referenced by LandscapeComponent_3
[2019.04.03-03.47.15:106][  0]LogLinker: Warning: Can't find file for asset '/Game/NewMaterial' while loading NULL.
[2019.04.03-03.47.15:107][  0]LogLinker: Warning: Can't find file '/Game/NewMaterial'
[2019.04.03-03.47.15:107][  0]LoadErrors: Failed to load /Game/NewMaterial.NewMaterial Referenced by LandscapeComponent_30
[2019.04.03-03.47.15:107][  0]LogLinker: Warning: Can't find file for asset '/Game/NewMaterial' while loading NULL.
[2019.04.03-03.47.15:107][  0]LogLinker: Warning: Can't find file '/Game/NewMaterial'
[2019.04.03-03.47.15:107][  0]LoadErrors: Failed to load /Game/NewMaterial.NewMaterial Referenced by LandscapeComponent_31
[2019.04.03-03.47.15:107][  0]LogLinker: Warning: Can't find file for asset '/Game/NewMaterial' while loading NULL.
[2019.04.03-03.47.15:107][  0]LogLinker: Warning: Can't find file '/Game/NewMaterial'
[2019.04.03-03.47.15:107][  0]LoadErrors: Failed to load /Game/NewMaterial.NewMaterial Referenced by LandscapeComponent_32
[2019.04.03-03.47.15:107][  0]LogLinker: Warning: Can't find file for asset '/Game/NewMaterial' while loading NULL.
[2019.04.03-03.47.15:107][  0]LogLinker: Warning: Can't find file '/Game/NewMaterial'
[2019.04.03-03.47.15:107][  0]LoadErrors: Failed to load /Game/NewMaterial.NewMaterial Referenced by LandscapeComponent_33
[2019.04.03-03.47.15:108][  0]LogLinker: Warning: Can't find file for asset '/Game/NewMaterial' while loading NULL.
[2019.04.03-03.47.15:108][  0]LogLinker: Warning: Can't find file '/Game/NewMaterial'
[2019.04.03-03.47.15:108][  0]LoadErrors: Failed to load /Game/NewMaterial.NewMaterial Referenced by LandscapeComponent_34
[2019.04.03-03.47.15:108][  0]LogLinker: Warning: Can't find file for asset '/Game/NewMaterial' while loading NULL.
[2019.04.03-03.47.15:108][  0]LogLinker: Warning: Can't find file '/Game/NewMaterial'
[2019.04.03-03.47.15:108][  0]LoadErrors: Failed to load /Game/NewMaterial.NewMaterial Referenced by LandscapeComponent_35
[2019.04.03-03.47.15:108][  0]LogLinker: Warning: Can't find file for asset '/Game/NewMaterial' while loading NULL.
[2019.04.03-03.47.15:108][  0]LogLinker: Warning: Can't find file '/Game/NewMaterial'
[2019.04.03-03.47.15:108][  0]LoadErrors: Failed to load /Game/NewMaterial.NewMaterial Referenced by LandscapeComponent_36
[2019.04.03-03.47.15:109][  0]LogLinker: Warning: Can't find file for asset '/Game/NewMaterial' while loading NULL.
[2019.04.03-03.47.15:109][  0]LogLinker: Warning: Can't find file '/Game/NewMaterial'
[2019.04.03-03.47.15:109][  0]LoadErrors: Failed to load /Game/NewMaterial.NewMaterial Referenced by LandscapeComponent_37
[2019.04.03-03.47.15:109][  0]LogLinker: Warning: Can't find file for asset '/Game/NewMaterial' while loading NULL.
[2019.04.03-03.47.15:109][  0]LogLinker: Warning: Can't find file '/Game/NewMaterial'
[2019.04.03-03.47.15:109][  0]LoadErrors: Failed to load /Game/NewMaterial.NewMaterial Referenced by LandscapeComponent_38
[2019.04.03-03.47.15:109][  0]LogLinker: Warning: Can't find file for asset '/Game/NewMaterial' while loading NULL.
[2019.04.03-03.47.15:109][  0]LogLinker: Warning: Can't find file '/Game/NewMaterial'
[2019.04.03-03.47.15:109][  0]LoadErrors: Failed to load /Game/NewMaterial.NewMaterial Referenced by LandscapeComponent_39
[2019.04.03-03.47.15:109][  0]LogLinker: Warning: Can't find file for asset '/Game/NewMaterial' while loading NULL.
[2019.04.03-03.47.15:110][  0]LogLinker: Warning: Can't find file '/Game/NewMaterial'
[2019.04.03-03.47.15:110][  0]LoadErrors: Failed to load /Game/NewMaterial.NewMaterial Referenced by LandscapeComponent_4
[2019.04.03-03.47.15:110][  0]LogLinker: Warning: Can't find file for asset '/Game/NewMaterial' while loading NULL.
[2019.04.03-03.47.15:110][  0]LogLinker: Warning: Can't find file '/Game/NewMaterial'
[2019.04.03-03.47.15:110][  0]LoadErrors: Failed to load /Game/NewMaterial.NewMaterial Referenced by LandscapeComponent_40
[2019.04.03-03.47.15:110][  0]LogLinker: Warning: Can't find file for asset '/Game/NewMaterial' while loading NULL.
[2019.04.03-03.47.15:110][  0]LogLinker: Warning: Can't find file '/Game/NewMaterial'
[2019.04.03-03.47.15:110][  0]LoadErrors: Failed to load /Game/NewMaterial.NewMaterial Referenced by LandscapeComponent_41
[2019.04.03-03.47.15:110][  0]LogLinker: Warning: Can't find file for asset '/Game/NewMaterial' while loading NULL.
[2019.04.03-03.47.15:111][  0]LogLinker: Warning: Can't find file '/Game/NewMaterial'
[2019.04.03-03.47.15:111][  0]LoadErrors: Failed to load /Game/NewMaterial.NewMaterial Referenced by LandscapeComponent_42
[2019.04.03-03.47.15:111][  0]LogLinker: Warning: Can't find file for asset '/Game/NewMaterial' while loading NULL.
[2019.04.03-03.47.15:111][  0]LogLinker: Warning: Can't find file '/Game/NewMaterial'
[2019.04.03-03.47.15:111][  0]LoadErrors: Failed to load /Game/NewMaterial.NewMaterial Referenced by LandscapeComponent_43
[2019.04.03-03.47.15:111][  0]LogLinker: Warning: Can't find file for asset '/Game/NewMaterial' while loading NULL.
[2019.04.03-03.47.15:111][  0]LogLinker: Warning: Can't find file '/Game/NewMaterial'
[2019.04.03-03.47.15:111][  0]LoadErrors: Failed to load /Game/NewMaterial.NewMaterial Referenced by LandscapeComponent_44
[2019.04.03-03.47.15:112][  0]LogLinker: Warning: Can't find file for asset '/Game/NewMaterial' while loading NULL.
[2019.04.03-03.47.15:112][  0]LogLinker: Warning: Can't find file '/Game/NewMaterial'
[2019.04.03-03.47.15:112][  0]LoadErrors: Failed to load /Game/NewMaterial.NewMaterial Referenced by LandscapeComponent_45
[2019.04.03-03.47.15:112][  0]LogLinker: Warning: Can't find file for asset '/Game/NewMaterial' while loading NULL.
[2019.04.03-03.47.15:112][  0]LogLinker: Warning: Can't find file '/Game/NewMaterial'
[2019.04.03-03.47.15:112][  0]LoadErrors: Failed to load /Game/NewMaterial.NewMaterial Referenced by LandscapeComponent_46
[2019.04.03-03.47.15:112][  0]LogLinker: Warning: Can't find file for asset '/Game/NewMaterial' while loading NULL.
[2019.04.03-03.47.15:112][  0]LogLinker: Warning: Can't find file '/Game/NewMaterial'
[2019.04.03-03.47.15:112][  0]LoadErrors: Failed to load /Game/NewMaterial.NewMaterial Referenced by LandscapeComponent_47
[2019.04.03-03.47.15:112][  0]LogLinker: Warning: Can't find file for asset '/Game/NewMaterial' while loading NULL.
[2019.04.03-03.47.15:113][  0]LogLinker: Warning: Can't find file '/Game/NewMaterial'
[2019.04.03-03.47.15:113][  0]LoadErrors: Failed to load /Game/NewMaterial.NewMaterial Referenced by LandscapeComponent_48
[2019.04.03-03.47.15:113][  0]LogLinker: Warning: Can't find file for asset '/Game/NewMaterial' while loading NULL.
[2019.04.03-03.47.15:113][  0]LogLinker: Warning: Can't find file '/Game/NewMaterial'
[2019.04.03-03.47.15:113][  0]LoadErrors: Failed to load /Game/NewMaterial.NewMaterial Referenced by LandscapeComponent_49
[2019.04.03-03.47.15:113][  0]LogLinker: Warning: Can't find file for asset '/Game/NewMaterial' while loading NULL.
[2019.04.03-03.47.15:114][  0]LogLinker: Warning: Can't find file '/Game/NewMaterial'
[2019.04.03-03.47.15:114][  0]LoadErrors: Failed to load /Game/NewMaterial.NewMaterial Referenced by LandscapeComponent_5
[2019.04.03-03.47.15:114][  0]LogLinker: Warning: Can't find file for asset '/Game/NewMaterial' while loading NULL.
[2019.04.03-03.47.15:114][  0]LogLinker: Warning: Can't find file '/Game/NewMaterial'
[2019.04.03-03.47.15:114][  0]LoadErrors: Failed to load /Game/NewMaterial.NewMaterial Referenced by LandscapeComponent_50
[2019.04.03-03.47.15:114][  0]LogLinker: Warning: Can't find file for asset '/Game/NewMaterial' while loading NULL.
[2019.04.03-03.47.15:114][  0]LogLinker: Warning: Can't find file '/Game/NewMaterial'
[2019.04.03-03.47.15:114][  0]LoadErrors: Failed to load /Game/NewMaterial.NewMaterial Referenced by LandscapeComponent_51
[2019.04.03-03.47.15:114][  0]LogLinker: Warning: Can't find file for asset '/Game/NewMaterial' while loading NULL.
[2019.04.03-03.47.15:115][  0]LogLinker: Warning: Can't find file '/Game/NewMaterial'
[2019.04.03-03.47.15:115][  0]LoadErrors: Failed to load /Game/NewMaterial.NewMaterial Referenced by LandscapeComponent_52
[2019.04.03-03.47.15:115][  0]LogLinker: Warning: Can't find file for asset '/Game/NewMaterial' while loading NULL.
[2019.04.03-03.47.15:115][  0]LogLinker: Warning: Can't find file '/Game/NewMaterial'
[2019.04.03-03.47.15:115][  0]LoadErrors: Failed to load /Game/NewMaterial.NewMaterial Referenced by LandscapeComponent_53
[2019.04.03-03.47.15:115][  0]LogLinker: Warning: Can't find file for asset '/Game/NewMaterial' while loading NULL.
[2019.04.03-03.47.15:115][  0]LogLinker: Warning: Can't find file '/Game/NewMaterial'
[2019.04.03-03.47.15:115][  0]LoadErrors: Failed to load /Game/NewMaterial.NewMaterial Referenced by LandscapeComponent_54
[2019.04.03-03.47.15:115][  0]LogLinker: Warning: Can't find file for asset '/Game/NewMaterial' while loading NULL.
[2019.04.03-03.47.15:116][  0]LogLinker: Warning: Can't find file '/Game/NewMaterial'
[2019.04.03-03.47.15:116][  0]LoadErrors: Failed to load /Game/NewMaterial.NewMaterial Referenced by LandscapeComponent_55
[2019.04.03-03.47.15:116][  0]LogLinker: Warning: Can't find file for asset '/Game/NewMaterial' while loading NULL.
[2019.04.03-03.47.15:116][  0]LogLinker: Warning: Can't find file '/Game/NewMaterial'
[2019.04.03-03.47.15:116][  0]LoadErrors: Failed to load /Game/NewMaterial.NewMaterial Referenced by LandscapeComponent_56
[2019.04.03-03.47.15:116][  0]LogLinker: Warning: Can't find file for asset '/Game/NewMaterial' while loading NULL.
[2019.04.03-03.47.15:116][  0]LogLinker: Warning: Can't find file '/Game/NewMaterial'
[2019.04.03-03.47.15:116][  0]LoadErrors: Failed to load /Game/NewMaterial.NewMaterial Referenced by LandscapeComponent_57
[2019.04.03-03.47.15:116][  0]LogLinker: Warning: Can't find file for asset '/Game/NewMaterial' while loading NULL.
[2019.04.03-03.47.15:116][  0]LogLinker: Warning: Can't find file '/Game/NewMaterial'
[2019.04.03-03.47.15:117][  0]LoadErrors: Failed to load /Game/NewMaterial.NewMaterial Referenced by LandscapeComponent_58
[2019.04.03-03.47.15:117][  0]LogLinker: Warning: Can't find file for asset '/Game/NewMaterial' while loading NULL.
[2019.04.03-03.47.15:117][  0]LogLinker: Warning: Can't find file '/Game/NewMaterial'
[2019.04.03-03.47.15:117][  0]LoadErrors: Failed to load /Game/NewMaterial.NewMaterial Referenced by LandscapeComponent_59
[2019.04.03-03.47.15:117][  0]LogLinker: Warning: Can't find file for asset '/Game/NewMaterial' while loading NULL.
[2019.04.03-03.47.15:117][  0]LogLinker: Warning: Can't find file '/Game/NewMaterial'
[2019.04.03-03.47.15:117][  0]LoadErrors: Failed to load /Game/NewMaterial.NewMaterial Referenced by LandscapeComponent_6
[2019.04.03-03.47.15:117][  0]LogLinker: Warning: Can't find file for asset '/Game/NewMaterial' while loading NULL.
[2019.04.03-03.47.15:117][  0]LogLinker: Warning: Can't find file '/Game/NewMaterial'
[2019.04.03-03.47.15:118][  0]LoadErrors: Failed to load /Game/NewMaterial.NewMaterial Referenced by LandscapeComponent_60
[2019.04.03-03.47.15:118][  0]LogLinker: Warning: Can't find file for asset '/Game/NewMaterial' while loading NULL.
[2019.04.03-03.47.15:118][  0]LogLinker: Warning: Can't find file '/Game/NewMaterial'
[2019.04.03-03.47.15:118][  0]LoadErrors: Failed to load /Game/NewMaterial.NewMaterial Referenced by LandscapeComponent_61
[2019.04.03-03.47.15:118][  0]LogLinker: Warning: Can't find file for asset '/Game/NewMaterial' while loading NULL.
[2019.04.03-03.47.15:118][  0]LogLinker: Warning: Can't find file '/Game/NewMaterial'
[2019.04.03-03.47.15:118][  0]LoadErrors: Failed to load /Game/NewMaterial.NewMaterial Referenced by LandscapeComponent_62
[2019.04.03-03.47.15:118][  0]LogLinker: Warning: Can't find file for asset '/Game/NewMaterial' while loading NULL.
[2019.04.03-03.47.15:118][  0]LogLinker: Warning: Can't find file '/Game/NewMaterial'
[2019.04.03-03.47.15:118][  0]LoadErrors: Failed to load /Game/NewMaterial.NewMaterial Referenced by LandscapeComponent_63
[2019.04.03-03.47.15:118][  0]LogLinker: Warning: Can't find file for asset '/Game/NewMaterial' while loading NULL.
[2019.04.03-03.47.15:119][  0]LogLinker: Warning: Can't find file '/Game/NewMaterial'
[2019.04.03-03.47.15:119][  0]LoadErrors: Failed to load /Game/NewMaterial.NewMaterial Referenced by LandscapeComponent_7
[2019.04.03-03.47.15:119][  0]LogLinker: Warning: Can't find file for asset '/Game/NewMaterial' while loading NULL.
[2019.04.03-03.47.15:119][  0]LogLinker: Warning: Can't find file '/Game/NewMaterial'
[2019.04.03-03.47.15:119][  0]LoadErrors: Failed to load /Game/NewMaterial.NewMaterial Referenced by LandscapeComponent_8
[2019.04.03-03.47.15:120][  0]LogLinker: Warning: Can't find file for asset '/Game/NewMaterial' while loading NULL.
[2019.04.03-03.47.15:120][  0]LogLinker: Warning: Can't find file '/Game/NewMaterial'
[2019.04.03-03.47.15:120][  0]LoadErrors: Failed to load /Game/NewMaterial.NewMaterial Referenced by LandscapeComponent_9
[2019.04.03-03.47.15:120][  0]LogLinker: Warning: Can't find file for asset '/Game/NewMaterial' while loading NULL.
[2019.04.03-03.47.15:135][  0]LogLinker: Warning: Can't find file '/Game/NewMaterial'
[2019.04.03-03.47.15:135][  0]LoadErrors: Failed to load /Game/NewMaterial.NewMaterial Referenced by LandscapeMaterialInstanceConstant_518
[2019.04.03-03.47.15:135][  0]LogLinker: Warning: Can't find file for asset '/Game/NewMaterial' while loading NULL.
[2019.04.03-03.47.15:135][  0]LogLinker: Warning: Can't find file '/Game/NewMaterial'
[2019.04.03-03.47.15:135][  0]LoadErrors: Failed to load /Game/NewMaterial.NewMaterial Referenced by LandscapeMaterialInstanceConstant_519
[2019.04.03-03.47.15:135][  0]LogLinker: Warning: Can't find file for asset '/Game/NewMaterial' while loading NULL.
[2019.04.03-03.47.15:150][  0]LogAIModule: Creating AISystem for world TanksGrounds
[2019.04.03-03.47.15:184][  0]LogEditorServer: Finished looking for orphan Actors (0.000 secs)
[2019.04.03-03.47.15:216][  0]LogUObjectHash: Compacting FUObjectHashTables data took   2.21ms
[2019.04.03-03.47.15:216][  0]Cmd: MAP CHECKDEP NOCLEARLOG
[2019.04.03-03.47.15:217][  0]MapCheck: Map check complete: 0 Error(s), 0 Warning(s), took 0,127ms to complete.
[2019.04.03-03.47.15:217][  0]LogFileHelpers: Loading map 'TanksGrounds' took 0.450
[2019.04.03-03.47.15:363][  0]LogSlate: Updating window title bar state: overlay mode, drag disabled, window buttons hidden, title bar hidden
[2019.04.03-03.47.15:372][  0]LogSlate: Updating window title bar state: overlay mode, drag disabled, window buttons hidden, title bar hidden
[2019.04.03-03.47.15:379][  0]LogSlate: Updating window title bar state: overlay mode, drag disabled, window buttons hidden, title bar hidden
[2019.04.03-03.47.15:387][  0]LogSlate: Updating window title bar state: overlay mode, drag disabled, window buttons hidden, title bar hidden
[2019.04.03-03.47.15:399][  0]LogCollectionManager: Loaded 0 collections in 0.003862 seconds
[2019.04.03-03.47.15:418][  0]LogFileCache: Scanning file cache for directory 'E:/Unreal Proyects/Curso/Seecion04_Battle_tank/TanksGrounds/Saved/Collections/' took 0.01s
[2019.04.03-03.47.15:418][  0]LogFileCache: Scanning file cache for directory 'E:/Unreal Proyects/Curso/Seecion04_Battle_tank/TanksGrounds/Content/Developers/ELGRA/Collections/' took 0.00s
[2019.04.03-03.47.15:418][  0]LogFileCache: Scanning file cache for directory 'E:/Unreal Proyects/Curso/Seecion04_Battle_tank/TanksGrounds/Content/Collections/' took 0.00s
[2019.04.03-03.47.15:418][  0]LogCollectionManager: Rebuilt the GUID cache for 0 collections in 0.000000 seconds
[2019.04.03-03.47.15:428][  0]LogContentBrowser: Native class hierarchy populated in 0.0097 seconds. Added 2733 classes and 661 folders.
[2019.04.03-03.47.15:440][  0]LogContentBrowser: Native class hierarchy updated for 'WidgetCarousel' in 0.0004 seconds. Added 0 classes and 0 folders.
[2019.04.03-03.47.15:442][  0]LogPakFile: Registered encryption key '00000000000000000000000000000000': 0 pak files mounted, 0 remain pending
[2019.04.03-03.47.15:443][  0]LogPakFile: Registered encryption key '00000000000000000000000000000000': 0 pak files mounted, 0 remain pending
[2019.04.03-03.47.15:443][  0]LogPakFile: Registered encryption key '00000000000000000000000000000000': 0 pak files mounted, 0 remain pending
[2019.04.03-03.47.15:444][  0]LogPakFile: Registered encryption key '00000000000000000000000000000000': 0 pak files mounted, 0 remain pending
[2019.04.03-03.47.15:444][  0]LogPakFile: Registered encryption key '00000000000000000000000000000000': 0 pak files mounted, 0 remain pending
[2019.04.03-03.47.15:445][  0]LogPakFile: Registered encryption key '00000000000000000000000000000000': 0 pak files mounted, 0 remain pending
[2019.04.03-03.47.15:445][  0]LogPakFile: Registered encryption key '00000000000000000000000000000000': 0 pak files mounted, 0 remain pending
[2019.04.03-03.47.15:446][  0]LogPakFile: Registered encryption key '00000000000000000000000000000000': 0 pak files mounted, 0 remain pending
[2019.04.03-03.47.15:446][  0]LogPakFile: Registered encryption key '00000000000000000000000000000000': 0 pak files mounted, 0 remain pending
[2019.04.03-03.47.15:447][  0]LogPakFile: Registered encryption key '00000000000000000000000000000000': 0 pak files mounted, 0 remain pending
[2019.04.03-03.47.15:447][  0]LogPakFile: Registered encryption key '00000000000000000000000000000000': 0 pak files mounted, 0 remain pending
[2019.04.03-03.47.15:448][  0]LogPakFile: Registered encryption key '00000000000000000000000000000000': 0 pak files mounted, 0 remain pending
[2019.04.03-03.47.15:449][  0]LogPakFile: Registered encryption key '00000000000000000000000000000000': 0 pak files mounted, 0 remain pending
[2019.04.03-03.47.15:449][  0]LogPakFile: Registered encryption key '00000000000000000000000000000000': 0 pak files mounted, 0 remain pending
[2019.04.03-03.47.15:450][  0]LogPakFile: Registered encryption key '00000000000000000000000000000000': 0 pak files mounted, 0 remain pending
[2019.04.03-03.47.15:451][  0]LogPakFile: Registered encryption key '00000000000000000000000000000000': 0 pak files mounted, 0 remain pending
[2019.04.03-03.47.15:451][  0]LogPakFile: Registered encryption key '00000000000000000000000000000000': 0 pak files mounted, 0 remain pending
[2019.04.03-03.47.15:452][  0]LogPakFile: Registered encryption key '00000000000000000000000000000000': 0 pak files mounted, 0 remain pending
[2019.04.03-03.47.15:452][  0]LogPakFile: Registered encryption key '00000000000000000000000000000000': 0 pak files mounted, 0 remain pending
[2019.04.03-03.47.15:453][  0]LogPakFile: Registered encryption key '00000000000000000000000000000000': 0 pak files mounted, 0 remain pending
[2019.04.03-03.47.15:453][  0]LogPakFile: Registered encryption key '00000000000000000000000000000000': 0 pak files mounted, 0 remain pending
[2019.04.03-03.47.15:454][  0]LogPakFile: Registered encryption key '00000000000000000000000000000000': 0 pak files mounted, 0 remain pending
[2019.04.03-03.47.15:455][  0]LogPakFile: Registered encryption key '00000000000000000000000000000000': 0 pak files mounted, 0 remain pending
[2019.04.03-03.47.15:455][  0]LogPakFile: Registered encryption key '00000000000000000000000000000000': 0 pak files mounted, 0 remain pending
[2019.04.03-03.47.15:456][  0]LogPakFile: Registered encryption key '00000000000000000000000000000000': 0 pak files mounted, 0 remain pending
[2019.04.03-03.47.15:456][  0]LogPakFile: Registered encryption key '00000000000000000000000000000000': 0 pak files mounted, 0 remain pending
[2019.04.03-03.47.15:520][  0]LogContentBrowser: Native class hierarchy updated for 'AddContentDialog' in 0.0004 seconds. Added 0 classes and 0 folders.
[2019.04.03-03.47.15:529][  0]LogContentBrowser: Native class hierarchy updated for 'SceneOutliner' in 0.0004 seconds. Added 1 classes and 2 folders.
[2019.04.03-03.47.15:547][  0]LogSlate: Took 0.000235 seconds to synchronously load lazily loaded font '../../../Engine/Content/Slate/Fonts/Roboto-Regular.ttf' (155K)
[2019.04.03-03.47.15:550][  0]LogSlate: Took 0.000220 seconds to synchronously load lazily loaded font '../../../Engine/Content/Slate/Fonts/Roboto-Bold.ttf' (160K)
[2019.04.03-03.47.15:553][  0]LogSlate: Took 0.000244 seconds to synchronously load lazily loaded font '../../../Engine/Content/Editor/Slate/Fonts/FontAwesome.ttf' (139K)
[2019.04.03-03.47.15:611][  0]LogRenderer: Reallocating scene render targets to support 1532x688 Format 10 NumSamples 1 (Frame:1).
[2019.04.03-03.47.15:719][  0]LogSlate: Took 0.000228 seconds to synchronously load lazily loaded font '../../../Engine/Content/Slate/Fonts/Roboto-Light.ttf' (167K)
[2019.04.03-03.47.15:795][  0]LogContentBrowser: Native class hierarchy updated for 'HierarchicalLODOutliner' in 0.0004 seconds. Added 0 classes and 0 folders.
[2019.04.03-03.47.15:795][  0]LogLoad: (Engine Initialization) Total time: 14.49 seconds
[2019.04.03-03.47.15:795][  0]LogLoad: (Engine Initialization) Total Blueprint compile time: 0.00 seconds
[2019.04.03-03.47.15:805][  0]LogWindowsTextInputMethodSystem: Display: IME system now deactivated.
[2019.04.03-03.47.15:827][  0]LogAssetRegistry: Asset discovery search completed in 9.0155 seconds
[2019.04.03-03.47.15:830][  0]LogCollectionManager: Rebuilt the object cache for 0 collections in 0.000000 seconds (found 0 objects)
[2019.04.03-03.47.15:830][  0]LogCollectionManager: Fixed up redirectors for 0 collections in 0.000051 seconds (updated 0 objects)
[2019.04.03-03.47.15:831][  0]LogContentStreaming: Texture pool size now 1000 MB
[2019.04.03-03.47.15:840][  0]LogSlate: FSceneViewport::OnFocusLost() reason 2
[2019.04.03-03.47.22:765][782]LogSlate: Window 'Message Log' being destroyed
[2019.04.03-03.47.22:767][782]LogSlate: Window 'Message Log' being destroyed
[2019.04.03-03.47.25:799][139]LogSlate: FSceneViewport::OnFocusLost() reason 2
[2019.04.03-03.47.36:217][384]LogSlate: FSceneViewport::OnFocusLost() reason 0
[2019.04.03-03.47.36:334][398]MapCheck: New page: Map Check
[2019.04.03-03.47.36:349][398]Cmd: MAP REBUILD ALLVISIBLE
[2019.04.03-03.47.36:349][398]LogEditorServer: Rebuildmap Clear paths rebuilt
[2019.04.03-03.47.36:396][398]LogUObjectHash: Compacting FUObjectHashTables data took   1.38ms
[2019.04.03-03.47.36:515][398]LogMaterial: Display: Missing cached shader map for material DebugViewMode MaterialTexCoordScale, compiling. 
[2019.04.03-03.47.36:568][398]LogMaterial: Display: Missing cached shader map for material DebugViewMode MaterialTexCoordScale, compiling. 
