Log file open, 04/03/19 16:02:30
LogWindows: Failed to load 'aqProf.dll' (GetLastError=126)
LogWindows: File 'aqProf.dll' does not exist
LogWindows: Failed to load 'VtuneApi.dll' (GetLastError=126)
LogWindows: File 'VtuneApi.dll' does not exist
LogWindows: Failed to load 'VtuneApi32e.dll' (GetLastError=126)
LogWindows: File 'VtuneApi32e.dll' does not exist
LogConsoleResponse: Display: Failed to find resolution value strings in scalability ini. Falling back to default.
LogInit: Display: Running engine for game: TanksGrounds
LogPakFile: Registered encryption key '00000000000000000000000000000000': 0 pak files mounted, 0 remain pending
LogPlatformFile: Not using cached read wrapper
LogTaskGraph: Started task graph with 5 named threads and 14 total threads with 3 sets of task threads.
LogStats: Stats thread started at 2.115350
LogD3D11RHI: Loaded GFSDK_Aftermath_Lib.x64.dll
LogWindows: Failed to load '../../../Engine/Binaries/ThirdParty/libsndfile/Win64/libsndfile-1.dll' (GetLastError=126)
LogWindows: File '../../../Engine/Binaries/ThirdParty/libsndfile/Win64/libsndfile-1.dll' does not exist
LogAudioMixer: Display: Failed to load Sound File dll
LogAudioEditor: Display: LibSoundFile failed to load. Importing audio will not work correctly.
LogICUInternationalization: ICU TimeZone Detection - Raw Offset: -5:00, Platform Override: ''
LogPluginManager: Mounting plugin Paper2D
LogPluginManager: Mounting plugin AISupport
LogPluginManager: Mounting plugin LightPropagationVolume
LogPluginManager: Mounting plugin ActorLayerUtilities
LogPluginManager: Mounting plugin AnimationSharing
LogPluginManager: Mounting plugin CLionSourceCodeAccess
LogPluginManager: Mounting plugin CodeLiteSourceCodeAccess
LogPluginManager: Mounting plugin GitSourceControl
LogPluginManager: Mounting plugin KDevelopSourceCodeAccess
LogPluginManager: Mounting plugin NullSourceCodeAccess
LogPluginManager: Mounting plugin PerforceSourceControl
LogPluginManager: Mounting plugin SubversionSourceControl
LogPluginManager: Mounting plugin UObjectPlugin
LogPluginManager: Mounting plugin VisualStudioCodeSourceCodeAccess
LogPluginManager: Mounting plugin VisualStudioSourceCodeAccess
LogPluginManager: Mounting plugin XCodeSourceCodeAccess
LogPluginManager: Mounting plugin AssetManagerEditor
LogPluginManager: Mounting plugin CryptoKeys
LogPluginManager: Mounting plugin DataValidation
LogPluginManager: Mounting plugin FacialAnimation
LogPluginManager: Mounting plugin GameplayTagsEditor
LogPluginManager: Mounting plugin MacGraphicsSwitching
LogPluginManager: Mounting plugin MaterialAnalyzer
LogPluginManager: Mounting plugin MobileLauncherProfileWizard
LogPluginManager: Mounting plugin PluginBrowser
LogPluginManager: Mounting plugin SpeedTreeImporter
LogPluginManager: Mounting plugin DatasmithContent
LogPluginManager: Mounting plugin VariantManagerContent
LogPluginManager: Mounting plugin AlembicImporter
LogPluginManager: Mounting plugin AppleImageUtils
LogPluginManager: Mounting plugin AppleVision
LogPluginManager: Mounting plugin BackChannel
LogPluginManager: Mounting plugin CharacterAI
LogPluginManager: Mounting plugin GeometryCache
LogPluginManager: Mounting plugin HTML5Networking
LogPluginManager: Mounting plugin ProxyLODPlugin
LogPluginManager: Mounting plugin SkeletalReduction
LogPluginManager: Mounting plugin MagicLeap
LogPluginManager: Mounting plugin MagicLeapMedia
LogPluginManager: Mounting plugin AndroidMedia
LogPluginManager: Mounting plugin AvfMedia
LogPluginManager: Mounting plugin ImgMedia
LogPluginManager: Mounting plugin LinearTimecode
LogPluginManager: Mounting plugin MediaCompositing
LogPluginManager: Mounting plugin MediaPlayerEditor
LogPluginManager: Mounting plugin WebMMedia
LogPluginManager: Mounting plugin WmfMedia
LogPluginManager: Mounting plugin TcpMessaging
LogPluginManager: Mounting plugin UdpMessaging
LogPluginManager: Mounting plugin ActorSequence
LogPluginManager: Mounting plugin LevelSequenceEditor
LogPluginManager: Mounting plugin MatineeToLevelSequence
LogPluginManager: Mounting plugin NetcodeUnitTest
LogPluginManager: Mounting plugin NUTUnrealEngine4
LogPluginManager: Mounting plugin OnlineSubsystemGooglePlay
LogPluginManager: Mounting plugin OnlineSubsystemIOS
LogPluginManager: Mounting plugin OnlineSubsystem
LogPluginManager: Mounting plugin OnlineSubsystemNull
LogPluginManager: Mounting plugin OnlineSubsystemUtils
LogPluginManager: Mounting plugin LauncherChunkInstaller
LogPluginManager: Mounting plugin AndroidDeviceProfileSelector
LogPluginManager: Mounting plugin AndroidMoviePlayer
LogPluginManager: Mounting plugin AndroidPermission
LogPluginManager: Mounting plugin AppleMoviePlayer
LogPluginManager: Mounting plugin ArchVisCharacter
LogPluginManager: Mounting plugin AudioCapture
LogPluginManager: Mounting plugin CableComponent
LogPluginManager: Mounting plugin CustomMeshComponent
LogPluginManager: Mounting plugin EditableMesh
LogPluginManager: Mounting plugin ExampleDeviceProfileSelector
LogPluginManager: Mounting plugin Firebase
LogPluginManager: Mounting plugin GoogleCloudMessaging
LogPluginManager: Mounting plugin IOSDeviceProfileSelector
LogPluginManager: Mounting plugin LinuxDeviceProfileSelector
LogPluginManager: Mounting plugin LocationServicesBPLibrary
LogPluginManager: Mounting plugin MobilePatchingUtils
LogPluginManager: Mounting plugin OculusVR
LogPluginManager: Mounting plugin PhysXVehicles
LogPluginManager: Mounting plugin ProceduralMeshComponent
LogPluginManager: Mounting plugin RuntimePhysXCooking
LogPluginManager: Mounting plugin SignificanceManager
LogPluginManager: Mounting plugin SteamVR
LogPluginManager: Mounting plugin WebMMoviePlayer
LogPluginManager: Mounting plugin WindowsMoviePlayer
LogInit: Using libcurl 7.55.1-DEV
LogInit:  - built for x86_64-pc-win32
LogInit:  - supports SSL with OpenSSL/1.1.1
LogInit:  - supports HTTP deflate (compression) using libz 1.2.8
LogInit:  - other features:
LogInit:      CURL_VERSION_SSL
LogInit:      CURL_VERSION_LIBZ
LogInit:      CURL_VERSION_IPV6
LogInit:      CURL_VERSION_ASYNCHDNS
LogInit:      CURL_VERSION_LARGEFILE
LogInit:      CURL_VERSION_IDN
LogInit:  CurlRequestOptions (configurable via config and command line):
LogInit:  - bVerifyPeer = true  - Libcurl will verify peer certificate
LogInit:  - bUseHttpProxy = false  - Libcurl will NOT use HTTP proxy
LogInit:  - bDontReuseConnections = false  - Libcurl will reuse connections
LogInit:  - MaxHostConnections = 16  - Libcurl will limit the number of connections to a host
LogInit:  - LocalHostAddr = Default
LogInit:  - BufferSize = 65536
LogInit: WinSock: version 1.1 (2.2), MaxSocks=32767, MaxUdp=65467
LogInit: Build: ++UE4+Release-4.22-CL-5660361
LogInit: Engine Version: 4.22.0-5660361+++UE4+Release-4.22
LogInit: Compatible Engine Version: 4.22.0-5660361+++UE4+Release-4.22
LogInit: Net CL: 5660361
LogInit: OS: Windows 10 (Release 1803) (), CPU: Intel(R) Core(TM) i5-4460  CPU @ 3.20GHz, GPU: NVIDIA GeForce GTX 1060 6GB
LogInit: Compiled (64-bit): Mar 31 2019 02:05:09
LogInit: Compiled with Visual C++: 19.16.27025.01
LogInit: Build Configuration: Development
LogInit: Branch Name: ++UE4+Release-4.22
LogInit: Command Line: 
LogInit: Base Directory: C:/Program Files/Epic Games/UE_4.22/Engine/Binaries/Win64/
LogInit: Installed Engine Build: 1
LogDevObjectVersion: Number of dev versions registered: 23
LogDevObjectVersion:   Dev-Blueprints (B0D832E4-1F89-4F0D-ACCF-7EB736FD4AA2): 10
LogDevObjectVersion:   Dev-Build (E1C64328-A22C-4D53-A36C-8E866417BD8C): 0
LogDevObjectVersion:   Dev-Core (375EC13C-06E4-48FB-B500-84F0262A717E): 3
LogDevObjectVersion:   Dev-Editor (E4B068ED-F494-42E9-A231-DA0B2E46BB41): 30
LogDevObjectVersion:   Dev-Framework (CFFC743F-43B0-4480-9391-14DF171D2073): 35
LogDevObjectVersion:   Dev-Mobile (B02B49B5-BB20-44E9-A304-32B752E40360): 2
LogDevObjectVersion:   Dev-Networking (A4E4105C-59A1-49B5-A7C5-40C4547EDFEE): 0
LogDevObjectVersion:   Dev-Online (39C831C9-5AE6-47DC-9A44-9C173E1C8E7C): 0
LogDevObjectVersion:   Dev-Physics (78F01B33-EBEA-4F98-B9B4-84EACCB95AA2): 0
LogDevObjectVersion:   Dev-Platform (6631380F-2D4D-43E0-8009-CF276956A95A): 0
LogDevObjectVersion:   Dev-Rendering (12F88B9F-8875-4AFC-A67C-D90C383ABD29): 28
LogDevObjectVersion:   Dev-Sequencer (7B5AE74C-D270-4C10-A958-57980B212A5A): 11
LogDevObjectVersion:   Dev-VR (D7296918-1DD6-4BDD-9DE2-64A83CC13884): 2
LogDevObjectVersion:   Dev-LoadTimes (C2A15278-BFE7-4AFE-6C17-90FF531DF755): 1
LogDevObjectVersion:   Private-Geometry (6EACA3D4-40EC-4CC1-B786-8BED09428FC5): 3
LogDevObjectVersion:   Dev-AnimPhys (29E575DD-E0A3-4627-9D10-D276232CDCEA): 17
LogDevObjectVersion:   Dev-Anim (AF43A65D-7FD3-4947-9873-3E8ED9C1BB05): 2
LogDevObjectVersion:   Dev-ReflectionCapture (6B266CEC-1EC7-4B8F-A30B-E4D90942FC07): 1
LogDevObjectVersion:   Dev-Automation (0DF73D61-A23F-47EA-B727-89E90C41499A): 1
LogDevObjectVersion:   FortniteMain (601D1886-AC64-4F84-AA16-D3DE0DEAC7D6): 25
LogDevObjectVersion:   Dev-Enterprise (9DFFBCD6-494F-0158-E221-12823C92A888): 6
LogDevObjectVersion:   Dev-Niagara (F2AED0AC-9AFE-416F-8664-AA7FFA26D6FC): 1
LogDevObjectVersion:   Dev-Destruction (174F1F0B-B4C6-45A5-B13F-2EE8D0FB917D): 2
LogInit: Presizing for max 16777216 objects, including 0 objects not considered by GC, pre-allocating 0 bytes for permanent pool.
LogInit: Object subsystem initialized
LogConfig: Setting CVar [[con.DebugEarlyDefault:1]]
LogConfig: Setting CVar [[r.setres:1280x720]]
[2019.04.03-21.02.32:304][  0]LogConfig: Setting CVar [[r.VSync:0]]
[2019.04.03-21.02.32:304][  0]LogConfig: Setting CVar [[r.RHICmdBypass:0]]
[2019.04.03-21.02.32:304][  0]LogConfig: Applying CVar settings from Section [/Script/Engine.RendererSettings] File [E:/Unreal Proyects/Curso/Seecion04_Battle_tank/TanksGrounds/Saved/Config/Windows/Engine.ini]
[2019.04.03-21.02.32:304][  0]LogConfig: Setting CVar [[r.GPUCrashDebugging:0]]
[2019.04.03-21.02.32:304][  0]LogConfig: Setting CVar [[r.DefaultFeature.AutoExposure.ExtendDefaultLuminanceRange:1]]
[2019.04.03-21.02.32:304][  0]LogConfig: Applying CVar settings from Section [/Script/Engine.RendererOverrideSettings] File [E:/Unreal Proyects/Curso/Seecion04_Battle_tank/TanksGrounds/Saved/Config/Windows/Engine.ini]
[2019.04.03-21.02.32:304][  0]LogConfig: Applying CVar settings from Section [/Script/Engine.StreamingSettings] File [E:/Unreal Proyects/Curso/Seecion04_Battle_tank/TanksGrounds/Saved/Config/Windows/Engine.ini]
[2019.04.03-21.02.32:304][  0]LogConfig: Setting CVar [[s.MinBulkDataSizeForAsyncLoading:131072]]
[2019.04.03-21.02.32:304][  0]LogConfig: Setting CVar [[s.AsyncLoadingThreadEnabled:0]]
[2019.04.03-21.02.32:304][  0]LogConfig: Setting CVar [[s.EventDrivenLoaderEnabled:1]]
[2019.04.03-21.02.32:304][  0]LogConfig: Setting CVar [[s.WarnIfTimeLimitExceeded:0]]
[2019.04.03-21.02.32:304][  0]LogConfig: Setting CVar [[s.TimeLimitExceededMultiplier:1.5]]
[2019.04.03-21.02.32:304][  0]LogConfig: Setting CVar [[s.TimeLimitExceededMinTime:0.005]]
[2019.04.03-21.02.32:304][  0]LogConfig: Setting CVar [[s.UseBackgroundLevelStreaming:1]]
[2019.04.03-21.02.32:304][  0]LogConfig: Setting CVar [[s.PriorityAsyncLoadingExtraTime:15.0]]
[2019.04.03-21.02.32:304][  0]LogConfig: Setting CVar [[s.LevelStreamingActorsUpdateTimeLimit:5.0]]
[2019.04.03-21.02.32:304][  0]LogConfig: Setting CVar [[s.PriorityLevelStreamingActorsUpdateExtraTime:5.0]]
[2019.04.03-21.02.32:304][  0]LogConfig: Setting CVar [[s.LevelStreamingComponentsRegistrationGranularity:10]]
[2019.04.03-21.02.32:304][  0]LogConfig: Setting CVar [[s.UnregisterComponentsTimeLimit:1.0]]
[2019.04.03-21.02.32:304][  0]LogConfig: Setting CVar [[s.LevelStreamingComponentsUnregistrationGranularity:5]]
[2019.04.03-21.02.32:304][  0]LogConfig: Applying CVar settings from Section [/Script/Engine.GarbageCollectionSettings] File [E:/Unreal Proyects/Curso/Seecion04_Battle_tank/TanksGrounds/Saved/Config/Windows/Engine.ini]
[2019.04.03-21.02.32:304][  0]LogConfig: Setting CVar [[gc.MaxObjectsNotConsideredByGC:1]]
[2019.04.03-21.02.32:304][  0]LogConfig: Setting CVar [[gc.SizeOfPermanentObjectPool:0]]
[2019.04.03-21.02.32:304][  0]LogConfig: Setting CVar [[gc.FlushStreamingOnGC:0]]
[2019.04.03-21.02.32:304][  0]LogConfig: Setting CVar [[gc.NumRetriesBeforeForcingGC:10]]
[2019.04.03-21.02.32:304][  0]LogConfig: Setting CVar [[gc.AllowParallelGC:1]]
[2019.04.03-21.02.32:304][  0]LogConfig: Setting CVar [[gc.TimeBetweenPurgingPendingKillObjects:61.1]]
[2019.04.03-21.02.32:304][  0]LogConfig: Setting CVar [[gc.MaxObjectsInEditor:16777216]]
[2019.04.03-21.02.32:304][  0]LogConfig: Setting CVar [[gc.IncrementalBeginDestroyEnabled:1]]
[2019.04.03-21.02.32:304][  0]LogConfig: Setting CVar [[gc.CreateGCClusters:1]]
[2019.04.03-21.02.32:304][  0]LogConfig: Setting CVar [[gc.MinGCClusterSize:5]]
[2019.04.03-21.02.32:304][  0]LogConfig: Setting CVar [[gc.ActorClusteringEnabled:0]]
[2019.04.03-21.02.32:304][  0]LogConfig: Setting CVar [[gc.BlueprintClusteringEnabled:0]]
[2019.04.03-21.02.32:304][  0]LogConfig: Setting CVar [[gc.UseDisregardForGCOnDedicatedServers:0]]
[2019.04.03-21.02.32:304][  0]LogConfig: Applying CVar settings from Section [/Script/Engine.NetworkSettings] File [E:/Unreal Proyects/Curso/Seecion04_Battle_tank/TanksGrounds/Saved/Config/Windows/Engine.ini]
[2019.04.03-21.02.32:304][  0]LogConfig: Applying CVar settings from Section [/Script/UnrealEd.CookerSettings] File [E:/Unreal Proyects/Curso/Seecion04_Battle_tank/TanksGrounds/Saved/Config/Windows/Engine.ini]
[2019.04.03-21.02.32:310][  0]LogConfig: Applying CVar settings from Section [ViewDistanceQuality@3] File [E:/Unreal Proyects/Curso/Seecion04_Battle_tank/TanksGrounds/Saved/Config/Windows/Scalability.ini]
[2019.04.03-21.02.32:310][  0]LogConfig: Setting CVar [[r.SkeletalMeshLODBias:0]]
[2019.04.03-21.02.32:310][  0]LogConfig: Setting CVar [[r.ViewDistanceScale:1.0]]
[2019.04.03-21.02.32:310][  0]LogConfig: Applying CVar settings from Section [AntiAliasingQuality@3] File [E:/Unreal Proyects/Curso/Seecion04_Battle_tank/TanksGrounds/Saved/Config/Windows/Scalability.ini]
[2019.04.03-21.02.32:310][  0]LogConfig: Setting CVar [[r.PostProcessAAQuality:4]]
[2019.04.03-21.02.32:310][  0]LogConfig: Applying CVar settings from Section [ShadowQuality@3] File [E:/Unreal Proyects/Curso/Seecion04_Battle_tank/TanksGrounds/Saved/Config/Windows/Scalability.ini]
[2019.04.03-21.02.32:310][  0]LogConfig: Setting CVar [[r.LightFunctionQuality:1]]
[2019.04.03-21.02.32:310][  0]LogConfig: Setting CVar [[r.ShadowQuality:5]]
[2019.04.03-21.02.32:310][  0]LogConfig: Setting CVar [[r.Shadow.CSM.MaxCascades:10]]
[2019.04.03-21.02.32:310][  0]LogConfig: Setting CVar [[r.Shadow.MaxResolution:2048]]
[2019.04.03-21.02.32:310][  0]LogConfig: Setting CVar [[r.Shadow.MaxCSMResolution:2048]]
[2019.04.03-21.02.32:310][  0]LogConfig: Setting CVar [[r.Shadow.RadiusThreshold:0.01]]
[2019.04.03-21.02.32:311][  0]LogConfig: Setting CVar [[r.Shadow.DistanceScale:1.0]]
[2019.04.03-21.02.32:311][  0]LogConfig: Setting CVar [[r.Shadow.CSM.TransitionScale:1.0]]
[2019.04.03-21.02.32:311][  0]LogConfig: Setting CVar [[r.Shadow.PreShadowResolutionFactor:1.0]]
[2019.04.03-21.02.32:311][  0]LogConfig: Setting CVar [[r.DistanceFieldShadowing:1]]
[2019.04.03-21.02.32:311][  0]LogConfig: Setting CVar [[r.DistanceFieldAO:1]]
[2019.04.03-21.02.32:311][  0]LogConfig: Setting CVar [[r.AOQuality:2]]
[2019.04.03-21.02.32:311][  0]LogConfig: Setting CVar [[r.VolumetricFog:1]]
[2019.04.03-21.02.32:311][  0]LogConfig: Setting CVar [[r.VolumetricFog.GridPixelSize:8]]
[2019.04.03-21.02.32:311][  0]LogConfig: Setting CVar [[r.VolumetricFog.GridSizeZ:128]]
[2019.04.03-21.02.32:311][  0]LogConfig: Setting CVar [[r.VolumetricFog.HistoryMissSupersampleCount:4]]
[2019.04.03-21.02.32:311][  0]LogConfig: Setting CVar [[r.LightMaxDrawDistanceScale:1]]
[2019.04.03-21.02.32:311][  0]LogConfig: Setting CVar [[r.CapsuleShadows:1]]
[2019.04.03-21.02.32:311][  0]LogConfig: Applying CVar settings from Section [PostProcessQuality@3] File [E:/Unreal Proyects/Curso/Seecion04_Battle_tank/TanksGrounds/Saved/Config/Windows/Scalability.ini]
[2019.04.03-21.02.32:311][  0]LogConfig: Setting CVar [[r.MotionBlurQuality:4]]
[2019.04.03-21.02.32:311][  0]LogConfig: Setting CVar [[r.AmbientOcclusionMipLevelFactor:0.4]]
[2019.04.03-21.02.32:311][  0]LogConfig: Setting CVar [[r.AmbientOcclusionMaxQuality:100]]
[2019.04.03-21.02.32:311][  0]LogConfig: Setting CVar [[r.AmbientOcclusionLevels:-1]]
[2019.04.03-21.02.32:311][  0]LogConfig: Setting CVar [[r.AmbientOcclusionRadiusScale:1.0]]
[2019.04.03-21.02.32:311][  0]LogConfig: Setting CVar [[r.DepthOfFieldQuality:2]]
[2019.04.03-21.02.32:311][  0]LogConfig: Setting CVar [[r.RenderTargetPoolMin:400]]
[2019.04.03-21.02.32:311][  0]LogConfig: Setting CVar [[r.LensFlareQuality:2]]
[2019.04.03-21.02.32:311][  0]LogConfig: Setting CVar [[r.SceneColorFringeQuality:1]]
[2019.04.03-21.02.32:311][  0]LogConfig: Setting CVar [[r.EyeAdaptationQuality:2]]
[2019.04.03-21.02.32:311][  0]LogConfig: Setting CVar [[r.BloomQuality:5]]
[2019.04.03-21.02.32:311][  0]LogConfig: Setting CVar [[r.FastBlurThreshold:100]]
[2019.04.03-21.02.32:311][  0]LogConfig: Setting CVar [[r.Upscale.Quality:3]]
[2019.04.03-21.02.32:311][  0]LogConfig: Setting CVar [[r.Tonemapper.GrainQuantization:1]]
[2019.04.03-21.02.32:311][  0]LogConfig: Setting CVar [[r.LightShaftQuality:1]]
[2019.04.03-21.02.32:311][  0]LogConfig: Setting CVar [[r.Filter.SizeScale:1]]
[2019.04.03-21.02.32:311][  0]LogConfig: Setting CVar [[r.Tonemapper.Quality:5]]
[2019.04.03-21.02.32:311][  0]LogConfig: Setting CVar [[r.DOF.Gather.AccumulatorQuality:1        ; higher gathering accumulator quality]]
[2019.04.03-21.02.32:311][  0]LogConfig: Setting CVar [[r.DOF.Gather.PostfilterMethod:1          ; Median3x3 postfilering method]]
[2019.04.03-21.02.32:311][  0]LogConfig: Setting CVar [[r.DOF.Gather.EnableBokehSettings:0       ; no bokeh simulation when gathering]]
[2019.04.03-21.02.32:311][  0]LogConfig: Setting CVar [[r.DOF.Gather.RingCount:4                 ; medium number of samples when gathering]]
[2019.04.03-21.02.32:311][  0]LogConfig: Setting CVar [[r.DOF.Scatter.ForegroundCompositing:1    ; additive foreground scattering]]
[2019.04.03-21.02.32:311][  0]LogConfig: Setting CVar [[r.DOF.Scatter.BackgroundCompositing:2    ; additive background scattering]]
[2019.04.03-21.02.32:311][  0]LogConfig: Setting CVar [[r.DOF.Scatter.EnableBokehSettings:1      ; bokeh simulation when scattering]]
[2019.04.03-21.02.32:311][  0]LogConfig: Setting CVar [[r.DOF.Scatter.MaxSpriteRatio:0.1         ; only a maximum of 10% of scattered bokeh]]
[2019.04.03-21.02.32:311][  0]LogConfig: Setting CVar [[r.DOF.Recombine.Quality:1                ; cheap slight out of focus]]
[2019.04.03-21.02.32:311][  0]LogConfig: Setting CVar [[r.DOF.Recombine.EnableBokehSettings:0    ; no bokeh simulation on slight out of focus]]
[2019.04.03-21.02.32:311][  0]LogConfig: Setting CVar [[r.DOF.TemporalAAQuality:1                ; more stable temporal accumulation]]
[2019.04.03-21.02.32:311][  0]LogConfig: Setting CVar [[r.DOF.Kernel.MaxForegroundRadius:0.025]]
[2019.04.03-21.02.32:311][  0]LogConfig: Setting CVar [[r.DOF.Kernel.MaxBackgroundRadius:0.025]]
[2019.04.03-21.02.32:311][  0]LogConfig: Applying CVar settings from Section [TextureQuality@3] File [E:/Unreal Proyects/Curso/Seecion04_Battle_tank/TanksGrounds/Saved/Config/Windows/Scalability.ini]
[2019.04.03-21.02.32:311][  0]LogConfig: Setting CVar [[r.Streaming.MipBias:0]]
[2019.04.03-21.02.32:311][  0]LogConfig: Setting CVar [[r.Streaming.AmortizeCPUToGPUCopy:0]]
[2019.04.03-21.02.32:311][  0]LogConfig: Setting CVar [[r.Streaming.MaxNumTexturesToStreamPerFrame:0]]
[2019.04.03-21.02.32:311][  0]LogConfig: Setting CVar [[r.Streaming.Boost:1]]
[2019.04.03-21.02.32:311][  0]LogConfig: Setting CVar [[r.MaxAnisotropy:8]]
[2019.04.03-21.02.32:311][  0]LogConfig: Setting CVar [[r.Streaming.LimitPoolSizeToVRAM:0]]
[2019.04.03-21.02.32:311][  0]LogConfig: Setting CVar [[r.Streaming.PoolSize:1000]]
[2019.04.03-21.02.32:311][  0]LogConfig: Setting CVar [[r.Streaming.MaxEffectiveScreenSize:0]]
[2019.04.03-21.02.32:311][  0]LogConfig: Applying CVar settings from Section [EffectsQuality@3] File [E:/Unreal Proyects/Curso/Seecion04_Battle_tank/TanksGrounds/Saved/Config/Windows/Scalability.ini]
[2019.04.03-21.02.32:311][  0]LogConfig: Setting CVar [[r.TranslucencyLightingVolumeDim:64]]
[2019.04.03-21.02.32:311][  0]LogConfig: Setting CVar [[r.RefractionQuality:2]]
[2019.04.03-21.02.32:311][  0]LogConfig: Setting CVar [[r.SSR.Quality:3]]
[2019.04.03-21.02.32:311][  0]LogConfig: Setting CVar [[r.SceneColorFormat:4]]
[2019.04.03-21.02.32:311][  0]LogConfig: Setting CVar [[r.DetailMode:2]]
[2019.04.03-21.02.32:311][  0]LogConfig: Setting CVar [[r.TranslucencyVolumeBlur:1]]
[2019.04.03-21.02.32:311][  0]LogConfig: Setting CVar [[r.MaterialQualityLevel:1 ; High quality]]
[2019.04.03-21.02.32:311][  0]LogConfig: Setting CVar [[r.SSS.Scale:1]]
[2019.04.03-21.02.32:311][  0]LogConfig: Setting CVar [[r.SSS.SampleSet:2]]
[2019.04.03-21.02.32:311][  0]LogConfig: Setting CVar [[r.SSS.Quality:1]]
[2019.04.03-21.02.32:311][  0]LogConfig: Setting CVar [[r.SSS.HalfRes:1]]
[2019.04.03-21.02.32:311][  0]LogConfig: Setting CVar [[r.EmitterSpawnRateScale:1.0]]
[2019.04.03-21.02.32:311][  0]LogConfig: Setting CVar [[r.ParticleLightQuality:2]]
[2019.04.03-21.02.32:311][  0]LogConfig: Applying CVar settings from Section [FoliageQuality@3] File [E:/Unreal Proyects/Curso/Seecion04_Battle_tank/TanksGrounds/Saved/Config/Windows/Scalability.ini]
[2019.04.03-21.02.32:311][  0]LogConfig: Setting CVar [[foliage.DensityScale:1.0]]
[2019.04.03-21.02.32:311][  0]LogConfig: Setting CVar [[grass.DensityScale:1.0]]
[2019.04.03-21.02.32:311][  0]LogInit: Selected Device Profile: [Windows]
[2019.04.03-21.02.32:311][  0]LogInit: Applying CVar settings loaded from the selected device profile: [Windows]
[2019.04.03-21.02.32:523][  0]LogHAL: Display: Platform has ~ 12 GB [12764684288 / 17179869184 / 12], which maps to Larger [LargestMinGB=32, LargerMinGB=12, DefaultMinGB=8, SmallerMinGB=6, SmallestMinGB=0)
[2019.04.03-21.02.32:523][  0]LogConfig: Setting CVar [[r.Vulkan.UseRealUBs:0		; Required until we fix HLR fall-out]]
[2019.04.03-21.02.32:523][  0]LogInit: Going up to parent DeviceProfile []
[2019.04.03-21.02.32:523][  0]LogConfig: Applying CVar settings from Section [ViewDistanceQuality@3] File [E:/Unreal Proyects/Curso/Seecion04_Battle_tank/TanksGrounds/Saved/Config/Windows/Scalability.ini]
[2019.04.03-21.02.32:523][  0]LogConfig: Setting CVar [[r.SkeletalMeshLODBias:0]]
[2019.04.03-21.02.32:523][  0]LogConfig: Setting CVar [[r.ViewDistanceScale:1.0]]
[2019.04.03-21.02.32:523][  0]LogConfig: Applying CVar settings from Section [AntiAliasingQuality@3] File [E:/Unreal Proyects/Curso/Seecion04_Battle_tank/TanksGrounds/Saved/Config/Windows/Scalability.ini]
[2019.04.03-21.02.32:524][  0]LogConfig: Setting CVar [[r.PostProcessAAQuality:4]]
[2019.04.03-21.02.32:524][  0]LogConfig: Applying CVar settings from Section [ShadowQuality@3] File [E:/Unreal Proyects/Curso/Seecion04_Battle_tank/TanksGrounds/Saved/Config/Windows/Scalability.ini]
[2019.04.03-21.02.32:524][  0]LogConfig: Setting CVar [[r.LightFunctionQuality:1]]
[2019.04.03-21.02.32:524][  0]LogConfig: Setting CVar [[r.ShadowQuality:5]]
[2019.04.03-21.02.32:524][  0]LogConfig: Setting CVar [[r.Shadow.CSM.MaxCascades:10]]
[2019.04.03-21.02.32:524][  0]LogConfig: Setting CVar [[r.Shadow.MaxResolution:2048]]
[2019.04.03-21.02.32:524][  0]LogConfig: Setting CVar [[r.Shadow.MaxCSMResolution:2048]]
[2019.04.03-21.02.32:524][  0]LogConfig: Setting CVar [[r.Shadow.RadiusThreshold:0.01]]
[2019.04.03-21.02.32:524][  0]LogConfig: Setting CVar [[r.Shadow.DistanceScale:1.0]]
[2019.04.03-21.02.32:524][  0]LogConfig: Setting CVar [[r.Shadow.CSM.TransitionScale:1.0]]
[2019.04.03-21.02.32:524][  0]LogConfig: Setting CVar [[r.Shadow.PreShadowResolutionFactor:1.0]]
[2019.04.03-21.02.32:524][  0]LogConfig: Setting CVar [[r.DistanceFieldShadowing:1]]
[2019.04.03-21.02.32:524][  0]LogConfig: Setting CVar [[r.DistanceFieldAO:1]]
[2019.04.03-21.02.32:524][  0]LogConfig: Setting CVar [[r.AOQuality:2]]
[2019.04.03-21.02.32:524][  0]LogConfig: Setting CVar [[r.VolumetricFog:1]]
[2019.04.03-21.02.32:524][  0]LogConfig: Setting CVar [[r.VolumetricFog.GridPixelSize:8]]
[2019.04.03-21.02.32:524][  0]LogConfig: Setting CVar [[r.VolumetricFog.GridSizeZ:128]]
[2019.04.03-21.02.32:524][  0]LogConfig: Setting CVar [[r.VolumetricFog.HistoryMissSupersampleCount:4]]
[2019.04.03-21.02.32:524][  0]LogConfig: Setting CVar [[r.LightMaxDrawDistanceScale:1]]
[2019.04.03-21.02.32:524][  0]LogConfig: Setting CVar [[r.CapsuleShadows:1]]
[2019.04.03-21.02.32:524][  0]LogConfig: Applying CVar settings from Section [PostProcessQuality@3] File [E:/Unreal Proyects/Curso/Seecion04_Battle_tank/TanksGrounds/Saved/Config/Windows/Scalability.ini]
[2019.04.03-21.02.32:524][  0]LogConfig: Setting CVar [[r.MotionBlurQuality:4]]
[2019.04.03-21.02.32:524][  0]LogConfig: Setting CVar [[r.AmbientOcclusionMipLevelFactor:0.4]]
[2019.04.03-21.02.32:524][  0]LogConfig: Setting CVar [[r.AmbientOcclusionMaxQuality:100]]
[2019.04.03-21.02.32:524][  0]LogConfig: Setting CVar [[r.AmbientOcclusionLevels:-1]]
[2019.04.03-21.02.32:524][  0]LogConfig: Setting CVar [[r.AmbientOcclusionRadiusScale:1.0]]
[2019.04.03-21.02.32:524][  0]LogConfig: Setting CVar [[r.DepthOfFieldQuality:2]]
[2019.04.03-21.02.32:524][  0]LogConfig: Setting CVar [[r.RenderTargetPoolMin:400]]
[2019.04.03-21.02.32:524][  0]LogConfig: Setting CVar [[r.LensFlareQuality:2]]
[2019.04.03-21.02.32:524][  0]LogConfig: Setting CVar [[r.SceneColorFringeQuality:1]]
[2019.04.03-21.02.32:524][  0]LogConfig: Setting CVar [[r.EyeAdaptationQuality:2]]
[2019.04.03-21.02.32:524][  0]LogConfig: Setting CVar [[r.BloomQuality:5]]
[2019.04.03-21.02.32:524][  0]LogConfig: Setting CVar [[r.FastBlurThreshold:100]]
[2019.04.03-21.02.32:524][  0]LogConfig: Setting CVar [[r.Upscale.Quality:3]]
[2019.04.03-21.02.32:524][  0]LogConfig: Setting CVar [[r.Tonemapper.GrainQuantization:1]]
[2019.04.03-21.02.32:524][  0]LogConfig: Setting CVar [[r.LightShaftQuality:1]]
[2019.04.03-21.02.32:524][  0]LogConfig: Setting CVar [[r.Filter.SizeScale:1]]
[2019.04.03-21.02.32:524][  0]LogConfig: Setting CVar [[r.Tonemapper.Quality:5]]
[2019.04.03-21.02.32:524][  0]LogConfig: Setting CVar [[r.DOF.Gather.AccumulatorQuality:1        ; higher gathering accumulator quality]]
[2019.04.03-21.02.32:524][  0]LogConfig: Setting CVar [[r.DOF.Gather.PostfilterMethod:1          ; Median3x3 postfilering method]]
[2019.04.03-21.02.32:524][  0]LogConfig: Setting CVar [[r.DOF.Gather.EnableBokehSettings:0       ; no bokeh simulation when gathering]]
[2019.04.03-21.02.32:524][  0]LogConfig: Setting CVar [[r.DOF.Gather.RingCount:4                 ; medium number of samples when gathering]]
[2019.04.03-21.02.32:524][  0]LogConfig: Setting CVar [[r.DOF.Scatter.ForegroundCompositing:1    ; additive foreground scattering]]
[2019.04.03-21.02.32:524][  0]LogConfig: Setting CVar [[r.DOF.Scatter.BackgroundCompositing:2    ; additive background scattering]]
[2019.04.03-21.02.32:524][  0]LogConfig: Setting CVar [[r.DOF.Scatter.EnableBokehSettings:1      ; bokeh simulation when scattering]]
[2019.04.03-21.02.32:524][  0]LogConfig: Setting CVar [[r.DOF.Scatter.MaxSpriteRatio:0.1         ; only a maximum of 10% of scattered bokeh]]
[2019.04.03-21.02.32:524][  0]LogConfig: Setting CVar [[r.DOF.Recombine.Quality:1                ; cheap slight out of focus]]
[2019.04.03-21.02.32:524][  0]LogConfig: Setting CVar [[r.DOF.Recombine.EnableBokehSettings:0    ; no bokeh simulation on slight out of focus]]
[2019.04.03-21.02.32:524][  0]LogConfig: Setting CVar [[r.DOF.TemporalAAQuality:1                ; more stable temporal accumulation]]
[2019.04.03-21.02.32:524][  0]LogConfig: Setting CVar [[r.DOF.Kernel.MaxForegroundRadius:0.025]]
[2019.04.03-21.02.32:524][  0]LogConfig: Setting CVar [[r.DOF.Kernel.MaxBackgroundRadius:0.025]]
[2019.04.03-21.02.32:524][  0]LogConfig: Applying CVar settings from Section [TextureQuality@3] File [E:/Unreal Proyects/Curso/Seecion04_Battle_tank/TanksGrounds/Saved/Config/Windows/Scalability.ini]
[2019.04.03-21.02.32:524][  0]LogConfig: Setting CVar [[r.Streaming.MipBias:0]]
[2019.04.03-21.02.32:524][  0]LogConfig: Setting CVar [[r.Streaming.AmortizeCPUToGPUCopy:0]]
[2019.04.03-21.02.32:524][  0]LogConfig: Setting CVar [[r.Streaming.MaxNumTexturesToStreamPerFrame:0]]
[2019.04.03-21.02.32:524][  0]LogConfig: Setting CVar [[r.Streaming.Boost:1]]
[2019.04.03-21.02.32:524][  0]LogConfig: Setting CVar [[r.MaxAnisotropy:8]]
[2019.04.03-21.02.32:524][  0]LogConfig: Setting CVar [[r.Streaming.LimitPoolSizeToVRAM:0]]
[2019.04.03-21.02.32:524][  0]LogConfig: Setting CVar [[r.Streaming.PoolSize:1000]]
[2019.04.03-21.02.32:524][  0]LogConfig: Setting CVar [[r.Streaming.MaxEffectiveScreenSize:0]]
[2019.04.03-21.02.32:524][  0]LogConfig: Applying CVar settings from Section [EffectsQuality@3] File [E:/Unreal Proyects/Curso/Seecion04_Battle_tank/TanksGrounds/Saved/Config/Windows/Scalability.ini]
[2019.04.03-21.02.32:524][  0]LogConfig: Setting CVar [[r.TranslucencyLightingVolumeDim:64]]
[2019.04.03-21.02.32:524][  0]LogConfig: Setting CVar [[r.RefractionQuality:2]]
[2019.04.03-21.02.32:524][  0]LogConfig: Setting CVar [[r.SSR.Quality:3]]
[2019.04.03-21.02.32:524][  0]LogConfig: Setting CVar [[r.SceneColorFormat:4]]
[2019.04.03-21.02.32:524][  0]LogConfig: Setting CVar [[r.DetailMode:2]]
[2019.04.03-21.02.32:524][  0]LogConfig: Setting CVar [[r.TranslucencyVolumeBlur:1]]
[2019.04.03-21.02.32:524][  0]LogConfig: Setting CVar [[r.MaterialQualityLevel:1 ; High quality]]
[2019.04.03-21.02.32:524][  0]LogConfig: Setting CVar [[r.SSS.Scale:1]]
[2019.04.03-21.02.32:524][  0]LogConfig: Setting CVar [[r.SSS.SampleSet:2]]
[2019.04.03-21.02.32:525][  0]LogConfig: Setting CVar [[r.SSS.Quality:1]]
[2019.04.03-21.02.32:525][  0]LogConfig: Setting CVar [[r.SSS.HalfRes:1]]
[2019.04.03-21.02.32:525][  0]LogConfig: Setting CVar [[r.EmitterSpawnRateScale:1.0]]
[2019.04.03-21.02.32:525][  0]LogConfig: Setting CVar [[r.ParticleLightQuality:2]]
[2019.04.03-21.02.32:525][  0]LogConfig: Applying CVar settings from Section [FoliageQuality@3] File [E:/Unreal Proyects/Curso/Seecion04_Battle_tank/TanksGrounds/Saved/Config/Windows/Scalability.ini]
[2019.04.03-21.02.32:525][  0]LogConfig: Setting CVar [[foliage.DensityScale:1.0]]
[2019.04.03-21.02.32:525][  0]LogConfig: Setting CVar [[grass.DensityScale:1.0]]
[2019.04.03-21.02.32:525][  0]LogConfig: Applying CVar settings from Section [Startup] File [../../../Engine/Config/ConsoleVariables.ini]
[2019.04.03-21.02.32:525][  0]LogConfig: Setting CVar [[net.UseAdaptiveNetUpdateFrequency:0]]
[2019.04.03-21.02.32:525][  0]LogConfig: Setting CVar [[p.chaos.AllowCreatePhysxBodies:1]]
[2019.04.03-21.02.32:525][  0]LogConfig: Applying CVar settings from Section [ConsoleVariables] File [E:/Unreal Proyects/Curso/Seecion04_Battle_tank/TanksGrounds/Saved/Config/Windows/Engine.ini]
[2019.04.03-21.02.32:525][  0]LogInit: Computer: DESKTOP-CD54N45
[2019.04.03-21.02.32:525][  0]LogInit: User: ELGRA
[2019.04.03-21.02.32:525][  0]LogInit: CPU Page size=4096, Cores=4
[2019.04.03-21.02.32:525][  0]LogInit: High frequency timer resolution =3.125000 MHz
[2019.04.03-21.02.32:525][  0]LogMemory: Memory total: Physical=11.9GB (12GB approx)
[2019.04.03-21.02.32:525][  0]LogMemory: Platform Memory Stats for Windows
[2019.04.03-21.02.32:525][  0]LogMemory: Process Physical Memory: 96.11 MB used, 96.11 MB peak
[2019.04.03-21.02.32:525][  0]LogMemory: Process Virtual Memory: 83.92 MB used, 83.92 MB peak
[2019.04.03-21.02.32:525][  0]LogMemory: Physical Memory: 5986.95 MB used,  6186.41 MB free, 12173.35 MB total
[2019.04.03-21.02.32:525][  0]LogMemory: Virtual Memory: 4640.22 MB used,  134213088.00 MB free, 134217728.00 MB total
[2019.04.03-21.02.33:088][  0]LogInit: Overriding language with editor language configuration option (en).
[2019.04.03-21.02.33:089][  0]LogInit: Overriding locale with editor culture configuration option ().
[2019.04.03-21.02.33:089][  0]LogInit: Using OS detected locale (es-CO).
[2019.04.03-21.02.33:932][  0]LogInit: Setting process to per monitor DPI aware
[2019.04.03-21.02.34:257][  0]LogSlate: New Slate User Created.  User Index 0, Is Virtual User: 0
[2019.04.03-21.02.34:257][  0]LogSlate: Slate User Registered.  User Index 0, Is Virtual User: 0
[2019.04.03-21.02.36:985][  0]LogHMD: Failed to initialize OpenVR with code 110
[2019.04.03-21.02.36:985][  0]LogD3D11RHI: D3D11 adapters:
[2019.04.03-21.02.37:655][  0]LogD3D11RHI:    0. 'NVIDIA GeForce GTX 1060 6GB' (Feature Level 11_0)
[2019.04.03-21.02.37:655][  0]LogD3D11RHI:       6052/0/6086 MB DedicatedVideo/DedicatedSystem/SharedSystem, Outputs:1, VendorId:0x10de
[2019.04.03-21.02.37:664][  0]LogD3D11RHI:    1. 'Intel(R) HD Graphics 4600' (Feature Level 11_0)
[2019.04.03-21.02.37:664][  0]LogD3D11RHI:       112/0/2048 MB DedicatedVideo/DedicatedSystem/SharedSystem, Outputs:1, VendorId:0x8086
[2019.04.03-21.02.37:764][  0]LogD3D11RHI:    2. 'NVIDIA GeForce GTX 950' (Feature Level 11_0)
[2019.04.03-21.02.37:764][  0]LogD3D11RHI:       2007/0/6086 MB DedicatedVideo/DedicatedSystem/SharedSystem, Outputs:0, VendorId:0x10de
[2019.04.03-21.02.37:813][  0]LogD3D11RHI:    3. 'Microsoft Basic Render Driver' (Feature Level 11_0)
[2019.04.03-21.02.37:813][  0]LogD3D11RHI:       0/0/6086 MB DedicatedVideo/DedicatedSystem/SharedSystem, Outputs:0, VendorId:0x1414
[2019.04.03-21.02.37:813][  0]LogD3D11RHI: Chosen D3D11 Adapter: 0
[2019.04.03-21.02.37:822][  0]LogD3D11RHI: Creating new Direct3DDevice
[2019.04.03-21.02.37:822][  0]LogD3D11RHI:     GPU DeviceId: 0x1c03 (for the marketing name, search the web for "GPU Device Id")
[2019.04.03-21.02.37:822][  0]LogWindows: EnumDisplayDevices:
[2019.04.03-21.02.37:822][  0]LogWindows:    0. 'NVIDIA GeForce GTX 1060 6GB' (P:1 D:1)
[2019.04.03-21.02.37:823][  0]LogWindows:    1. 'NVIDIA GeForce GTX 1060 6GB' (P:0 D:0)
[2019.04.03-21.02.37:823][  0]LogWindows:    2. 'NVIDIA GeForce GTX 1060 6GB' (P:0 D:0)
[2019.04.03-21.02.37:823][  0]LogWindows:    3. 'NVIDIA GeForce GTX 1060 6GB' (P:0 D:0)
[2019.04.03-21.02.37:824][  0]LogWindows:    4. 'NVIDIA GeForce GTX 950' (P:0 D:0)
[2019.04.03-21.02.37:824][  0]LogWindows:    5. 'NVIDIA GeForce GTX 950' (P:0 D:0)
[2019.04.03-21.02.37:825][  0]LogWindows:    6. 'NVIDIA GeForce GTX 950' (P:0 D:0)
[2019.04.03-21.02.37:825][  0]LogWindows:    7. 'NVIDIA GeForce GTX 950' (P:0 D:0)
[2019.04.03-21.02.37:825][  0]LogWindows:    8. 'Intel(R) HD Graphics 4600' (P:0 D:1)
[2019.04.03-21.02.37:826][  0]LogWindows:    9. 'Intel(R) HD Graphics 4600' (P:0 D:0)
[2019.04.03-21.02.37:826][  0]LogWindows:    10. 'Intel(R) HD Graphics 4600' (P:0 D:0)
[2019.04.03-21.02.37:827][  0]LogWindows: DebugString: PrimaryIsNotTheChoosenAdapter PrimaryIsNotTheChoosenAdapter PrimaryIsNotTheChoosenAdapter PrimaryIsNotTheChoosenAdapter PrimaryIsNotTheChoosenAdapter PrimaryIsNotTheChoosenAdapter PrimaryIsNotTheChoosenAdapter FoundDriverCount:4 
[2019.04.03-21.02.37:827][  0]LogD3D11RHI:     Adapter Name: NVIDIA GeForce GTX 1060 6GB
[2019.04.03-21.02.37:827][  0]LogD3D11RHI:   Driver Version: 419.67 (internal:25.21.14.1967, unified:419.67)
[2019.04.03-21.02.37:827][  0]LogD3D11RHI:      Driver Date: 3-17-2019
[2019.04.03-21.02.37:827][  0]LogRHI: Texture pool is 4236 MB (70% of 6052 MB)
[2019.04.03-21.02.37:880][  0]LogD3D11RHI: Async texture creation enabled
[2019.04.03-21.02.37:885][  0]LogRendererCore: FGlobalReadBuffer::InitRHI
[2019.04.03-21.02.37:885][  0]LogRendererCore: FGlobalReadBuffer::InitRHI
[2019.04.03-21.02.37:885][  0]LogRendererCore: FGlobalReadBuffer::InitRHI
[2019.04.03-21.02.37:895][  0]LogD3D11RHI: GPU Timing Frequency: 1000.000000 (Debug: 2 1)
[2019.04.03-21.02.40:077][  0]LogTemp: Display: Module 'AllDesktopTargetPlatform' loaded TargetPlatform 'AllDesktop'
[2019.04.03-21.02.40:121][  0]LogTemp: Display: Module 'MacClientTargetPlatform' loaded TargetPlatform 'MacClient'
[2019.04.03-21.02.40:169][  0]LogTemp: Display: Module 'MacNoEditorTargetPlatform' loaded TargetPlatform 'MacNoEditor'
[2019.04.03-21.02.40:207][  0]LogTemp: Display: Module 'MacServerTargetPlatform' loaded TargetPlatform 'MacServer'
[2019.04.03-21.02.40:288][  0]LogTemp: Display: Module 'MacTargetPlatform' loaded TargetPlatform 'Mac'
[2019.04.03-21.02.40:322][  0]LogTemp: Display: Module 'WindowsClientTargetPlatform' loaded TargetPlatform 'WindowsClient'
[2019.04.03-21.02.40:341][  0]LogTemp: Display: Module 'WindowsNoEditorTargetPlatform' loaded TargetPlatform 'WindowsNoEditor'
[2019.04.03-21.02.40:397][  0]LogTemp: Display: Module 'WindowsServerTargetPlatform' loaded TargetPlatform 'WindowsServer'
[2019.04.03-21.02.40:409][  0]LogTemp: Display: Module 'WindowsTargetPlatform' loaded TargetPlatform 'Windows'
[2019.04.03-21.02.40:568][  0]LogTemp: Display: Module 'AndroidTargetPlatform' loaded TargetPlatform 'Android'
[2019.04.03-21.02.40:568][  0]LogTemp: Display: Module 'AndroidTargetPlatform' loaded TargetPlatform 'Android_ASTC'
[2019.04.03-21.02.40:568][  0]LogTemp: Display: Module 'AndroidTargetPlatform' loaded TargetPlatform 'Android_ATC'
[2019.04.03-21.02.40:568][  0]LogTemp: Display: Module 'AndroidTargetPlatform' loaded TargetPlatform 'Android_DXT'
[2019.04.03-21.02.40:568][  0]LogTemp: Display: Module 'AndroidTargetPlatform' loaded TargetPlatform 'Android_ETC1'
[2019.04.03-21.02.40:568][  0]LogTemp: Display: Module 'AndroidTargetPlatform' loaded TargetPlatform 'Android_ETC1a'
[2019.04.03-21.02.40:568][  0]LogTemp: Display: Module 'AndroidTargetPlatform' loaded TargetPlatform 'Android_ETC2'
[2019.04.03-21.02.40:568][  0]LogTemp: Display: Module 'AndroidTargetPlatform' loaded TargetPlatform 'Android_PVRTC'
[2019.04.03-21.02.40:568][  0]LogTemp: Display: Module 'AndroidTargetPlatform' loaded TargetPlatform 'AndroidClient'
[2019.04.03-21.02.40:568][  0]LogTemp: Display: Module 'AndroidTargetPlatform' loaded TargetPlatform 'Android_ASTCClient'
[2019.04.03-21.02.40:568][  0]LogTemp: Display: Module 'AndroidTargetPlatform' loaded TargetPlatform 'Android_ATCClient'
[2019.04.03-21.02.40:568][  0]LogTemp: Display: Module 'AndroidTargetPlatform' loaded TargetPlatform 'Android_DXTClient'
[2019.04.03-21.02.40:568][  0]LogTemp: Display: Module 'AndroidTargetPlatform' loaded TargetPlatform 'Android_ETC1Client'
[2019.04.03-21.02.40:568][  0]LogTemp: Display: Module 'AndroidTargetPlatform' loaded TargetPlatform 'Android_ETC1aClient'
[2019.04.03-21.02.40:568][  0]LogTemp: Display: Module 'AndroidTargetPlatform' loaded TargetPlatform 'Android_ETC2Client'
[2019.04.03-21.02.40:569][  0]LogTemp: Display: Module 'AndroidTargetPlatform' loaded TargetPlatform 'Android_PVRTCClient'
[2019.04.03-21.02.40:569][  0]LogTemp: Display: Module 'AndroidTargetPlatform' loaded TargetPlatform 'Android_Multi'
[2019.04.03-21.02.40:569][  0]LogTemp: Display: Module 'AndroidTargetPlatform' loaded TargetPlatform 'Android_MultiClient'
[2019.04.03-21.02.40:596][  0]LogTemp: Display: Module 'HTML5TargetPlatform' loaded TargetPlatform 'HTML5'
[2019.04.03-21.02.40:721][  0]LogTemp: Display: Module 'IOSTargetPlatform' loaded TargetPlatform 'IOSClient'
[2019.04.03-21.02.40:721][  0]LogTemp: Display: Module 'IOSTargetPlatform' loaded TargetPlatform 'IOS'
[2019.04.03-21.02.40:748][  0]LogTemp: Display: Module 'TVOSTargetPlatform' loaded TargetPlatform 'TVOSClient'
[2019.04.03-21.02.40:748][  0]LogTemp: Display: Module 'TVOSTargetPlatform' loaded TargetPlatform 'TVOS'
[2019.04.03-21.02.40:791][  0]LogTemp: Display: Module 'LinuxClientTargetPlatform' loaded TargetPlatform 'LinuxClient'
[2019.04.03-21.02.40:805][  0]LogTemp: Display: Module 'LinuxNoEditorTargetPlatform' loaded TargetPlatform 'LinuxNoEditor'
[2019.04.03-21.02.40:820][  0]LogTemp: Display: Module 'LinuxServerTargetPlatform' loaded TargetPlatform 'LinuxServer'
[2019.04.03-21.02.40:864][  0]LogTemp: Display: Module 'LinuxTargetPlatform' loaded TargetPlatform 'Linux'
[2019.04.03-21.02.40:938][  0]LogTemp: Display: Module 'LuminTargetPlatform' loaded TargetPlatform 'Lumin'
[2019.04.03-21.02.40:938][  0]LogTemp: Display: Module 'LuminTargetPlatform' loaded TargetPlatform 'LuminClient'
[2019.04.03-21.02.40:938][  0]LogTargetPlatformManager: Display: Building Assets For Windows
[2019.04.03-21.02.41:074][  0]LogAudioDebug: Display: Lib vorbis DLL was dynamically loaded.
[2019.04.03-21.02.41:798][  0]LogShaderCompilers: Guid format shader working directory is -13 characters bigger than the processId version (E:/Unreal Proyects/Curso/Seecion04_Battle_tank/TanksGrounds/Intermediate/Shaders/WorkingDirectory/2284/).
[2019.04.03-21.02.41:798][  0]LogShaderCompilers: Cleaned the shader compiler working directory 'C:/Users/ELGRA/AppData/Local/Temp/UnrealShaderWorkingDir/AC8179E246D1D26A03B86091ED6F756E/'.
[2019.04.03-21.02.41:827][  0]LogXGEController: Cleaning working directory: C:/Users/ELGRA/AppData/Local/Temp/UnrealXGEWorkingDir/
[2019.04.03-21.02.41:930][  0]LogShaderCompilers: Display: Using XGE Shader Compiler (Interception Interface).
[2019.04.03-21.02.42:829][  0]LogDerivedDataCache: Display: Max Cache Size: 512 MB
[2019.04.03-21.02.44:226][  0]LogDerivedDataCache: Loaded boot cache 1.40s 71MB C:/Users/ELGRA/AppData/Local/UnrealEngine/4.22/DerivedDataCache/Boot.ddc.
[2019.04.03-21.02.44:226][  0]LogDerivedDataCache: Display: Loaded Boot cache: C:/Users/ELGRA/AppData/Local/UnrealEngine/4.22/DerivedDataCache/Boot.ddc
[2019.04.03-21.02.44:226][  0]LogDerivedDataCache: FDerivedDataBackendGraph:  Pak pak cache file E:/Unreal Proyects/Curso/Seecion04_Battle_tank/TanksGrounds/DerivedDataCache/DDC.ddp not found, will not use a pak cache.
[2019.04.03-21.02.44:226][  0]LogDerivedDataCache: Unable to find inner node Pak for hierarchical cache Hierarchy.
[2019.04.03-21.02.44:226][  0]LogDerivedDataCache: FDerivedDataBackendGraph:  CompressedPak pak cache file E:/Unreal Proyects/Curso/Seecion04_Battle_tank/TanksGrounds/DerivedDataCache/Compressed.ddp not found, will not use a pak cache.
[2019.04.03-21.02.44:226][  0]LogDerivedDataCache: Unable to find inner node CompressedPak for hierarchical cache Hierarchy.
[2019.04.03-21.02.44:299][  0]LogDerivedDataCache: Display: Pak cache opened for reading ../../../Engine/DerivedDataCache/Compressed.ddp.
[2019.04.03-21.02.44:300][  0]LogDerivedDataCache: FDerivedDataBackendGraph:  EnterprisePak pak cache file ../../../Enterprise/DerivedDataCache/Compressed.ddp not found, will not use a pak cache.
[2019.04.03-21.02.44:300][  0]LogDerivedDataCache: Unable to find inner node EnterprisePak for hierarchical cache Hierarchy.
[2019.04.03-21.02.44:312][  0]LogDerivedDataCache: Using Local data cache path C:/Users/ELGRA/AppData/Local/UnrealEngine/Common/DerivedDataCache: Writable
[2019.04.03-21.02.44:312][  0]LogDerivedDataCache: Shared data cache path not found in *engine.ini, will not use an Shared cache.
[2019.04.03-21.02.44:312][  0]LogDerivedDataCache: Unable to find inner node Shared for hierarchical cache Hierarchy.
[2019.04.03-21.02.44:336][  0]LogMaterial: Verifying Global Shaders for PCD3D_SM5
[2019.04.03-21.02.44:337][  0]LogSlate: Using FreeType 2.6.0
[2019.04.03-21.02.44:466][  0]LogSlate: SlateFontServices - WITH_FREETYPE: 1, WITH_HARFBUZZ: 1
[2019.04.03-21.02.45:143][  0]LogAssetRegistry: FAssetRegistry took 0.0337 seconds to start up
[2019.04.03-21.02.45:699][  0]LogInit: Selected Device Profile: [Windows]
[2019.04.03-21.02.46:913][  0]LogMeshReduction: Using QuadricMeshReduction for automatic static mesh reduction
[2019.04.03-21.02.46:913][  0]LogMeshReduction: Using SimplygonMeshReduction for automatic skeletal mesh reduction
[2019.04.03-21.02.46:913][  0]LogMeshReduction: Using ProxyLODMeshReduction for automatic mesh merging
[2019.04.03-21.02.46:913][  0]LogMeshReduction: No distributed automatic mesh merging module available
[2019.04.03-21.02.46:913][  0]LogMeshMerging: No distributed automatic mesh merging module available
[2019.04.03-21.02.47:005][  0]LogNetVersion: TanksGrounds 1.0.0, NetCL: 5660361, EngineNetVer: 10, GameNetVer: 0 (Checksum: 220100468)
[2019.04.03-21.02.47:972][  0]LogPackageLocalizationCache: Processed 10 localized package path(s) for 1 prioritized culture(s) in 0.068621 seconds
[2019.04.03-21.02.47:978][  0]LogUObjectArray: 42205 objects as part of root set at end of initial load.
[2019.04.03-21.02.47:978][  0]LogUObjectAllocator: 7325032 out of 0 bytes used by permanent object pool.
[2019.04.03-21.02.47:978][  0]LogUObjectArray: CloseDisregardForGC: 0/0 objects in disregard for GC pool
[2019.04.03-21.03.04:243][  0]LogTcpMessaging: Initializing TcpMessaging bridge
[2019.04.03-21.03.04:307][  0]LogUdpMessaging: Initializing bridge on interface 0.0.0.0:0 to multicast group 230.0.0.1:6666.
[2019.04.03-21.03.05:083][  0]SourceControl: Source control is disabled
[2019.04.03-21.03.05:083][  0]SourceControl: Source control is disabled
[2019.04.03-21.03.05:164][  0]SourceControl: Source control is disabled
[2019.04.03-21.03.05:213][  0]SourceControl: Source control is disabled
[2019.04.03-21.03.06:213][  0]LogAndroidPermission: UAndroidPermissionCallbackProxy::GetInstance
[2019.04.03-21.03.06:962][  0]LogOcInput: OculusInput pre-init called
[2019.04.03-21.03.08:033][  0]LogEngine: Initializing Engine...
[2019.04.03-21.03.08:034][  0]LogHMD: Failed to initialize OpenVR with code 110
[2019.04.03-21.03.08:053][  0]LogStats: UGameplayTagsManager::InitializeManager -  0.018 s
[2019.04.03-21.03.08:374][  0]LogInit: Initializing FReadOnlyCVARCache
[2019.04.03-21.03.08:516][  0]LogAIModule: Creating AISystem for world Untitled
[2019.04.03-21.03.08:589][  0]LogInit: XAudio2 using 'Altavoces (Realtek High Definition Audio)' : 2 channels at 48 kHz using 32 bits per sample (channel mask 0x3)
[2019.04.03-21.03.08:666][  0]LogInit: FAudioDevice initialized.
[2019.04.03-21.03.08:666][  0]LogNetVersion: Set ProjectVersion to 1.0.0.0. Version Checksum will be recalculated on next use.
[2019.04.03-21.03.09:496][  0]LogDerivedDataCache: Saved boot cache 0.83s 71MB C:/Users/ELGRA/AppData/Local/UnrealEngine/4.22/DerivedDataCache/Boot.ddc.
[2019.04.03-21.03.09:527][  0]LogInit: Texture streaming: Enabled
[2019.04.03-21.03.09:755][  0]LogEngineSessionManager: EngineSessionManager initialized
[2019.04.03-21.03.09:756][  0]LogEngineSessionManager: EngineSessionManager sent abnormal shutdown report. Type=AbnormalShutdown, SessionId={DD93F559-4306-AE6D-CEC9-03A836AC21E8}
[2019.04.03-21.03.09:956][  0]LogInit: Transaction tracking system initialized
[2019.04.03-21.03.10:692][  0]BlueprintLog: New page: Editor Load
[2019.04.03-21.03.12:275][  0]LocalizationService: Localization service is disabled
[2019.04.03-21.03.14:113][  0]LogFileCache: Scanning file cache for directory 'E:/Unreal Proyects/Curso/Seecion04_Battle_tank/TanksGrounds/Content/' took 0.01s
[2019.04.03-21.03.14:113][  0]LogCook: Display: Max memory allowance for cook 16384mb min free memory 0mb
[2019.04.03-21.03.14:113][  0]LogCook: Display: Mobile HDR setting 1
[2019.04.03-21.03.17:804][  0]SourceControl: Source control is disabled
[2019.04.03-21.03.18:106][  0]LogSlate: Took 0.060281 seconds to synchronously load lazily loaded font '../../../Engine/Content/Slate/Fonts/Roboto-Regular.ttf' (155K)
[2019.04.03-21.03.22:737][  0]LogSlate: Window 'Restore Packages' being destroyed
[2019.04.03-21.03.22:738][  0]LogWindowsTextInputMethodSystem: Display: IME system now deactivated.
[2019.04.03-21.03.22:817][  0]LogWindowsTextInputMethodSystem: Display: IME system now deactivated.
[2019.04.03-21.03.27:423][  0]LogSlate: Window 'Unable to Check Out From Source Control!' being destroyed
[2019.04.03-21.03.27:423][  0]LogWindowsTextInputMethodSystem: Display: IME system now deactivated.
[2019.04.03-21.03.27:474][  0]LogWindowsTextInputMethodSystem: Display: IME system now deactivated.
[2019.04.03-21.03.27:475][  0]Cmd: MAP LOAD FILE="E:/Unreal Proyects/Curso/Seecion04_Battle_tank/TanksGrounds/Content/TanksGrounds.umap" TEMPLATE=0 SHOWPROGRESS=1 FEATURELEVEL=3
[2019.04.03-21.03.27:475][  0]LightingResults: New page: Lighting Build
[2019.04.03-21.03.27:534][  0]MapCheck: New page: Map Check
[2019.04.03-21.03.27:534][  0]LightingResults: New page: Lighting Build
[2019.04.03-21.03.27:565][  0]LogUObjectHash: Compacting FUObjectHashTables data took   4.72ms
[2019.04.03-21.03.27:747][  0]LogLandscape: Warning: LandscapeComponent RelativeLocation disagrees with its section base, attempted automated fix: 'LandscapeComponent /Game/TanksGrounds.TanksGrounds:PersistentLevel.Landscape_1.LandscapeComponent_13', 1274.999878,254.999954 vs 1275.000000,255.000000.
[2019.04.03-21.03.27:747][  0]LogLandscape: Warning: LandscapeComponent RelativeLocation disagrees with its section base, attempted automated fix: 'LandscapeComponent /Game/TanksGrounds.TanksGrounds:PersistentLevel.Landscape_1.LandscapeComponent_14', 1529.999878,254.999954 vs 1530.000000,255.000000.
[2019.04.03-21.03.27:747][  0]LogLandscape: Warning: LandscapeComponent RelativeLocation disagrees with its section base, attempted automated fix: 'LandscapeComponent /Game/TanksGrounds.TanksGrounds:PersistentLevel.Landscape_1.LandscapeComponent_21', 1274.999878,509.999969 vs 1275.000000,510.000000.
[2019.04.03-21.03.27:748][  0]LogLandscape: Warning: LandscapeComponent RelativeLocation disagrees with its section base, attempted automated fix: 'LandscapeComponent /Game/TanksGrounds.TanksGrounds:PersistentLevel.Landscape_1.LandscapeComponent_22', 1529.999878,509.999969 vs 1530.000000,510.000000.
[2019.04.03-21.03.27:748][  0]LogLandscape: Warning: LandscapeComponent RelativeLocation disagrees with its section base, attempted automated fix: 'LandscapeComponent /Game/TanksGrounds.TanksGrounds:PersistentLevel.Landscape_1.LandscapeComponent_29', 1274.999878,764.999939 vs 1275.000000,765.000000.
[2019.04.03-21.03.27:748][  0]LogLandscape: Warning: LandscapeComponent RelativeLocation disagrees with its section base, attempted automated fix: 'LandscapeComponent /Game/TanksGrounds.TanksGrounds:PersistentLevel.Landscape_1.LandscapeComponent_30', 1529.999878,764.999939 vs 1530.000000,765.000000.
[2019.04.03-21.03.27:748][  0]LogLandscape: Warning: LandscapeComponent RelativeLocation disagrees with its section base, attempted automated fix: 'LandscapeComponent /Game/TanksGrounds.TanksGrounds:PersistentLevel.Landscape_1.LandscapeComponent_37', 1274.999878,1019.999939 vs 1275.000000,1020.000000.
[2019.04.03-21.03.27:748][  0]LogLandscape: Warning: LandscapeComponent RelativeLocation disagrees with its section base, attempted automated fix: 'LandscapeComponent /Game/TanksGrounds.TanksGrounds:PersistentLevel.Landscape_1.LandscapeComponent_38', 1529.999878,1019.999939 vs 1530.000000,1020.000000.
[2019.04.03-21.03.27:748][  0]LogLandscape: Warning: LandscapeComponent RelativeLocation disagrees with its section base, attempted automated fix: 'LandscapeComponent /Game/TanksGrounds.TanksGrounds:PersistentLevel.Landscape_1.LandscapeComponent_40', 0.000000,1274.999878 vs 0.000000,1275.000000.
[2019.04.03-21.03.27:748][  0]LogLandscape: Warning: LandscapeComponent RelativeLocation disagrees with its section base, attempted automated fix: 'LandscapeComponent /Game/TanksGrounds.TanksGrounds:PersistentLevel.Landscape_1.LandscapeComponent_41', 254.999954,1274.999878 vs 255.000000,1275.000000.
[2019.04.03-21.03.27:748][  0]LogLandscape: Warning: LandscapeComponent RelativeLocation disagrees with its section base, attempted automated fix: 'LandscapeComponent /Game/TanksGrounds.TanksGrounds:PersistentLevel.Landscape_1.LandscapeComponent_42', 509.999969,1274.999878 vs 510.000000,1275.000000.
[2019.04.03-21.03.27:748][  0]LogLandscape: Warning: LandscapeComponent RelativeLocation disagrees with its section base, attempted automated fix: 'LandscapeComponent /Game/TanksGrounds.TanksGrounds:PersistentLevel.Landscape_1.LandscapeComponent_43', 764.999939,1274.999878 vs 765.000000,1275.000000.
[2019.04.03-21.03.27:748][  0]LogLandscape: Warning: LandscapeComponent RelativeLocation disagrees with its section base, attempted automated fix: 'LandscapeComponent /Game/TanksGrounds.TanksGrounds:PersistentLevel.Landscape_1.LandscapeComponent_44', 1019.999939,1274.999878 vs 1020.000000,1275.000000.
[2019.04.03-21.03.27:748][  0]LogLandscape: Warning: LandscapeComponent RelativeLocation disagrees with its section base, attempted automated fix: 'LandscapeComponent /Game/TanksGrounds.TanksGrounds:PersistentLevel.Landscape_1.LandscapeComponent_45', 1274.999878,1274.999878 vs 1275.000000,1275.000000.
[2019.04.03-21.03.27:748][  0]LogLandscape: Warning: LandscapeComponent RelativeLocation disagrees with its section base, attempted automated fix: 'LandscapeComponent /Game/TanksGrounds.TanksGrounds:PersistentLevel.Landscape_1.LandscapeComponent_46', 1529.999878,1274.999878 vs 1530.000000,1275.000000.
[2019.04.03-21.03.27:748][  0]LogLandscape: Warning: LandscapeComponent RelativeLocation disagrees with its section base, attempted automated fix: 'LandscapeComponent /Game/TanksGrounds.TanksGrounds:PersistentLevel.Landscape_1.LandscapeComponent_47', 1785.000000,1274.999878 vs 1785.000000,1275.000000.
[2019.04.03-21.03.27:748][  0]LogLandscape: Warning: LandscapeComponent RelativeLocation disagrees with its section base, attempted automated fix: 'LandscapeComponent /Game/TanksGrounds.TanksGrounds:PersistentLevel.Landscape_1.LandscapeComponent_48', 0.000000,1529.999878 vs 0.000000,1530.000000.
[2019.04.03-21.03.27:748][  0]LogLandscape: Warning: LandscapeComponent RelativeLocation disagrees with its section base, attempted automated fix: 'LandscapeComponent /Game/TanksGrounds.TanksGrounds:PersistentLevel.Landscape_1.LandscapeComponent_49', 254.999954,1529.999878 vs 255.000000,1530.000000.
[2019.04.03-21.03.27:748][  0]LogLandscape: Warning: LandscapeComponent RelativeLocation disagrees with its section base, attempted automated fix: 'LandscapeComponent /Game/TanksGrounds.TanksGrounds:PersistentLevel.Landscape_1.LandscapeComponent_5', 1274.999878,0.000000 vs 1275.000000,0.000000.
[2019.04.03-21.03.27:748][  0]LogLandscape: Warning: LandscapeComponent RelativeLocation disagrees with its section base, attempted automated fix: 'LandscapeComponent /Game/TanksGrounds.TanksGrounds:PersistentLevel.Landscape_1.LandscapeComponent_50', 509.999969,1529.999878 vs 510.000000,1530.000000.
[2019.04.03-21.03.27:748][  0]LogLandscape: Warning: LandscapeComponent RelativeLocation disagrees with its section base, attempted automated fix: 'LandscapeComponent /Game/TanksGrounds.TanksGrounds:PersistentLevel.Landscape_1.LandscapeComponent_51', 764.999939,1529.999878 vs 765.000000,1530.000000.
[2019.04.03-21.03.27:748][  0]LogLandscape: Warning: LandscapeComponent RelativeLocation disagrees with its section base, attempted automated fix: 'LandscapeComponent /Game/TanksGrounds.TanksGrounds:PersistentLevel.Landscape_1.LandscapeComponent_52', 1019.999939,1529.999878 vs 1020.000000,1530.000000.
[2019.04.03-21.03.27:748][  0]LogLandscape: Warning: LandscapeComponent RelativeLocation disagrees with its section base, attempted automated fix: 'LandscapeComponent /Game/TanksGrounds.TanksGrounds:PersistentLevel.Landscape_1.LandscapeComponent_53', 1274.999878,1529.999878 vs 1275.000000,1530.000000.
[2019.04.03-21.03.27:748][  0]LogLandscape: Warning: LandscapeComponent RelativeLocation disagrees with its section base, attempted automated fix: 'LandscapeComponent /Game/TanksGrounds.TanksGrounds:PersistentLevel.Landscape_1.LandscapeComponent_54', 1529.999878,1529.999878 vs 1530.000000,1530.000000.
[2019.04.03-21.03.27:748][  0]LogLandscape: Warning: LandscapeComponent RelativeLocation disagrees with its section base, attempted automated fix: 'LandscapeComponent /Game/TanksGrounds.TanksGrounds:PersistentLevel.Landscape_1.LandscapeComponent_55', 1785.000000,1529.999878 vs 1785.000000,1530.000000.
[2019.04.03-21.03.27:748][  0]LogLandscape: Warning: LandscapeComponent RelativeLocation disagrees with its section base, attempted automated fix: 'LandscapeComponent /Game/TanksGrounds.TanksGrounds:PersistentLevel.Landscape_1.LandscapeComponent_6', 1529.999878,0.000000 vs 1530.000000,0.000000.
[2019.04.03-21.03.27:748][  0]LogLandscape: Warning: LandscapeComponent RelativeLocation disagrees with its section base, attempted automated fix: 'LandscapeComponent /Game/TanksGrounds.TanksGrounds:PersistentLevel.Landscape_1.LandscapeComponent_61', 1274.999878,1785.000000 vs 1275.000000,1785.000000.
[2019.04.03-21.03.27:748][  0]LogLandscape: Warning: LandscapeComponent RelativeLocation disagrees with its section base, attempted automated fix: 'LandscapeComponent /Game/TanksGrounds.TanksGrounds:PersistentLevel.Landscape_1.LandscapeComponent_62', 1529.999878,1785.000000 vs 1530.000000,1785.000000.
[2019.04.03-21.03.27:748][  0]LogLandscape: Warning: ULandscapeHeightfieldCollisionComponent RelativeLocation disagrees with its section base, attempted automated fix: 'LandscapeHeightfieldCollisionComponent /Game/TanksGrounds.TanksGrounds:PersistentLevel.Landscape_1.LandscapeHeightfieldCollisionComponent_101', 1274.999878,1019.999939 vs 1275.000000,1020.000000.
[2019.04.03-21.03.27:749][  0]LogLandscape: Warning: ULandscapeHeightfieldCollisionComponent RelativeLocation disagrees with its section base, attempted automated fix: 'LandscapeHeightfieldCollisionComponent /Game/TanksGrounds.TanksGrounds:PersistentLevel.Landscape_1.LandscapeHeightfieldCollisionComponent_102', 1529.999878,1019.999939 vs 1530.000000,1020.000000.
[2019.04.03-21.03.27:749][  0]LogLandscape: Warning: ULandscapeHeightfieldCollisionComponent RelativeLocation disagrees with its section base, attempted automated fix: 'LandscapeHeightfieldCollisionComponent /Game/TanksGrounds.TanksGrounds:PersistentLevel.Landscape_1.LandscapeHeightfieldCollisionComponent_104', 0.000000,1274.999878 vs 0.000000,1275.000000.
[2019.04.03-21.03.27:749][  0]LogLandscape: Warning: ULandscapeHeightfieldCollisionComponent RelativeLocation disagrees with its section base, attempted automated fix: 'LandscapeHeightfieldCollisionComponent /Game/TanksGrounds.TanksGrounds:PersistentLevel.Landscape_1.LandscapeHeightfieldCollisionComponent_105', 254.999954,1274.999878 vs 255.000000,1275.000000.
[2019.04.03-21.03.27:749][  0]LogLandscape: Warning: ULandscapeHeightfieldCollisionComponent RelativeLocation disagrees with its section base, attempted automated fix: 'LandscapeHeightfieldCollisionComponent /Game/TanksGrounds.TanksGrounds:PersistentLevel.Landscape_1.LandscapeHeightfieldCollisionComponent_106', 509.999969,1274.999878 vs 510.000000,1275.000000.
[2019.04.03-21.03.27:749][  0]LogLandscape: Warning: ULandscapeHeightfieldCollisionComponent RelativeLocation disagrees with its section base, attempted automated fix: 'LandscapeHeightfieldCollisionComponent /Game/TanksGrounds.TanksGrounds:PersistentLevel.Landscape_1.LandscapeHeightfieldCollisionComponent_107', 764.999939,1274.999878 vs 765.000000,1275.000000.
[2019.04.03-21.03.27:749][  0]LogLandscape: Warning: ULandscapeHeightfieldCollisionComponent RelativeLocation disagrees with its section base, attempted automated fix: 'LandscapeHeightfieldCollisionComponent /Game/TanksGrounds.TanksGrounds:PersistentLevel.Landscape_1.LandscapeHeightfieldCollisionComponent_108', 1019.999939,1274.999878 vs 1020.000000,1275.000000.
[2019.04.03-21.03.27:749][  0]LogLandscape: Warning: ULandscapeHeightfieldCollisionComponent RelativeLocation disagrees with its section base, attempted automated fix: 'LandscapeHeightfieldCollisionComponent /Game/TanksGrounds.TanksGrounds:PersistentLevel.Landscape_1.LandscapeHeightfieldCollisionComponent_109', 1274.999878,1274.999878 vs 1275.000000,1275.000000.
[2019.04.03-21.03.27:749][  0]LogLandscape: Warning: ULandscapeHeightfieldCollisionComponent RelativeLocation disagrees with its section base, attempted automated fix: 'LandscapeHeightfieldCollisionComponent /Game/TanksGrounds.TanksGrounds:PersistentLevel.Landscape_1.LandscapeHeightfieldCollisionComponent_110', 1529.999878,1274.999878 vs 1530.000000,1275.000000.
[2019.04.03-21.03.27:749][  0]LogLandscape: Warning: ULandscapeHeightfieldCollisionComponent RelativeLocation disagrees with its section base, attempted automated fix: 'LandscapeHeightfieldCollisionComponent /Game/TanksGrounds.TanksGrounds:PersistentLevel.Landscape_1.LandscapeHeightfieldCollisionComponent_111', 1785.000000,1274.999878 vs 1785.000000,1275.000000.
[2019.04.03-21.03.27:749][  0]LogLandscape: Warning: ULandscapeHeightfieldCollisionComponent RelativeLocation disagrees with its section base, attempted automated fix: 'LandscapeHeightfieldCollisionComponent /Game/TanksGrounds.TanksGrounds:PersistentLevel.Landscape_1.LandscapeHeightfieldCollisionComponent_112', 0.000000,1529.999878 vs 0.000000,1530.000000.
[2019.04.03-21.03.27:749][  0]LogLandscape: Warning: ULandscapeHeightfieldCollisionComponent RelativeLocation disagrees with its section base, attempted automated fix: 'LandscapeHeightfieldCollisionComponent /Game/TanksGrounds.TanksGrounds:PersistentLevel.Landscape_1.LandscapeHeightfieldCollisionComponent_113', 254.999954,1529.999878 vs 255.000000,1530.000000.
[2019.04.03-21.03.27:749][  0]LogLandscape: Warning: ULandscapeHeightfieldCollisionComponent RelativeLocation disagrees with its section base, attempted automated fix: 'LandscapeHeightfieldCollisionComponent /Game/TanksGrounds.TanksGrounds:PersistentLevel.Landscape_1.LandscapeHeightfieldCollisionComponent_114', 509.999969,1529.999878 vs 510.000000,1530.000000.
[2019.04.03-21.03.27:749][  0]LogLandscape: Warning: ULandscapeHeightfieldCollisionComponent RelativeLocation disagrees with its section base, attempted automated fix: 'LandscapeHeightfieldCollisionComponent /Game/TanksGrounds.TanksGrounds:PersistentLevel.Landscape_1.LandscapeHeightfieldCollisionComponent_115', 764.999939,1529.999878 vs 765.000000,1530.000000.
[2019.04.03-21.03.27:749][  0]LogLandscape: Warning: ULandscapeHeightfieldCollisionComponent RelativeLocation disagrees with its section base, attempted automated fix: 'LandscapeHeightfieldCollisionComponent /Game/TanksGrounds.TanksGrounds:PersistentLevel.Landscape_1.LandscapeHeightfieldCollisionComponent_116', 1019.999939,1529.999878 vs 1020.000000,1530.000000.
[2019.04.03-21.03.27:749][  0]LogLandscape: Warning: ULandscapeHeightfieldCollisionComponent RelativeLocation disagrees with its section base, attempted automated fix: 'LandscapeHeightfieldCollisionComponent /Game/TanksGrounds.TanksGrounds:PersistentLevel.Landscape_1.LandscapeHeightfieldCollisionComponent_117', 1274.999878,1529.999878 vs 1275.000000,1530.000000.
[2019.04.03-21.03.27:749][  0]LogLandscape: Warning: ULandscapeHeightfieldCollisionComponent RelativeLocation disagrees with its section base, attempted automated fix: 'LandscapeHeightfieldCollisionComponent /Game/TanksGrounds.TanksGrounds:PersistentLevel.Landscape_1.LandscapeHeightfieldCollisionComponent_118', 1529.999878,1529.999878 vs 1530.000000,1530.000000.
[2019.04.03-21.03.27:749][  0]LogLandscape: Warning: ULandscapeHeightfieldCollisionComponent RelativeLocation disagrees with its section base, attempted automated fix: 'LandscapeHeightfieldCollisionComponent /Game/TanksGrounds.TanksGrounds:PersistentLevel.Landscape_1.LandscapeHeightfieldCollisionComponent_119', 1785.000000,1529.999878 vs 1785.000000,1530.000000.
[2019.04.03-21.03.27:749][  0]LogLandscape: Warning: ULandscapeHeightfieldCollisionComponent RelativeLocation disagrees with its section base, attempted automated fix: 'LandscapeHeightfieldCollisionComponent /Game/TanksGrounds.TanksGrounds:PersistentLevel.Landscape_1.LandscapeHeightfieldCollisionComponent_125', 1274.999878,1785.000000 vs 1275.000000,1785.000000.
[2019.04.03-21.03.27:749][  0]LogLandscape: Warning: ULandscapeHeightfieldCollisionComponent RelativeLocation disagrees with its section base, attempted automated fix: 'LandscapeHeightfieldCollisionComponent /Game/TanksGrounds.TanksGrounds:PersistentLevel.Landscape_1.LandscapeHeightfieldCollisionComponent_126', 1529.999878,1785.000000 vs 1530.000000,1785.000000.
[2019.04.03-21.03.27:749][  0]LogLandscape: Warning: ULandscapeHeightfieldCollisionComponent RelativeLocation disagrees with its section base, attempted automated fix: 'LandscapeHeightfieldCollisionComponent /Game/TanksGrounds.TanksGrounds:PersistentLevel.Landscape_1.LandscapeHeightfieldCollisionComponent_69', 1274.999878,0.000000 vs 1275.000000,0.000000.
[2019.04.03-21.03.27:749][  0]LogLandscape: Warning: ULandscapeHeightfieldCollisionComponent RelativeLocation disagrees with its section base, attempted automated fix: 'LandscapeHeightfieldCollisionComponent /Game/TanksGrounds.TanksGrounds:PersistentLevel.Landscape_1.LandscapeHeightfieldCollisionComponent_70', 1529.999878,0.000000 vs 1530.000000,0.000000.
[2019.04.03-21.03.27:749][  0]LogLandscape: Warning: ULandscapeHeightfieldCollisionComponent RelativeLocation disagrees with its section base, attempted automated fix: 'LandscapeHeightfieldCollisionComponent /Game/TanksGrounds.TanksGrounds:PersistentLevel.Landscape_1.LandscapeHeightfieldCollisionComponent_77', 1274.999878,254.999954 vs 1275.000000,255.000000.
[2019.04.03-21.03.27:749][  0]LogLandscape: Warning: ULandscapeHeightfieldCollisionComponent RelativeLocation disagrees with its section base, attempted automated fix: 'LandscapeHeightfieldCollisionComponent /Game/TanksGrounds.TanksGrounds:PersistentLevel.Landscape_1.LandscapeHeightfieldCollisionComponent_78', 1529.999878,254.999954 vs 1530.000000,255.000000.
[2019.04.03-21.03.27:749][  0]LogLandscape: Warning: ULandscapeHeightfieldCollisionComponent RelativeLocation disagrees with its section base, attempted automated fix: 'LandscapeHeightfieldCollisionComponent /Game/TanksGrounds.TanksGrounds:PersistentLevel.Landscape_1.LandscapeHeightfieldCollisionComponent_85', 1274.999878,509.999969 vs 1275.000000,510.000000.
[2019.04.03-21.03.27:749][  0]LogLandscape: Warning: ULandscapeHeightfieldCollisionComponent RelativeLocation disagrees with its section base, attempted automated fix: 'LandscapeHeightfieldCollisionComponent /Game/TanksGrounds.TanksGrounds:PersistentLevel.Landscape_1.LandscapeHeightfieldCollisionComponent_86', 1529.999878,509.999969 vs 1530.000000,510.000000.
[2019.04.03-21.03.27:749][  0]LogLandscape: Warning: ULandscapeHeightfieldCollisionComponent RelativeLocation disagrees with its section base, attempted automated fix: 'LandscapeHeightfieldCollisionComponent /Game/TanksGrounds.TanksGrounds:PersistentLevel.Landscape_1.LandscapeHeightfieldCollisionComponent_93', 1274.999878,764.999939 vs 1275.000000,765.000000.
[2019.04.03-21.03.27:749][  0]LogLandscape: Warning: ULandscapeHeightfieldCollisionComponent RelativeLocation disagrees with its section base, attempted automated fix: 'LandscapeHeightfieldCollisionComponent /Game/TanksGrounds.TanksGrounds:PersistentLevel.Landscape_1.LandscapeHeightfieldCollisionComponent_94', 1529.999878,764.999939 vs 1530.000000,765.000000.
[2019.04.03-21.03.27:808][  0]LogAIModule: Creating AISystem for world TanksGrounds
[2019.04.03-21.03.31:780][  0]LogEditorServer: Finished looking for orphan Actors (0.000 secs)
[2019.04.03-21.03.31:831][  0]LogUObjectHash: Compacting FUObjectHashTables data took   6.95ms
[2019.04.03-21.03.31:832][  0]Cmd: MAP CHECKDEP NOCLEARLOG
[2019.04.03-21.03.31:832][  0]MapCheck: Map check complete: 0 Error(s), 0 Warning(s), took 0,147ms to complete.
[2019.04.03-21.03.31:832][  0]LogFileHelpers: Loading map 'TanksGrounds' took 4.358
[2019.04.03-21.03.31:988][  0]LogSlate: Updating window title bar state: overlay mode, drag disabled, window buttons hidden, title bar hidden
[2019.04.03-21.03.31:997][  0]LogSlate: Updating window title bar state: overlay mode, drag disabled, window buttons hidden, title bar hidden
[2019.04.03-21.03.32:008][  0]LogSlate: Updating window title bar state: overlay mode, drag disabled, window buttons hidden, title bar hidden
[2019.04.03-21.03.32:016][  0]LogSlate: Updating window title bar state: overlay mode, drag disabled, window buttons hidden, title bar hidden
[2019.04.03-21.03.32:057][  0]LogCollectionManager: Loaded 0 collections in 0.004472 seconds
[2019.04.03-21.03.32:124][  0]LogFileCache: Scanning file cache for directory 'E:/Unreal Proyects/Curso/Seecion04_Battle_tank/TanksGrounds/Saved/Collections/' took 0.01s
[2019.04.03-21.03.32:124][  0]LogFileCache: Scanning file cache for directory 'E:/Unreal Proyects/Curso/Seecion04_Battle_tank/TanksGrounds/Content/Developers/ELGRA/Collections/' took 0.00s
[2019.04.03-21.03.32:124][  0]LogFileCache: Scanning file cache for directory 'E:/Unreal Proyects/Curso/Seecion04_Battle_tank/TanksGrounds/Content/Collections/' took 0.01s
[2019.04.03-21.03.32:124][  0]LogCollectionManager: Rebuilt the GUID cache for 0 collections in 0.000000 seconds
[2019.04.03-21.03.32:134][  0]LogContentBrowser: Native class hierarchy populated in 0.0096 seconds. Added 2733 classes and 661 folders.
[2019.04.03-21.03.32:194][  0]LogContentBrowser: Native class hierarchy updated for 'WidgetCarousel' in 0.0004 seconds. Added 0 classes and 0 folders.
[2019.04.03-21.03.32:210][  0]LogPakFile: Registered encryption key '00000000000000000000000000000000': 0 pak files mounted, 0 remain pending
[2019.04.03-21.03.32:271][  0]LogPakFile: Registered encryption key '00000000000000000000000000000000': 0 pak files mounted, 0 remain pending
[2019.04.03-21.03.32:339][  0]LogPakFile: Registered encryption key '00000000000000000000000000000000': 0 pak files mounted, 0 remain pending
[2019.04.03-21.03.32:378][  0]LogPakFile: Registered encryption key '00000000000000000000000000000000': 0 pak files mounted, 0 remain pending
[2019.04.03-21.03.32:399][  0]LogPakFile: Registered encryption key '00000000000000000000000000000000': 0 pak files mounted, 0 remain pending
[2019.04.03-21.03.32:419][  0]LogPakFile: Registered encryption key '00000000000000000000000000000000': 0 pak files mounted, 0 remain pending
[2019.04.03-21.03.32:456][  0]LogPakFile: Registered encryption key '00000000000000000000000000000000': 0 pak files mounted, 0 remain pending
[2019.04.03-21.03.32:496][  0]LogPakFile: Registered encryption key '00000000000000000000000000000000': 0 pak files mounted, 0 remain pending
[2019.04.03-21.03.32:519][  0]LogPakFile: Registered encryption key '00000000000000000000000000000000': 0 pak files mounted, 0 remain pending
[2019.04.03-21.03.32:560][  0]LogPakFile: Registered encryption key '00000000000000000000000000000000': 0 pak files mounted, 0 remain pending
[2019.04.03-21.03.32:590][  0]LogPakFile: Registered encryption key '00000000000000000000000000000000': 0 pak files mounted, 0 remain pending
[2019.04.03-21.03.32:610][  0]LogPakFile: Registered encryption key '00000000000000000000000000000000': 0 pak files mounted, 0 remain pending
[2019.04.03-21.03.32:632][  0]LogPakFile: Registered encryption key '00000000000000000000000000000000': 0 pak files mounted, 0 remain pending
[2019.04.03-21.03.32:650][  0]LogPakFile: Registered encryption key '00000000000000000000000000000000': 0 pak files mounted, 0 remain pending
[2019.04.03-21.03.32:674][  0]LogPakFile: Registered encryption key '00000000000000000000000000000000': 0 pak files mounted, 0 remain pending
[2019.04.03-21.03.32:688][  0]LogPakFile: Registered encryption key '00000000000000000000000000000000': 0 pak files mounted, 0 remain pending
[2019.04.03-21.03.32:730][  0]LogPakFile: Registered encryption key '00000000000000000000000000000000': 0 pak files mounted, 0 remain pending
[2019.04.03-21.03.32:769][  0]LogPakFile: Registered encryption key '00000000000000000000000000000000': 0 pak files mounted, 0 remain pending
[2019.04.03-21.03.32:786][  0]LogPakFile: Registered encryption key '00000000000000000000000000000000': 0 pak files mounted, 0 remain pending
[2019.04.03-21.03.32:798][  0]LogPakFile: Registered encryption key '00000000000000000000000000000000': 0 pak files mounted, 0 remain pending
[2019.04.03-21.03.32:820][  0]LogPakFile: Registered encryption key '00000000000000000000000000000000': 0 pak files mounted, 0 remain pending
[2019.04.03-21.03.32:837][  0]LogPakFile: Registered encryption key '00000000000000000000000000000000': 0 pak files mounted, 0 remain pending
[2019.04.03-21.03.32:881][  0]LogPakFile: Registered encryption key '00000000000000000000000000000000': 0 pak files mounted, 0 remain pending
[2019.04.03-21.03.32:903][  0]LogPakFile: Registered encryption key '00000000000000000000000000000000': 0 pak files mounted, 0 remain pending
[2019.04.03-21.03.32:932][  0]LogPakFile: Registered encryption key '00000000000000000000000000000000': 0 pak files mounted, 0 remain pending
[2019.04.03-21.03.32:949][  0]LogPakFile: Registered encryption key '00000000000000000000000000000000': 0 pak files mounted, 0 remain pending
[2019.04.03-21.03.34:511][  0]LogContentBrowser: Native class hierarchy updated for 'AddContentDialog' in 0.0004 seconds. Added 0 classes and 0 folders.
[2019.04.03-21.03.34:553][  0]LogContentBrowser: Native class hierarchy updated for 'SceneOutliner' in 0.0004 seconds. Added 1 classes and 2 folders.
[2019.04.03-21.03.34:640][  0]LogSlate: Took 0.017769 seconds to synchronously load lazily loaded font '../../../Engine/Content/Slate/Fonts/Roboto-Bold.ttf' (160K)
[2019.04.03-21.03.34:711][  0]LogSlate: Took 0.069189 seconds to synchronously load lazily loaded font '../../../Engine/Content/Editor/Slate/Fonts/FontAwesome.ttf' (139K)
[2019.04.03-21.03.34:772][  0]LogRenderer: Reallocating scene render targets to support 1532x688 Format 10 NumSamples 1 (Frame:1).
[2019.04.03-21.03.34:874][  0]LogSlate: Took 0.033214 seconds to synchronously load lazily loaded font '../../../Engine/Content/Slate/Fonts/Roboto-Light.ttf' (167K)
[2019.04.03-21.03.35:045][  0]LogContentBrowser: Native class hierarchy updated for 'HierarchicalLODOutliner' in 0.0004 seconds. Added 0 classes and 0 folders.
[2019.04.03-21.03.35:045][  0]LogLoad: (Engine Initialization) Total time: 99.29 seconds
[2019.04.03-21.03.35:045][  0]LogLoad: (Engine Initialization) Total Blueprint compile time: 0.00 seconds
[2019.04.03-21.03.35:056][  0]LogSlate: FSceneViewport::OnFocusLost() reason 0
[2019.04.03-21.03.35:079][  0]LogAssetRegistry: Asset discovery search completed in 49.9588 seconds
[2019.04.03-21.03.35:082][  0]LogCollectionManager: Rebuilt the object cache for 0 collections in 0.000001 seconds (found 0 objects)
[2019.04.03-21.03.35:082][  0]LogCollectionManager: Fixed up redirectors for 0 collections in 0.000047 seconds (updated 0 objects)
[2019.04.03-21.03.35:083][  0]LogContentStreaming: Texture pool size now 1000 MB
[2019.04.03-21.03.36:084][104]LogSlate: Took 0.000207 seconds to synchronously load lazily loaded font '../../../Engine/Content/Slate/Fonts/Roboto-Light.ttf' (167K)
[2019.04.03-21.03.42:674][883]LogSlate: FSceneViewport::OnFocusLost() reason 0
[2019.04.03-21.03.47:633][468]LogAssetEditorManager: Opening Asset editor for Material /Game/LandScape.LandScape
[2019.04.03-21.03.47:637][468]LogMaterial: Display: Missing cached shader map for material LandScape, compiling. 
[2019.04.03-21.03.48:245][468]LogMaterial: Display: Missing cached shader map for material LandScape, compiling. 
[2019.04.03-21.03.48:262][468]LogMaterial: Display: Missing cached shader map for material LandScape, compiling. 
[2019.04.03-21.03.48:389][468]LogSlate: Took 0.034362 seconds to synchronously load lazily loaded font '../../../Engine/Content/Slate/Fonts/Roboto-BoldCondensed.ttf' (158K)
[2019.04.03-21.03.52:943][976]LogMaterial: Display: Missing cached shader map for material LandScape, compiling. 
[2019.04.03-21.03.52:959][976]LogMaterial: Display: Missing cached shader map for material LandScape, compiling. 
[2019.04.03-21.03.53:782][ 67]LogMaterial: Display: Missing cached shader map for material LandScape, compiling. 
[2019.04.03-21.03.53:798][ 67]LogMaterial: Display: Missing cached shader map for material LandScape, compiling. 
[2019.04.03-21.04.03:256][101]LogMaterial: Display: Missing cached shader map for material LandScape, compiling. 
[2019.04.03-21.04.03:272][101]LogMaterial: Display: Missing cached shader map for material LandScape, compiling. 
[2019.04.03-21.04.09:488][791]LogMaterial: Display: Missing cached shader map for material LandScape, compiling. 
[2019.04.03-21.04.09:504][791]LogMaterial: Display: Missing cached shader map for material LandScape, compiling. 
[2019.04.03-21.04.13:159][207]LogMaterial: Display: Missing cached shader map for material LandScape, compiling. 
[2019.04.03-21.04.13:174][207]LogMaterial: Display: Missing cached shader map for material FMatExpressionPreview MaterialExpressionVectorParameter_0, compiling. 
[2019.04.03-21.04.13:208][208]LogSlate: Took 0.000310 seconds to synchronously load lazily loaded font '../../../Engine/Content/Slate/Fonts/Roboto-Italic.ttf' (157K)
[2019.04.03-21.04.16:352][561]LogMaterial: Display: Missing cached shader map for material LandScape, compiling. 
[2019.04.03-21.04.16:372][561]LogMaterial: Display: Missing cached shader map for material FMatExpressionPreview MaterialExpressionVectorParameter_0, compiling. 
[2019.04.03-21.04.21:310][ 85]LogMaterial: Display: Missing cached shader map for material LandScape, compiling. 
[2019.04.03-21.04.21:326][ 85]LogMaterial: Display: Missing cached shader map for material FMatExpressionPreview MaterialExpressionVectorParameter_1, compiling. 
[2019.04.03-21.04.24:747][450]LogMaterial: Display: Missing cached shader map for material LandScape, compiling. 
[2019.04.03-21.04.24:769][450]LogMaterial: Display: Missing cached shader map for material FMatExpressionPreview MaterialExpressionVectorParameter_1, compiling. 
[2019.04.03-21.04.29:006][892]LogMaterial: Display: Missing cached shader map for material LandScape, compiling. 
[2019.04.03-21.04.29:028][892]LogMaterial: Display: Missing cached shader map for material FMatExpressionPreview MaterialExpressionVectorParameter_0, compiling. 
[2019.04.03-21.04.30:779][ 79]LogMaterial: Display: Missing cached shader map for material LandScape, compiling. 
[2019.04.03-21.04.30:802][ 79]LogMaterial: Display: Missing cached shader map for material FMatExpressionPreview MaterialExpressionVectorParameter_0, compiling. 
[2019.04.03-21.04.32:504][239]LogMaterial: Display: Missing cached shader map for material LandScape, compiling. 
[2019.04.03-21.04.32:522][239]LogMaterial: Display: Missing cached shader map for material FMatExpressionPreview MaterialExpressionVectorParameter_0, compiling. 
[2019.04.03-21.04.32:550][239]LogSlate: Window 'Color Picker' being destroyed
[2019.04.03-21.04.35:609][559]LogMaterial: Display: Missing cached shader map for material LandScape, compiling. 
[2019.04.03-21.04.35:631][559]LogMaterial: Display: Missing cached shader map for material FMatExpressionPreview MaterialExpressionVectorParameter_1, compiling. 
[2019.04.03-21.04.37:034][700]LogMaterial: Display: Missing cached shader map for material LandScape, compiling. 
[2019.04.03-21.04.37:055][700]LogMaterial: Display: Missing cached shader map for material FMatExpressionPreview MaterialExpressionVectorParameter_1, compiling. 
[2019.04.03-21.04.39:048][906]LogMaterial: Display: Missing cached shader map for material LandScape, compiling. 
[2019.04.03-21.04.39:068][906]LogMaterial: Display: Missing cached shader map for material FMatExpressionPreview MaterialExpressionVectorParameter_1, compiling. 
[2019.04.03-21.04.39:096][906]LogSlate: Window 'Color Picker' being destroyed
[2019.04.03-21.05.57:118][857]MaterialEditorStats: Base pass shader: 107 instructions
[2019.04.03-21.05.57:118][857]MaterialEditorStats: Base pass shader with Volumetric Lightmap: 181 instructions
[2019.04.03-21.05.57:118][857]MaterialEditorStats: Base pass vertex shader: 41 instructions
[2019.04.03-21.05.57:118][857]MaterialEditorStats: Texture samplers: 3/16
[2019.04.03-21.06.02:905][918]LogMaterialEditor: Saving and Compiling material LandScape
[2019.04.03-21.06.03:351][918]LogMaterial: Display: Missing cached shader map for material LandScape, compiling. 
[2019.04.03-21.06.03:416][918]LogMaterial: Display: Missing cached shader map for material LandScape, compiling. 
[2019.04.03-21.06.03:544][918]LogMaterial: Display: Missing cached shader map for material LandScape, compiling. 
[2019.04.03-21.06.03:630][918]LogUObjectHash: Compacting FUObjectHashTables data took   1.43ms
[2019.04.03-21.06.03:640][918]LogMaterial: Display: Missing cached shader map for material DebugViewMode MaterialTexCoordScale, compiling. 
[2019.04.03-21.06.17:808][918]TextureStreamingBuild: Display: Compiling optional shaders took 14.177 seconds.
[2019.04.03-21.06.17:832][918]LogUObjectHash: Compacting FUObjectHashTables data took   0.61ms
[2019.04.03-21.06.17:909][918]Cmd: OBJ SAVEPACKAGE PACKAGE="/Game/LandScape" FILE="E:/Unreal Proyects/Curso/Seecion04_Battle_tank/TanksGrounds/Content/LandScape.uasset" SILENT=true
[2019.04.03-21.06.17:934][918]LogSavePackage: Moving 'E:/Unreal Proyects/Curso/Seecion04_Battle_tank/TanksGrounds/Saved/LandScape3BC741214259428B3EECADAFECB12217.tmp' to 'E:/Unreal Proyects/Curso/Seecion04_Battle_tank/TanksGrounds/Content/LandScape.uasset'
[2019.04.03-21.06.20:213][139]LogSlate: Window 'LandScape' being destroyed
[2019.04.03-21.06.20:216][139]LogSlate: Window 'LandScape' being destroyed
[2019.04.03-21.06.30:311][336]LogTexture: Display: Building textures: Texture2D_2 (G8, 128X128)
[2019.04.03-21.06.34:200][759]LogSlate: FSceneViewport::OnFocusLost() reason 0
[2019.04.03-21.07.11:176][ 66]LogMaterial: Display: Missing cached shader map for material LandScape, compiling. 
[2019.04.03-21.07.11:213][ 66]LogMaterial: Warning: Material /Game/LandScape.LandScape needed to have new flag set bUsedWithStaticLighting !
[2019.04.03-21.07.11:233][ 66]LogMaterial: Display: Missing cached shader map for material LandScape, compiling. 
[2019.04.03-21.07.11:275][ 66]LogMaterial: Display: Missing cached shader map for material LandScape, compiling. 
[2019.04.03-21.07.11:375][ 66]LogMaterial: Display: Missing cached shader map for material LandScape, compiling. 
[2019.04.03-21.07.11:387][ 66]LogMaterial: Display: Missing cached shader map for material LandScape, compiling. 
[2019.04.03-21.07.11:432][ 66]LogMaterial: Display: Missing cached shader map for material LandScape, compiling. 
[2019.04.03-21.07.38:073][387]LogSlate: FSceneViewport::OnFocusLost() reason 0
[2019.04.03-21.08.53:859][864]LogSlate: Window 'Create New Landscape Layer Info Object' being destroyed
[2019.04.03-21.08.53:905][864]LogTexture: Display: Building textures: Texture2D_0 (BGRA8, 256X256)
[2019.04.03-21.08.53:968][864]LogMaterial: Display: Missing cached shader map for material LandScape, compiling. 
[2019.04.03-21.08.54:064][864]LogTexture: Display: Building textures: Texture2D_21 (BGRA8, 256X256)
[2019.04.03-21.08.54:137][864]LogTexture: Display: Building textures: Texture2D_22 (BGRA8, 256X256)
[2019.04.03-21.08.54:193][864]LogTexture: Display: Building textures: Texture2D_23 (BGRA8, 256X256)
[2019.04.03-21.08.54:277][864]LogTexture: Display: Building textures: Texture2D_24 (BGRA8, 256X256)
[2019.04.03-21.08.54:357][864]LogTexture: Display: Building textures: Texture2D_25 (BGRA8, 256X256)
[2019.04.03-21.08.54:441][864]LogTexture: Display: Building textures: Texture2D_26 (BGRA8, 256X256)
[2019.04.03-21.08.54:509][864]LogTexture: Display: Building textures: Texture2D_27 (BGRA8, 256X256)
[2019.04.03-21.08.54:574][864]LogTexture: Display: Building textures: Texture2D_28 (BGRA8, 256X256)
[2019.04.03-21.08.54:649][864]LogTexture: Display: Building textures: Texture2D_29 (BGRA8, 256X256)
[2019.04.03-21.08.54:725][864]LogTexture: Display: Building textures: Texture2D_30 (BGRA8, 256X256)
[2019.04.03-21.08.54:791][864]LogTexture: Display: Building textures: Texture2D_31 (BGRA8, 256X256)
[2019.04.03-21.08.54:859][864]LogTexture: Display: Building textures: Texture2D_32 (BGRA8, 256X256)
[2019.04.03-21.08.54:922][864]LogTexture: Display: Building textures: Texture2D_33 (BGRA8, 256X256)
[2019.04.03-21.08.54:988][864]LogTexture: Display: Building textures: Texture2D_34 (BGRA8, 256X256)
[2019.04.03-21.08.55:045][864]LogTexture: Display: Building textures: Texture2D_35 (BGRA8, 256X256)
[2019.04.03-21.09.02:613][291]LogSlate: Window 'Create New Landscape Layer Info Object' being destroyed
[2019.04.03-21.09.36:335][551]LogTexture: Display: Building textures: Texture2D_36 (BGRA8, 256X256)
[2019.04.03-21.09.36:396][551]LogMaterial: Display: Missing cached shader map for material LandScape, compiling. 
[2019.04.03-21.09.37:734][647]LogSlate: FSceneViewport::OnFocusLost() reason 0
[2019.04.03-21.09.56:096][270]LogEditorViewport: Clicking on Actor (context menu): Landscape (Landscape1)
[2019.04.03-21.09.56:143][270]LogSlate: FSceneViewport::OnFocusLost() reason 2
[2019.04.03-21.10.02:324][710]LogSlate: FSceneViewport::OnFocusLost() reason 0
[2019.04.03-21.10.08:361][160]LogSlate: FSceneViewport::OnFocusLost() reason 0
[2019.04.03-21.10.09:701][284]LogTexture: Display: Building textures: Texture2D_37 (BGRA8, 256X256)
[2019.04.03-21.10.09:787][284]LogTexture: Display: Building textures: Texture2D_38 (BGRA8, 256X256)
[2019.04.03-21.10.11:970][472]LogSlate: FSceneViewport::OnFocusLost() reason 0
[2019.04.03-21.10.21:175][196]LogSlate: FSceneViewport::OnFocusLost() reason 2
[2019.04.03-21.10.23:028][347]LogTexture: Display: Building textures: Texture2D_39 (BGRA8, 256X256)
[2019.04.03-21.10.26:502][551]LogSlate: FSceneViewport::OnFocusLost() reason 0
[2019.04.03-21.10.34:688][193]LogTexture: Display: Building textures: Texture2D_40 (BGRA8, 256X256)
[2019.04.03-21.10.36:598][243]LogSlate: FSceneViewport::OnFocusLost() reason 2
[2019.04.03-21.10.45:061][618]LogSlate: FSceneViewport::OnFocusLost() reason 0
[2019.04.03-21.10.50:617][903]LogSlate: FSceneViewport::OnFocusLost() reason 0
[2019.04.03-21.10.54:245][123]LogTexture: Display: Building textures: Texture2D_41 (BGRA8, 256X256)
[2019.04.03-21.10.55:591][173]LogTexture: Display: Building textures: Texture2D_42 (BGRA8, 256X256)
[2019.04.03-21.10.58:257][244]LogTexture: Display: Building textures: Texture2D_43 (BGRA8, 256X256)
[2019.04.03-21.11.03:630][472]LogSlate: FSceneViewport::OnFocusLost() reason 0
[2019.04.03-21.11.15:027][243]LogSlate: FSceneViewport::OnFocusLost() reason 2
[2019.04.03-21.11.17:374][475]LogTexture: Display: Building textures: Texture2D_44 (BGRA8, 256X256)
[2019.04.03-21.11.23:563][777]LogSlate: FSceneViewport::OnFocusLost() reason 0
[2019.04.03-21.11.31:350][249]LogTexture: Display: Building textures: Texture2D_45 (BGRA8, 256X256)
[2019.04.03-21.11.37:069][388]LogTexture: Display: Building textures: Texture2D_46 (BGRA8, 256X256)
[2019.04.03-21.11.49:822][740]LogEditorViewport: Clicking on Actor (context menu): Landscape (Landscape1)
[2019.04.03-21.11.49:878][740]LogSlate: FSceneViewport::OnFocusLost() reason 2
[2019.04.03-21.11.54:245][141]LogTexture: Display: Building textures: Texture2D_47 (BGRA8, 256X256)
[2019.04.03-21.11.56:174][175]LogTexture: Display: Building textures: Texture2D_48 (BGRA8, 256X256)
[2019.04.03-21.12.01:107][306]LogTexture: Display: Building textures: Texture2D_49 (BGRA8, 256X256)
[2019.04.03-21.12.05:440][388]LogTexture: Display: Building textures: Texture2D_50 (BGRA8, 256X256)
[2019.04.03-21.12.14:027][481]LogEditorViewport: Clicking on Actor (context menu): BP_Sky_Sphere_C (Sky Sphere)
[2019.04.03-21.12.14:098][481]LogSlate: FSceneViewport::OnFocusLost() reason 2
[2019.04.03-21.12.34:910][114]LogSlate: FSceneViewport::OnFocusLost() reason 0
[2019.04.03-21.12.35:029][126]Cmd: OBJ SAVEPACKAGE PACKAGE="/Game/TanksGrounds" FILE="E:/Unreal Proyects/Curso/Seecion04_Battle_tank/TanksGrounds/Content/TanksGrounds.umap" SILENT=true AUTOSAVING=false KEEPDIRTY=false
[2019.04.03-21.12.35:071][126]LogUObjectHash: Compacting FUObjectHashTables data took   2.08ms
[2019.04.03-21.12.35:329][126]LogTexture: Display: Building textures: Texture2D_0 (BGRA8, 256X256)
[2019.04.03-21.12.35:331][126]LogTexture: Display: Building textures: Texture2D_47 (BGRA8, 256X256)
[2019.04.03-21.12.35:333][126]LogTexture: Display: Building textures: Texture2D_25 (BGRA8, 256X256)
[2019.04.03-21.12.35:336][126]LogTexture: Display: Building textures: Texture2D_46 (BGRA8, 256X256)
[2019.04.03-21.12.35:339][126]LogTexture: Display: Building textures: Texture2D_31 (BGRA8, 256X256)
[2019.04.03-21.12.35:341][126]LogTexture: Display: Building textures: Texture2D_34 (BGRA8, 256X256)
[2019.04.03-21.12.35:343][126]LogTexture: Display: Building textures: Texture2D_35 (BGRA8, 256X256)
[2019.04.03-21.12.35:345][126]LogTexture: Display: Building textures: Texture2D_48 (BGRA8, 256X256)
[2019.04.03-21.12.35:347][126]LogTexture: Display: Building textures: Texture2D_21 (BGRA8, 256X256)
[2019.04.03-21.12.35:349][126]LogTexture: Display: Building textures: Texture2D_45 (BGRA8, 256X256)
[2019.04.03-21.12.35:351][126]LogTexture: Display: Building textures: Texture2D_22 (BGRA8, 256X256)
[2019.04.03-21.12.35:353][126]LogTexture: Display: Building textures: Texture2D_36 (BGRA8, 256X256)
[2019.04.03-21.12.35:365][126]LogTexture: Display: Building textures: Texture2D_40 (BGRA8, 256X256)
[2019.04.03-21.12.35:372][126]LogTexture: Display: Building textures: Texture2D_23 (BGRA8, 256X256)
[2019.04.03-21.12.35:374][126]LogTexture: Display: Building textures: Texture2D_24 (BGRA8, 256X256)
[2019.04.03-21.12.35:376][126]LogTexture: Display: Building textures: Texture2D_49 (BGRA8, 256X256)
[2019.04.03-21.12.35:379][126]LogTexture: Display: Building textures: Texture2D_39 (BGRA8, 256X256)
[2019.04.03-21.12.35:381][126]LogTexture: Display: Building textures: Texture2D_26 (BGRA8, 256X256)
[2019.04.03-21.12.35:383][126]LogTexture: Display: Building textures: Texture2D_44 (BGRA8, 256X256)
[2019.04.03-21.12.35:384][126]LogTexture: Display: Building textures: Texture2D_27 (BGRA8, 256X256)
[2019.04.03-21.12.35:386][126]LogTexture: Display: Building textures: Texture2D_28 (BGRA8, 256X256)
[2019.04.03-21.12.35:390][126]LogTexture: Display: Building textures: Texture2D_50 (BGRA8, 256X256)
[2019.04.03-21.12.35:392][126]LogTexture: Display: Building textures: Texture2D_29 (BGRA8, 256X256)
[2019.04.03-21.12.35:394][126]LogTexture: Display: Building textures: Texture2D_42 (BGRA8, 256X256)
[2019.04.03-21.12.35:396][126]LogTexture: Display: Building textures: Texture2D_30 (BGRA8, 256X256)
[2019.04.03-21.12.35:398][126]LogTexture: Display: Building textures: Texture2D_43 (BGRA8, 256X256)
[2019.04.03-21.12.35:401][126]LogTexture: Display: Building textures: Texture2D_37 (BGRA8, 256X256)
[2019.04.03-21.12.35:405][126]LogTexture: Display: Building textures: Texture2D_32 (BGRA8, 256X256)
[2019.04.03-21.12.35:407][126]LogTexture: Display: Building textures: Texture2D_33 (BGRA8, 256X256)
[2019.04.03-21.12.35:409][126]LogTexture: Display: Building textures: Texture2D_41 (BGRA8, 256X256)
[2019.04.03-21.12.35:411][126]LogTexture: Display: Building textures: Texture2D_38 (BGRA8, 256X256)
[2019.04.03-21.12.36:475][126]LogSavePackage: Moving 'E:/Unreal Proyects/Curso/Seecion04_Battle_tank/TanksGrounds/Saved/TanksGroundsA9B7C5EC4AAC48F55FAA8C9B73C04AAC.tmp' to 'E:/Unreal Proyects/Curso/Seecion04_Battle_tank/TanksGrounds/Content/TanksGrounds.umap'
[2019.04.03-21.12.36:517][126]Cmd: OBJ SAVEPACKAGE PACKAGE="/Game/TanksGrounds_BuiltData" FILE="E:/Unreal Proyects/Curso/Seecion04_Battle_tank/TanksGrounds/Content/TanksGrounds_BuiltData.uasset" SILENT=true
[2019.04.03-21.12.39:160][126]LogSavePackage: Moving 'E:/Unreal Proyects/Curso/Seecion04_Battle_tank/TanksGrounds/Saved/TanksGrounds_BuiltData2D9B94B24383D2CD3D1210BCE1C4D8C1.tmp' to 'E:/Unreal Proyects/Curso/Seecion04_Battle_tank/TanksGrounds/Content/TanksGrounds_BuiltData.uasset'
[2019.04.03-21.12.49:761][975]LogSlate: FSceneViewport::OnFocusLost() reason 0
[2019.04.03-21.12.49:880][989]LogTemp: Repeating last play command: Selected Viewport
[2019.04.03-21.12.49:895][989]LogBlueprintUserMessages: Early PlayInEditor Detection: Level '/Game/TanksGrounds.TanksGrounds:PersistentLevel' has LevelScriptBlueprint '/Game/TanksGrounds.TanksGrounds:PersistentLevel.TanksGrounds' with GeneratedClass '/Game/TanksGrounds.TanksGrounds_C' with ClassGeneratedBy '/Game/TanksGrounds.TanksGrounds:PersistentLevel.TanksGrounds'
[2019.04.03-21.12.49:895][989]LogPlayLevel: PlayLevel: No blueprints needed recompiling
[2019.04.03-21.12.49:895][989]PIE: New page: PIE session: TanksGrounds (3/04/2019 11:12:49 a. m.)
[2019.04.03-21.12.49:908][989]LogPlayLevel: Creating play world package: /Game/UEDPIE_0_TanksGrounds
[2019.04.03-21.12.50:025][989]LogPlayLevel: PIE: StaticDuplicateObject took: (0.117347s)
[2019.04.03-21.12.50:026][989]LogAIModule: Creating AISystem for world TanksGrounds
[2019.04.03-21.12.50:026][989]LogPlayLevel: PIE: World Init took: (0.000696s)
[2019.04.03-21.12.50:026][989]LogPlayLevel: PIE: Created PIE world by copying editor world from /Game/TanksGrounds.TanksGrounds to /Game/UEDPIE_0_TanksGrounds.TanksGrounds (0.118340s)
[2019.04.03-21.12.50:061][989]LogUObjectHash: Compacting FUObjectHashTables data took   2.17ms
[2019.04.03-21.12.50:079][989]LogInit: XAudio2 using 'Altavoces (Realtek High Definition Audio)' : 2 channels at 48 kHz using 32 bits per sample (channel mask 0x3)
[2019.04.03-21.12.50:106][989]LogInit: FAudioDevice initialized.
[2019.04.03-21.12.50:145][989]LogLoad: Game class is 'GameModeBase'
[2019.04.03-21.12.50:148][989]LogWorld: Bringing World /Game/UEDPIE_0_TanksGrounds.TanksGrounds up for play (max tick rate 0) at 2019.04.03-16.12.50
[2019.04.03-21.12.50:149][989]LogWorld: Bringing up level for play took: 0.002628
[2019.04.03-21.12.50:173][989]LogContentBrowser: Native class hierarchy updated for 'MovieSceneCapture' in 0.0005 seconds. Added 20 classes and 0 folders.
[2019.04.03-21.12.50:174][989]PIE: Play in editor start time for /Game/UEDPIE_0_TanksGrounds -0,71
[2019.04.03-21.12.50:174][989]LogBlueprintUserMessages: Late PlayInEditor Detection: Level '/Game/TanksGrounds.TanksGrounds:PersistentLevel' has LevelScriptBlueprint '/Game/TanksGrounds.TanksGrounds:PersistentLevel.TanksGrounds' with GeneratedClass '/Game/TanksGrounds.TanksGrounds_C' with ClassGeneratedBy '/Game/TanksGrounds.TanksGrounds:PersistentLevel.TanksGrounds'
[2019.04.03-21.13.01:742][278]LogBlueprintUserMessages: Early EndPlayMap Detection: Level '/Game/TanksGrounds.TanksGrounds:PersistentLevel' has LevelScriptBlueprint '/Game/TanksGrounds.TanksGrounds:PersistentLevel.TanksGrounds' with GeneratedClass '/Game/TanksGrounds.TanksGrounds_C' with ClassGeneratedBy '/Game/TanksGrounds.TanksGrounds:PersistentLevel.TanksGrounds'
[2019.04.03-21.13.01:743][278]LogSlate: Updating window title bar state: overlay mode, drag disabled, window buttons hidden, title bar hidden
[2019.04.03-21.13.01:779][278]LogPlayLevel: Display: Shutting down PIE online subsystems
[2019.04.03-21.13.01:779][278]LogBlueprintUserMessages: Late EndPlayMap Detection: Level '/Game/TanksGrounds.TanksGrounds:PersistentLevel' has LevelScriptBlueprint '/Game/TanksGrounds.TanksGrounds:PersistentLevel.TanksGrounds' with GeneratedClass '/Game/TanksGrounds.TanksGrounds_C' with ClassGeneratedBy '/Game/TanksGrounds.TanksGrounds:PersistentLevel.TanksGrounds'
[2019.04.03-21.13.01:809][278]LogSlate: Updating window title bar state: overlay mode, drag disabled, window buttons hidden, title bar hidden
[2019.04.03-21.13.01:813][278]LogUObjectHash: Compacting FUObjectHashTables data took   1.78ms
[2019.04.03-21.13.01:850][280]LogPlayLevel: Display: Destroying online subsystem :Context_3
[2019.04.03-21.13.14:590][389]LogSlate: FSceneViewport::OnFocusLost() reason 0
[2019.04.03-21.13.59:346][256]Cmd: OBJ SAVEPACKAGE PACKAGE="/Game/TanksGrounds" FILE="E:/Unreal Proyects/Curso/Seecion04_Battle_tank/TanksGrounds/Content/TanksGrounds.umap" SILENT=true AUTOSAVING=false KEEPDIRTY=false
[2019.04.03-21.13.59:378][256]LogUObjectHash: Compacting FUObjectHashTables data took   1.21ms
[2019.04.03-21.14.00:175][256]LogSavePackage: Moving 'E:/Unreal Proyects/Curso/Seecion04_Battle_tank/TanksGrounds/Saved/TanksGrounds76E2C54844D2BA28D2D9079E5675475B.tmp' to 'E:/Unreal Proyects/Curso/Seecion04_Battle_tank/TanksGrounds/Content/TanksGrounds.umap'
[2019.04.03-21.14.00:227][256]Cmd: OBJ SAVEPACKAGE PACKAGE="/Game/TanksGrounds_BuiltData" FILE="E:/Unreal Proyects/Curso/Seecion04_Battle_tank/TanksGrounds/Content/TanksGrounds_BuiltData.uasset" SILENT=true
[2019.04.03-21.14.02:179][256]LogSavePackage: Moving 'E:/Unreal Proyects/Curso/Seecion04_Battle_tank/TanksGrounds/Saved/TanksGrounds_BuiltDataD1B8623D4C89108BB90AFE93C872F948.tmp' to 'E:/Unreal Proyects/Curso/Seecion04_Battle_tank/TanksGrounds/Content/TanksGrounds_BuiltData.uasset'
